[0.041s] Invoking command in '/home/robofei/Desktop/visao_ws/build/custom_interfaces': CMAKE_PREFIX_PATH=/home/robofei/Desktop/visao_ws/install/vision_test:/opt/ros/foxy /usr/bin/cmake /home/robofei/Desktop/visao_ws/custom_interfaces -DAMENT_CMAKE_SYMLINK_INSTALL=1 -DCMAKE_INSTALL_PREFIX=/home/robofei/Desktop/visao_ws/install/custom_interfaces
[2.904s] -- The C compiler identification is GNU 9.4.0
[4.483s] -- The CXX compiler identification is GNU 9.4.0
[4.615s] -- Check for working C compiler: /usr/bin/cc
[4.793s] -- Check for working C compiler: /usr/bin/cc -- works
[4.877s] -- Detecting C compiler ABI info
[5.107s] -- Detecting C compiler ABI info - done
[5.134s] -- Detecting C compile features
[5.149s] -- Detecting C compile features - done
[5.158s] -- Check for working CXX compiler: /usr/bin/c++
[5.272s] -- Check for working CXX compiler: /usr/bin/c++ -- works
[5.275s] -- Detecting CXX compiler ABI info
[5.428s] -- Detecting CXX compiler ABI info - done
[5.450s] -- Detecting CXX compile features
[5.451s] -- Detecting CXX compile features - done
[5.614s] -- Found ament_cmake: 0.9.9 (/opt/ros/foxy/share/ament_cmake/cmake)
[5.705s] -- Found PythonInterp: /usr/bin/python3 (found suitable version "3.8.10", minimum required is "3") 
[5.705s] -- Using PYTHON_EXECUTABLE: /usr/bin/python3
[6.026s] -- Override CMake install command with custom implementation using symlinks instead of copying resources
[6.216s] -- Found builtin_interfaces: 1.0.0 (/opt/ros/foxy/share/builtin_interfaces/cmake)
[6.732s] -- Using all available rosidl_typesupport_c: rosidl_typesupport_fastrtps_c;rosidl_typesupport_introspection_c
[6.925s] -- Found rosidl_adapter: 1.2.1 (/opt/ros/foxy/share/rosidl_adapter/cmake)
[7.937s] -- Found OpenSSL: /usr/lib/x86_64-linux-gnu/libcrypto.so (found version "1.1.1f")  
[8.067s] -- Found FastRTPS: /opt/ros/foxy/include  
[8.416s] -- Using all available rosidl_typesupport_cpp: rosidl_typesupport_fastrtps_cpp;rosidl_typesupport_introspection_cpp
[8.557s] -- Found rosidl_default_generators: 1.0.1 (/opt/ros/foxy/share/rosidl_default_generators/cmake)
[8.695s] -- Found std_msgs: 2.0.5 (/opt/ros/foxy/share/std_msgs/cmake)
[8.762s] -- Found PythonInterp: /usr/bin/python3 (found version "3.8.10") 
[9.253s] -- Found ament_cmake_ros: 0.9.2 (/opt/ros/foxy/share/ament_cmake_ros/cmake)
[9.678s] -- Using all available rosidl_typesupport_c: rosidl_typesupport_fastrtps_c;rosidl_typesupport_introspection_c
[9.878s] -- Using all available rosidl_typesupport_cpp: rosidl_typesupport_fastrtps_cpp;rosidl_typesupport_introspection_cpp
[9.955s] -- Found PythonInterp: /usr/bin/python3 (found suitable version "3.8.10", minimum required is "3.5") 
[10.371s] -- Found python_cmake_module: 0.8.1 (/opt/ros/foxy/share/python_cmake_module/cmake)
[10.615s] -- Found PythonLibs: /usr/lib/x86_64-linux-gnu/libpython3.8.so (found suitable version "3.8.10", minimum required is "3.5") 
[10.617s] -- Using PYTHON_EXECUTABLE: /usr/bin/python3
[10.618s] -- Using PYTHON_INCLUDE_DIRS: /usr/include/python3.8
[10.619s] -- Using PYTHON_LIBRARIES: /usr/lib/x86_64-linux-gnu/libpython3.8.so
[10.676s] -- Found PythonExtra: .so  
[11.138s] -- Configuring done
[11.370s] -- Generating done
[11.376s] -- Build files have been written to: /home/robofei/Desktop/visao_ws/build/custom_interfaces
[11.414s] Invoked command in '/home/robofei/Desktop/visao_ws/build/custom_interfaces' returned '0': CMAKE_PREFIX_PATH=/home/robofei/Desktop/visao_ws/install/vision_test:/opt/ros/foxy /usr/bin/cmake /home/robofei/Desktop/visao_ws/custom_interfaces -DAMENT_CMAKE_SYMLINK_INSTALL=1 -DCMAKE_INSTALL_PREFIX=/home/robofei/Desktop/visao_ws/install/custom_interfaces
[11.430s] Invoking command in '/home/robofei/Desktop/visao_ws/build/custom_interfaces': CMAKE_PREFIX_PATH=/home/robofei/Desktop/visao_ws/install/vision_test:/opt/ros/foxy /usr/bin/cmake --build /home/robofei/Desktop/visao_ws/build/custom_interfaces -- -j4 -l4
[11.451s] [35m[1mScanning dependencies of target custom_interfaces__cpp[0m
[11.458s] [  1%] [34m[1mGenerating C code for ROS interfaces[0m
[11.471s] [  1%] [34m[1mGenerating C++ code for ROS interfaces[0m
[13.477s] [35m[1mScanning dependencies of target custom_interfaces__rosidl_generator_c[0m
[13.531s] [  1%] Built target custom_interfaces__cpp
[13.552s] [  2%] [34m[1mGenerating C++ type support dispatch for ROS interfaces[0m
[13.552s] [  3%] [34m[1mGenerating C++ type support for eProsima Fast-RTPS[0m
[13.558s] [  4%] [34m[1mGenerating C++ introspection for ROS interfaces[0m
[13.707s] [  5%] [32mBuilding C object CMakeFiles/custom_interfaces__rosidl_generator_c.dir/rosidl_generator_c/custom_interfaces/msg/detail/set_position__functions.c.o[0m
[14.386s] [  6%] [32mBuilding C object CMakeFiles/custom_interfaces__rosidl_generator_c.dir/rosidl_generator_c/custom_interfaces/msg/detail/vision__functions.c.o[0m
[14.491s] [  7%] [32mBuilding C object CMakeFiles/custom_interfaces__rosidl_generator_c.dir/rosidl_generator_c/custom_interfaces/msg/detail/humanoid_league_msgs__functions.c.o[0m
[14.600s] [  8%] [32mBuilding C object CMakeFiles/custom_interfaces__rosidl_generator_c.dir/rosidl_generator_c/custom_interfaces/msg/detail/localization__functions.c.o[0m
[14.668s] [  9%] [32mBuilding C object CMakeFiles/custom_interfaces__rosidl_generator_c.dir/rosidl_generator_c/custom_interfaces/msg/detail/set_position_original__functions.c.o[0m
[14.737s] [ 10%] [32mBuilding C object CMakeFiles/custom_interfaces__rosidl_generator_c.dir/rosidl_generator_c/custom_interfaces/msg/detail/decision__functions.c.o[0m
[14.805s] [ 11%] [32mBuilding C object CMakeFiles/custom_interfaces__rosidl_generator_c.dir/rosidl_generator_c/custom_interfaces/msg/detail/walk__functions.c.o[0m
[14.874s] [ 12%] [32mBuilding C object CMakeFiles/custom_interfaces__rosidl_generator_c.dir/rosidl_generator_c/custom_interfaces/msg/detail/param_walk__functions.c.o[0m
[14.945s] [ 13%] [32mBuilding C object CMakeFiles/custom_interfaces__rosidl_generator_c.dir/rosidl_generator_c/custom_interfaces/srv/detail/get_position__functions.c.o[0m
[15.056s] [ 14%] [32mBuilding C object CMakeFiles/custom_interfaces__rosidl_generator_c.dir/rosidl_generator_c/custom_interfaces/srv/detail/reset__functions.c.o[0m
[15.174s] [ 15%] [32m[1mLinking C shared library libcustom_interfaces__rosidl_generator_c.so[0m
[15.184s] [35m[1mScanning dependencies of target custom_interfaces__rosidl_typesupport_cpp[0m
[15.477s] [ 16%] [32mBuilding CXX object CMakeFiles/custom_interfaces__rosidl_typesupport_cpp.dir/rosidl_typesupport_cpp/custom_interfaces/msg/set_position__type_support.cpp.o[0m
[15.538s] [35m[1mScanning dependencies of target custom_interfaces__rosidl_typesupport_introspection_cpp[0m
[15.696s] [ 17%] [32mBuilding CXX object CMakeFiles/custom_interfaces__rosidl_typesupport_introspection_cpp.dir/rosidl_typesupport_introspection_cpp/custom_interfaces/msg/detail/set_position__type_support.cpp.o[0m
[15.712s] [35m[1mScanning dependencies of target custom_interfaces__rosidl_typesupport_fastrtps_cpp[0m
[15.724s] [ 17%] Built target custom_interfaces__rosidl_generator_c
[15.764s] [ 18%] [32mBuilding CXX object CMakeFiles/custom_interfaces__rosidl_typesupport_introspection_cpp.dir/rosidl_typesupport_introspection_cpp/custom_interfaces/msg/detail/vision__type_support.cpp.o[0m
[16.982s] [ 19%] [32mBuilding CXX object CMakeFiles/custom_interfaces__rosidl_typesupport_fastrtps_cpp.dir/rosidl_typesupport_fastrtps_cpp/custom_interfaces/msg/detail/dds_fastrtps/set_position__type_support.cpp.o[0m
[19.402s] [ 20%] [32mBuilding CXX object CMakeFiles/custom_interfaces__rosidl_typesupport_cpp.dir/rosidl_typesupport_cpp/custom_interfaces/msg/vision__type_support.cpp.o[0m
[19.406s] [ 21%] [32mBuilding CXX object CMakeFiles/custom_interfaces__rosidl_typesupport_introspection_cpp.dir/rosidl_typesupport_introspection_cpp/custom_interfaces/msg/detail/humanoid_league_msgs__type_support.cpp.o[0m
[19.651s] [ 22%] [32mBuilding CXX object CMakeFiles/custom_interfaces__rosidl_typesupport_cpp.dir/rosidl_typesupport_cpp/custom_interfaces/msg/humanoid_league_msgs__type_support.cpp.o[0m
[19.918s] [ 23%] [32mBuilding CXX object CMakeFiles/custom_interfaces__rosidl_typesupport_cpp.dir/rosidl_typesupport_cpp/custom_interfaces/msg/localization__type_support.cpp.o[0m
[20.005s] [ 24%] [32mBuilding CXX object CMakeFiles/custom_interfaces__rosidl_typesupport_introspection_cpp.dir/rosidl_typesupport_introspection_cpp/custom_interfaces/msg/detail/localization__type_support.cpp.o[0m
[20.382s] [ 25%] [32mBuilding CXX object CMakeFiles/custom_interfaces__rosidl_typesupport_fastrtps_cpp.dir/rosidl_typesupport_fastrtps_cpp/custom_interfaces/msg/detail/dds_fastrtps/vision__type_support.cpp.o[0m
[20.404s] [ 26%] [32mBuilding CXX object CMakeFiles/custom_interfaces__rosidl_typesupport_introspection_cpp.dir/rosidl_typesupport_introspection_cpp/custom_interfaces/msg/detail/set_position_original__type_support.cpp.o[0m
[20.488s] [ 27%] [32mBuilding CXX object CMakeFiles/custom_interfaces__rosidl_typesupport_cpp.dir/rosidl_typesupport_cpp/custom_interfaces/msg/set_position_original__type_support.cpp.o[0m
[20.611s] [ 28%] [32mBuilding CXX object CMakeFiles/custom_interfaces__rosidl_typesupport_cpp.dir/rosidl_typesupport_cpp/custom_interfaces/msg/decision__type_support.cpp.o[0m
[21.006s] [ 29%] [32mBuilding CXX object CMakeFiles/custom_interfaces__rosidl_typesupport_introspection_cpp.dir/rosidl_typesupport_introspection_cpp/custom_interfaces/msg/detail/decision__type_support.cpp.o[0m
[21.015s] [ 30%] [32mBuilding CXX object CMakeFiles/custom_interfaces__rosidl_typesupport_cpp.dir/rosidl_typesupport_cpp/custom_interfaces/msg/walk__type_support.cpp.o[0m
[21.172s] [ 30%] [32mBuilding CXX object CMakeFiles/custom_interfaces__rosidl_typesupport_fastrtps_cpp.dir/rosidl_typesupport_fastrtps_cpp/custom_interfaces/msg/detail/dds_fastrtps/humanoid_league_msgs__type_support.cpp.o[0m
[21.187s] [ 31%] [32mBuilding CXX object CMakeFiles/custom_interfaces__rosidl_typesupport_fastrtps_cpp.dir/rosidl_typesupport_fastrtps_cpp/custom_interfaces/msg/detail/dds_fastrtps/localization__type_support.cpp.o[0m
[21.558s] [ 32%] [32mBuilding CXX object CMakeFiles/custom_interfaces__rosidl_typesupport_introspection_cpp.dir/rosidl_typesupport_introspection_cpp/custom_interfaces/msg/detail/walk__type_support.cpp.o[0m
[21.563s] [ 33%] [32mBuilding CXX object CMakeFiles/custom_interfaces__rosidl_typesupport_cpp.dir/rosidl_typesupport_cpp/custom_interfaces/msg/param_walk__type_support.cpp.o[0m
[22.011s] [ 34%] [32mBuilding CXX object CMakeFiles/custom_interfaces__rosidl_typesupport_fastrtps_cpp.dir/rosidl_typesupport_fastrtps_cpp/custom_interfaces/msg/detail/dds_fastrtps/set_position_original__type_support.cpp.o[0m
[22.020s] [ 35%] [32mBuilding CXX object CMakeFiles/custom_interfaces__rosidl_typesupport_fastrtps_cpp.dir/rosidl_typesupport_fastrtps_cpp/custom_interfaces/msg/detail/dds_fastrtps/decision__type_support.cpp.o[0m
[22.092s] [ 36%] [32mBuilding CXX object CMakeFiles/custom_interfaces__rosidl_typesupport_introspection_cpp.dir/rosidl_typesupport_introspection_cpp/custom_interfaces/msg/detail/param_walk__type_support.cpp.o[0m
[22.166s] [ 37%] [32mBuilding CXX object CMakeFiles/custom_interfaces__rosidl_typesupport_cpp.dir/rosidl_typesupport_cpp/custom_interfaces/srv/get_position__type_support.cpp.o[0m
[22.709s] [ 38%] [32mBuilding CXX object CMakeFiles/custom_interfaces__rosidl_typesupport_introspection_cpp.dir/rosidl_typesupport_introspection_cpp/custom_interfaces/srv/detail/get_position__type_support.cpp.o[0m
[22.822s] [ 39%] [32mBuilding CXX object CMakeFiles/custom_interfaces__rosidl_typesupport_cpp.dir/rosidl_typesupport_cpp/custom_interfaces/srv/reset__type_support.cpp.o[0m
[22.868s] [ 40%] [32mBuilding CXX object CMakeFiles/custom_interfaces__rosidl_typesupport_introspection_cpp.dir/rosidl_typesupport_introspection_cpp/custom_interfaces/srv/detail/reset__type_support.cpp.o[0m
[22.916s] [ 41%] [32mBuilding CXX object CMakeFiles/custom_interfaces__rosidl_typesupport_fastrtps_cpp.dir/rosidl_typesupport_fastrtps_cpp/custom_interfaces/msg/detail/dds_fastrtps/walk__type_support.cpp.o[0m
[23.241s] [ 42%] [32mBuilding CXX object CMakeFiles/custom_interfaces__rosidl_typesupport_fastrtps_cpp.dir/rosidl_typesupport_fastrtps_cpp/custom_interfaces/msg/detail/dds_fastrtps/param_walk__type_support.cpp.o[0m
[23.404s] [ 43%] [32m[1mLinking CXX shared library libcustom_interfaces__rosidl_typesupport_cpp.so[0m
[23.466s] [ 44%] [32m[1mLinking CXX shared library libcustom_interfaces__rosidl_typesupport_introspection_cpp.so[0m
[23.499s] [ 44%] Built target custom_interfaces__rosidl_typesupport_cpp
[23.572s] [ 45%] [34m[1mGenerating C type support dispatch for ROS interfaces[0m
[23.648s] [ 45%] Built target custom_interfaces__rosidl_typesupport_introspection_cpp
[23.672s] [ 46%] [34m[1mGenerating C introspection for ROS interfaces[0m
[23.755s] [ 47%] [32mBuilding CXX object CMakeFiles/custom_interfaces__rosidl_typesupport_fastrtps_cpp.dir/rosidl_typesupport_fastrtps_cpp/custom_interfaces/srv/detail/dds_fastrtps/get_position__type_support.cpp.o[0m
[24.091s] [ 48%] [32mBuilding CXX object CMakeFiles/custom_interfaces__rosidl_typesupport_fastrtps_cpp.dir/rosidl_typesupport_fastrtps_cpp/custom_interfaces/srv/detail/dds_fastrtps/reset__type_support.cpp.o[0m
[25.079s] [ 49%] [32m[1mLinking CXX shared library libcustom_interfaces__rosidl_typesupport_fastrtps_cpp.so[0m
[25.357s] [35m[1mScanning dependencies of target custom_interfaces__rosidl_typesupport_c[0m
[25.706s] [ 51%] [32mBuilding CXX object CMakeFiles/custom_interfaces__rosidl_typesupport_c.dir/rosidl_typesupport_c/custom_interfaces/msg/set_position__type_support.cpp.o[0m
[25.706s] [ 51%] [32mBuilding CXX object CMakeFiles/custom_interfaces__rosidl_typesupport_c.dir/rosidl_typesupport_c/custom_interfaces/msg/vision__type_support.cpp.o[0m
[25.796s] [ 53%] [32mBuilding CXX object CMakeFiles/custom_interfaces__rosidl_typesupport_c.dir/rosidl_typesupport_c/custom_interfaces/msg/humanoid_league_msgs__type_support.cpp.o[0m
[25.796s] [ 53%] [32mBuilding CXX object CMakeFiles/custom_interfaces__rosidl_typesupport_c.dir/rosidl_typesupport_c/custom_interfaces/msg/localization__type_support.cpp.o[0m
[25.893s] [ 54%] [32mBuilding CXX object CMakeFiles/custom_interfaces__rosidl_typesupport_c.dir/rosidl_typesupport_c/custom_interfaces/msg/set_position_original__type_support.cpp.o[0m
[25.897s] [ 55%] [32mBuilding CXX object CMakeFiles/custom_interfaces__rosidl_typesupport_c.dir/rosidl_typesupport_c/custom_interfaces/msg/decision__type_support.cpp.o[0m
[25.921s] [ 55%] Built target custom_interfaces__rosidl_typesupport_fastrtps_cpp
[25.936s] [ 56%] [32mBuilding CXX object CMakeFiles/custom_interfaces__rosidl_typesupport_c.dir/rosidl_typesupport_c/custom_interfaces/msg/walk__type_support.cpp.o[0m
[25.968s] [ 57%] [32mBuilding CXX object CMakeFiles/custom_interfaces__rosidl_typesupport_c.dir/rosidl_typesupport_c/custom_interfaces/msg/param_walk__type_support.cpp.o[0m
[26.003s] [ 57%] [32mBuilding CXX object CMakeFiles/custom_interfaces__rosidl_typesupport_c.dir/rosidl_typesupport_c/custom_interfaces/srv/get_position__type_support.cpp.o[0m
[26.034s] [ 58%] [32mBuilding CXX object CMakeFiles/custom_interfaces__rosidl_typesupport_c.dir/rosidl_typesupport_c/custom_interfaces/srv/reset__type_support.cpp.o[0m
[26.051s] [ 59%] [34m[1mGenerating C type support for eProsima Fast-RTPS[0m
[26.096s] [ 60%] [32m[1mLinking CXX shared library libcustom_interfaces__rosidl_typesupport_c.so[0m
[26.291s] [ 60%] Built target custom_interfaces__rosidl_typesupport_c
[26.296s] [35m[1mScanning dependencies of target custom_interfaces__rosidl_typesupport_introspection_c[0m
[27.155s] [ 61%] [32mBuilding C object CMakeFiles/custom_interfaces__rosidl_typesupport_introspection_c.dir/rosidl_typesupport_introspection_c/custom_interfaces/msg/detail/vision__type_support.c.o[0m
[27.155s] [ 62%] [32mBuilding C object CMakeFiles/custom_interfaces__rosidl_typesupport_introspection_c.dir/rosidl_typesupport_introspection_c/custom_interfaces/msg/detail/set_position__type_support.c.o[0m
[27.170s] [ 63%] [32mBuilding C object CMakeFiles/custom_interfaces__rosidl_typesupport_introspection_c.dir/rosidl_typesupport_introspection_c/custom_interfaces/msg/detail/humanoid_league_msgs__type_support.c.o[0m
[27.255s] [ 64%] [32mBuilding C object CMakeFiles/custom_interfaces__rosidl_typesupport_introspection_c.dir/rosidl_typesupport_introspection_c/custom_interfaces/msg/detail/localization__type_support.c.o[0m
[27.273s] [ 65%] [32mBuilding C object CMakeFiles/custom_interfaces__rosidl_typesupport_introspection_c.dir/rosidl_typesupport_introspection_c/custom_interfaces/msg/detail/set_position_original__type_support.c.o[0m
[27.329s] [ 66%] [32mBuilding C object CMakeFiles/custom_interfaces__rosidl_typesupport_introspection_c.dir/rosidl_typesupport_introspection_c/custom_interfaces/msg/detail/decision__type_support.c.o[0m
[27.373s] [ 67%] [32mBuilding C object CMakeFiles/custom_interfaces__rosidl_typesupport_introspection_c.dir/rosidl_typesupport_introspection_c/custom_interfaces/msg/detail/walk__type_support.c.o[0m
[27.385s] [ 68%] [32mBuilding C object CMakeFiles/custom_interfaces__rosidl_typesupport_introspection_c.dir/rosidl_typesupport_introspection_c/custom_interfaces/msg/detail/param_walk__type_support.c.o[0m
[27.400s] [ 69%] [32mBuilding C object CMakeFiles/custom_interfaces__rosidl_typesupport_introspection_c.dir/rosidl_typesupport_introspection_c/custom_interfaces/srv/detail/get_position__type_support.c.o[0m
[27.468s] [ 70%] [32mBuilding C object CMakeFiles/custom_interfaces__rosidl_typesupport_introspection_c.dir/rosidl_typesupport_introspection_c/custom_interfaces/srv/detail/reset__type_support.c.o[0m
[27.530s] [ 71%] [32m[1mLinking C shared library libcustom_interfaces__rosidl_typesupport_introspection_c.so[0m
[27.592s] [ 71%] Built target custom_interfaces__rosidl_typesupport_introspection_c
[27.859s] [35m[1mScanning dependencies of target custom_interfaces__rosidl_typesupport_fastrtps_c[0m
[27.969s] [ 72%] [32mBuilding CXX object CMakeFiles/custom_interfaces__rosidl_typesupport_fastrtps_c.dir/rosidl_typesupport_fastrtps_c/custom_interfaces/msg/detail/set_position__type_support_c.cpp.o[0m
[27.970s] [ 73%] [32mBuilding CXX object CMakeFiles/custom_interfaces__rosidl_typesupport_fastrtps_c.dir/rosidl_typesupport_fastrtps_c/custom_interfaces/msg/detail/vision__type_support_c.cpp.o[0m
[27.986s] [ 75%] [32mBuilding CXX object CMakeFiles/custom_interfaces__rosidl_typesupport_fastrtps_c.dir/rosidl_typesupport_fastrtps_c/custom_interfaces/msg/detail/localization__type_support_c.cpp.o[0m
[27.986s] [ 75%] [32mBuilding CXX object CMakeFiles/custom_interfaces__rosidl_typesupport_fastrtps_c.dir/rosidl_typesupport_fastrtps_c/custom_interfaces/msg/detail/humanoid_league_msgs__type_support_c.cpp.o[0m
[28.720s] [ 76%] [32mBuilding CXX object CMakeFiles/custom_interfaces__rosidl_typesupport_fastrtps_c.dir/rosidl_typesupport_fastrtps_c/custom_interfaces/msg/detail/set_position_original__type_support_c.cpp.o[0m
[28.759s] [ 77%] [32mBuilding CXX object CMakeFiles/custom_interfaces__rosidl_typesupport_fastrtps_c.dir/rosidl_typesupport_fastrtps_c/custom_interfaces/msg/detail/decision__type_support_c.cpp.o[0m
[28.850s] [ 78%] [32mBuilding CXX object CMakeFiles/custom_interfaces__rosidl_typesupport_fastrtps_c.dir/rosidl_typesupport_fastrtps_c/custom_interfaces/msg/detail/walk__type_support_c.cpp.o[0m
[28.912s] [ 79%] [32mBuilding CXX object CMakeFiles/custom_interfaces__rosidl_typesupport_fastrtps_c.dir/rosidl_typesupport_fastrtps_c/custom_interfaces/msg/detail/param_walk__type_support_c.cpp.o[0m
[29.389s] [ 80%] [32mBuilding CXX object CMakeFiles/custom_interfaces__rosidl_typesupport_fastrtps_c.dir/rosidl_typesupport_fastrtps_c/custom_interfaces/srv/detail/get_position__type_support_c.cpp.o[0m
[29.476s] [ 81%] [32mBuilding CXX object CMakeFiles/custom_interfaces__rosidl_typesupport_fastrtps_c.dir/rosidl_typesupport_fastrtps_c/custom_interfaces/srv/detail/reset__type_support_c.cpp.o[0m
[29.999s] [ 82%] [32m[1mLinking CXX shared library libcustom_interfaces__rosidl_typesupport_fastrtps_c.so[0m
[30.141s] [ 82%] Built target custom_interfaces__rosidl_typesupport_fastrtps_c
[30.154s] [35m[1mScanning dependencies of target custom_interfaces[0m
[30.168s] [ 82%] Built target custom_interfaces
[30.182s] [35m[1mScanning dependencies of target custom_interfaces__py[0m
[30.197s] [ 83%] [34m[1mGenerating Python code for ROS interfaces[0m
[33.126s] [ 83%] Built target custom_interfaces__py
[33.154s] [35m[1mScanning dependencies of target custom_interfaces__python[0m
[33.379s] [ 84%] [32mBuilding C object CMakeFiles/custom_interfaces__python.dir/rosidl_generator_py/custom_interfaces/msg/_vision_s.c.o[0m
[33.382s] [ 85%] [32mBuilding C object CMakeFiles/custom_interfaces__python.dir/rosidl_generator_py/custom_interfaces/msg/_humanoid_league_msgs_s.c.o[0m
[33.383s] [ 86%] [32mBuilding C object CMakeFiles/custom_interfaces__python.dir/rosidl_generator_py/custom_interfaces/msg/_localization_s.c.o[0m
[33.390s] [ 87%] [32mBuilding C object CMakeFiles/custom_interfaces__python.dir/rosidl_generator_py/custom_interfaces/msg/_set_position_s.c.o[0m
[34.147s] [ 88%] [32mBuilding C object CMakeFiles/custom_interfaces__python.dir/rosidl_generator_py/custom_interfaces/msg/_set_position_original_s.c.o[0m
[34.152s] [ 89%] [32mBuilding C object CMakeFiles/custom_interfaces__python.dir/rosidl_generator_py/custom_interfaces/msg/_decision_s.c.o[0m
[34.164s] [ 90%] [32mBuilding C object CMakeFiles/custom_interfaces__python.dir/rosidl_generator_py/custom_interfaces/msg/_walk_s.c.o[0m
[34.187s] [ 91%] [32mBuilding C object CMakeFiles/custom_interfaces__python.dir/rosidl_generator_py/custom_interfaces/msg/_param_walk_s.c.o[0m
[34.337s] [ 92%] [32mBuilding C object CMakeFiles/custom_interfaces__python.dir/rosidl_generator_py/custom_interfaces/srv/_get_position_s.c.o[0m
[34.338s] [ 93%] [32mBuilding C object CMakeFiles/custom_interfaces__python.dir/rosidl_generator_py/custom_interfaces/srv/_reset_s.c.o[0m
[34.512s] [ 94%] [32m[1mLinking C shared library rosidl_generator_py/custom_interfaces/libcustom_interfaces__python.so[0m
[34.573s] [ 94%] Built target custom_interfaces__python
[34.591s] [35m[1mScanning dependencies of target custom_interfaces__rosidl_typesupport_fastrtps_c__pyext[0m
[34.592s] [35m[1mScanning dependencies of target custom_interfaces__rosidl_typesupport_c__pyext[0m
[34.592s] [35m[1mScanning dependencies of target custom_interfaces__rosidl_typesupport_introspection_c__pyext[0m
[34.642s] [ 95%] [32mBuilding C object CMakeFiles/custom_interfaces__rosidl_typesupport_introspection_c__pyext.dir/rosidl_generator_py/custom_interfaces/_custom_interfaces_s.ep.rosidl_typesupport_introspection_c.c.o[0m
[34.676s] [ 96%] [32mBuilding C object CMakeFiles/custom_interfaces__rosidl_typesupport_c__pyext.dir/rosidl_generator_py/custom_interfaces/_custom_interfaces_s.ep.rosidl_typesupport_c.c.o[0m
[34.676s] [ 97%] [32mBuilding C object CMakeFiles/custom_interfaces__rosidl_typesupport_fastrtps_c__pyext.dir/rosidl_generator_py/custom_interfaces/_custom_interfaces_s.ep.rosidl_typesupport_fastrtps_c.c.o[0m
[34.875s] [ 98%] [32m[1mLinking C shared library rosidl_generator_py/custom_interfaces/custom_interfaces_s__rosidl_typesupport_introspection_c.cpython-38-x86_64-linux-gnu.so[0m
[34.892s] [ 99%] [32m[1mLinking C shared library rosidl_generator_py/custom_interfaces/custom_interfaces_s__rosidl_typesupport_c.cpython-38-x86_64-linux-gnu.so[0m
[34.914s] [100%] [32m[1mLinking CXX shared library rosidl_generator_py/custom_interfaces/custom_interfaces_s__rosidl_typesupport_fastrtps_c.cpython-38-x86_64-linux-gnu.so[0m
[34.978s] [100%] Built target custom_interfaces__rosidl_typesupport_c__pyext
[34.996s] [100%] Built target custom_interfaces__rosidl_typesupport_introspection_c__pyext
[35.056s] [100%] Built target custom_interfaces__rosidl_typesupport_fastrtps_c__pyext
[35.082s] Invoked command in '/home/robofei/Desktop/visao_ws/build/custom_interfaces' returned '0': CMAKE_PREFIX_PATH=/home/robofei/Desktop/visao_ws/install/vision_test:/opt/ros/foxy /usr/bin/cmake --build /home/robofei/Desktop/visao_ws/build/custom_interfaces -- -j4 -l4
[35.357s] Invoking command in '/home/robofei/Desktop/visao_ws/build/custom_interfaces': CMAKE_PREFIX_PATH=/home/robofei/Desktop/visao_ws/install/vision_test:/opt/ros/foxy /usr/bin/cmake --install /home/robofei/Desktop/visao_ws/build/custom_interfaces
[35.372s] -- Install configuration: ""
[35.404s] -- Execute custom install script
[35.404s] -- Symlinking: /home/robofei/Desktop/visao_ws/install/custom_interfaces/share/ament_index/resource_index/rosidl_interfaces/custom_interfaces
[35.418s] -- Symlinking: /home/robofei/Desktop/visao_ws/install/custom_interfaces/include/custom_interfaces/msg/decision.h
[35.430s] -- Symlinking: /home/robofei/Desktop/visao_ws/install/custom_interfaces/include/custom_interfaces/msg/detail/decision__functions.h
[35.443s] -- Symlinking: /home/robofei/Desktop/visao_ws/install/custom_interfaces/include/custom_interfaces/msg/detail/decision__struct.h
[35.456s] -- Symlinking: /home/robofei/Desktop/visao_ws/install/custom_interfaces/include/custom_interfaces/msg/detail/decision__type_support.h
[35.470s] -- Symlinking: /home/robofei/Desktop/visao_ws/install/custom_interfaces/include/custom_interfaces/msg/detail/humanoid_league_msgs__functions.h
[35.483s] -- Symlinking: /home/robofei/Desktop/visao_ws/install/custom_interfaces/include/custom_interfaces/msg/detail/humanoid_league_msgs__struct.h
[35.495s] -- Symlinking: /home/robofei/Desktop/visao_ws/install/custom_interfaces/include/custom_interfaces/msg/detail/humanoid_league_msgs__type_support.h
[35.511s] -- Symlinking: /home/robofei/Desktop/visao_ws/install/custom_interfaces/include/custom_interfaces/msg/detail/localization__functions.h
[35.523s] -- Symlinking: /home/robofei/Desktop/visao_ws/install/custom_interfaces/include/custom_interfaces/msg/detail/localization__struct.h
[35.535s] -- Symlinking: /home/robofei/Desktop/visao_ws/install/custom_interfaces/include/custom_interfaces/msg/detail/localization__type_support.h
[35.547s] -- Symlinking: /home/robofei/Desktop/visao_ws/install/custom_interfaces/include/custom_interfaces/msg/detail/param_walk__functions.h
[35.559s] -- Symlinking: /home/robofei/Desktop/visao_ws/install/custom_interfaces/include/custom_interfaces/msg/detail/param_walk__struct.h
[35.571s] -- Symlinking: /home/robofei/Desktop/visao_ws/install/custom_interfaces/include/custom_interfaces/msg/detail/param_walk__type_support.h
[35.583s] -- Symlinking: /home/robofei/Desktop/visao_ws/install/custom_interfaces/include/custom_interfaces/msg/detail/set_position__functions.h
[35.598s] -- Symlinking: /home/robofei/Desktop/visao_ws/install/custom_interfaces/include/custom_interfaces/msg/detail/set_position__struct.h
[35.611s] -- Symlinking: /home/robofei/Desktop/visao_ws/install/custom_interfaces/include/custom_interfaces/msg/detail/set_position__type_support.h
[35.623s] -- Symlinking: /home/robofei/Desktop/visao_ws/install/custom_interfaces/include/custom_interfaces/msg/detail/set_position_original__functions.h
[35.635s] -- Symlinking: /home/robofei/Desktop/visao_ws/install/custom_interfaces/include/custom_interfaces/msg/detail/set_position_original__struct.h
[35.647s] -- Symlinking: /home/robofei/Desktop/visao_ws/install/custom_interfaces/include/custom_interfaces/msg/detail/set_position_original__type_support.h
[35.659s] -- Symlinking: /home/robofei/Desktop/visao_ws/install/custom_interfaces/include/custom_interfaces/msg/detail/vision__functions.h
[35.671s] -- Symlinking: /home/robofei/Desktop/visao_ws/install/custom_interfaces/include/custom_interfaces/msg/detail/vision__struct.h
[35.684s] -- Symlinking: /home/robofei/Desktop/visao_ws/install/custom_interfaces/include/custom_interfaces/msg/detail/vision__type_support.h
[35.697s] -- Symlinking: /home/robofei/Desktop/visao_ws/install/custom_interfaces/include/custom_interfaces/msg/detail/walk__functions.h
[35.709s] -- Symlinking: /home/robofei/Desktop/visao_ws/install/custom_interfaces/include/custom_interfaces/msg/detail/walk__struct.h
[35.721s] -- Symlinking: /home/robofei/Desktop/visao_ws/install/custom_interfaces/include/custom_interfaces/msg/detail/walk__type_support.h
[35.734s] -- Symlinking: /home/robofei/Desktop/visao_ws/install/custom_interfaces/include/custom_interfaces/msg/humanoid_league_msgs.h
[35.746s] -- Symlinking: /home/robofei/Desktop/visao_ws/install/custom_interfaces/include/custom_interfaces/msg/localization.h
[35.757s] -- Symlinking: /home/robofei/Desktop/visao_ws/install/custom_interfaces/include/custom_interfaces/msg/param_walk.h
[35.769s] -- Symlinking: /home/robofei/Desktop/visao_ws/install/custom_interfaces/include/custom_interfaces/msg/rosidl_generator_c__visibility_control.h
[35.783s] -- Symlinking: /home/robofei/Desktop/visao_ws/install/custom_interfaces/include/custom_interfaces/msg/set_position.h
[35.796s] -- Symlinking: /home/robofei/Desktop/visao_ws/install/custom_interfaces/include/custom_interfaces/msg/set_position_original.h
[35.810s] -- Symlinking: /home/robofei/Desktop/visao_ws/install/custom_interfaces/include/custom_interfaces/msg/vision.h
[35.823s] -- Symlinking: /home/robofei/Desktop/visao_ws/install/custom_interfaces/include/custom_interfaces/msg/walk.h
[35.839s] -- Symlinking: /home/robofei/Desktop/visao_ws/install/custom_interfaces/include/custom_interfaces/srv/detail/get_position__functions.h
[35.855s] -- Symlinking: /home/robofei/Desktop/visao_ws/install/custom_interfaces/include/custom_interfaces/srv/detail/get_position__struct.h
[35.869s] -- Symlinking: /home/robofei/Desktop/visao_ws/install/custom_interfaces/include/custom_interfaces/srv/detail/get_position__type_support.h
[35.881s] -- Symlinking: /home/robofei/Desktop/visao_ws/install/custom_interfaces/include/custom_interfaces/srv/detail/reset__functions.h
[35.893s] -- Symlinking: /home/robofei/Desktop/visao_ws/install/custom_interfaces/include/custom_interfaces/srv/detail/reset__struct.h
[35.906s] -- Symlinking: /home/robofei/Desktop/visao_ws/install/custom_interfaces/include/custom_interfaces/srv/detail/reset__type_support.h
[35.918s] -- Symlinking: /home/robofei/Desktop/visao_ws/install/custom_interfaces/include/custom_interfaces/srv/get_position.h
[35.931s] -- Symlinking: /home/robofei/Desktop/visao_ws/install/custom_interfaces/include/custom_interfaces/srv/reset.h
[35.948s] -- Symlinking: /home/robofei/Desktop/visao_ws/install/custom_interfaces/share/custom_interfaces/environment/library_path.sh
[35.961s] -- Symlinking: /home/robofei/Desktop/visao_ws/install/custom_interfaces/share/custom_interfaces/environment/library_path.dsv
[35.976s] -- Symlinking: /home/robofei/Desktop/visao_ws/install/custom_interfaces/include/custom_interfaces/msg/detail/decision__rosidl_typesupport_fastrtps_c.h
[35.987s] -- Symlinking: /home/robofei/Desktop/visao_ws/install/custom_interfaces/include/custom_interfaces/msg/detail/humanoid_league_msgs__rosidl_typesupport_fastrtps_c.h
[36.000s] -- Symlinking: /home/robofei/Desktop/visao_ws/install/custom_interfaces/include/custom_interfaces/msg/detail/localization__rosidl_typesupport_fastrtps_c.h
[36.013s] -- Symlinking: /home/robofei/Desktop/visao_ws/install/custom_interfaces/include/custom_interfaces/msg/detail/param_walk__rosidl_typesupport_fastrtps_c.h
[36.025s] -- Symlinking: /home/robofei/Desktop/visao_ws/install/custom_interfaces/include/custom_interfaces/msg/detail/set_position__rosidl_typesupport_fastrtps_c.h
[36.037s] -- Symlinking: /home/robofei/Desktop/visao_ws/install/custom_interfaces/include/custom_interfaces/msg/detail/set_position_original__rosidl_typesupport_fastrtps_c.h
[36.049s] -- Symlinking: /home/robofei/Desktop/visao_ws/install/custom_interfaces/include/custom_interfaces/msg/detail/vision__rosidl_typesupport_fastrtps_c.h
[36.062s] -- Symlinking: /home/robofei/Desktop/visao_ws/install/custom_interfaces/include/custom_interfaces/msg/detail/walk__rosidl_typesupport_fastrtps_c.h
[36.074s] -- Symlinking: /home/robofei/Desktop/visao_ws/install/custom_interfaces/include/custom_interfaces/msg/rosidl_typesupport_fastrtps_c__visibility_control.h
[36.087s] -- Symlinking: /home/robofei/Desktop/visao_ws/install/custom_interfaces/include/custom_interfaces/srv/detail/get_position__rosidl_typesupport_fastrtps_c.h
[36.100s] -- Symlinking: /home/robofei/Desktop/visao_ws/install/custom_interfaces/include/custom_interfaces/srv/detail/reset__rosidl_typesupport_fastrtps_c.h
[36.113s] -- Symlinking: /home/robofei/Desktop/visao_ws/install/custom_interfaces/lib/libcustom_interfaces__rosidl_typesupport_fastrtps_c.so
[36.126s] -- Symlinking: /home/robofei/Desktop/visao_ws/install/custom_interfaces/include/custom_interfaces/msg/detail/decision__rosidl_typesupport_fastrtps_cpp.hpp
[36.138s] -- Symlinking: /home/robofei/Desktop/visao_ws/install/custom_interfaces/include/custom_interfaces/msg/detail/humanoid_league_msgs__rosidl_typesupport_fastrtps_cpp.hpp
[36.150s] -- Symlinking: /home/robofei/Desktop/visao_ws/install/custom_interfaces/include/custom_interfaces/msg/detail/localization__rosidl_typesupport_fastrtps_cpp.hpp
[36.162s] -- Symlinking: /home/robofei/Desktop/visao_ws/install/custom_interfaces/include/custom_interfaces/msg/detail/param_walk__rosidl_typesupport_fastrtps_cpp.hpp
[36.178s] -- Symlinking: /home/robofei/Desktop/visao_ws/install/custom_interfaces/include/custom_interfaces/msg/detail/set_position__rosidl_typesupport_fastrtps_cpp.hpp
[36.191s] -- Symlinking: /home/robofei/Desktop/visao_ws/install/custom_interfaces/include/custom_interfaces/msg/detail/set_position_original__rosidl_typesupport_fastrtps_cpp.hpp
[36.203s] -- Symlinking: /home/robofei/Desktop/visao_ws/install/custom_interfaces/include/custom_interfaces/msg/detail/vision__rosidl_typesupport_fastrtps_cpp.hpp
[36.218s] -- Symlinking: /home/robofei/Desktop/visao_ws/install/custom_interfaces/include/custom_interfaces/msg/detail/walk__rosidl_typesupport_fastrtps_cpp.hpp
[36.231s] -- Symlinking: /home/robofei/Desktop/visao_ws/install/custom_interfaces/include/custom_interfaces/msg/rosidl_typesupport_fastrtps_cpp__visibility_control.h
[36.243s] -- Symlinking: /home/robofei/Desktop/visao_ws/install/custom_interfaces/include/custom_interfaces/srv/detail/get_position__rosidl_typesupport_fastrtps_cpp.hpp
[36.255s] -- Symlinking: /home/robofei/Desktop/visao_ws/install/custom_interfaces/include/custom_interfaces/srv/detail/reset__rosidl_typesupport_fastrtps_cpp.hpp
[36.269s] -- Symlinking: /home/robofei/Desktop/visao_ws/install/custom_interfaces/lib/libcustom_interfaces__rosidl_typesupport_fastrtps_cpp.so
[36.281s] -- Symlinking: /home/robofei/Desktop/visao_ws/install/custom_interfaces/include/custom_interfaces/msg/detail/decision__rosidl_typesupport_introspection_c.h
[36.294s] -- Symlinking: /home/robofei/Desktop/visao_ws/install/custom_interfaces/include/custom_interfaces/msg/detail/humanoid_league_msgs__rosidl_typesupport_introspection_c.h
[36.306s] -- Symlinking: /home/robofei/Desktop/visao_ws/install/custom_interfaces/include/custom_interfaces/msg/detail/localization__rosidl_typesupport_introspection_c.h
[36.321s] -- Symlinking: /home/robofei/Desktop/visao_ws/install/custom_interfaces/include/custom_interfaces/msg/detail/param_walk__rosidl_typesupport_introspection_c.h
[36.334s] -- Symlinking: /home/robofei/Desktop/visao_ws/install/custom_interfaces/include/custom_interfaces/msg/detail/set_position__rosidl_typesupport_introspection_c.h
[36.347s] -- Symlinking: /home/robofei/Desktop/visao_ws/install/custom_interfaces/include/custom_interfaces/msg/detail/set_position_original__rosidl_typesupport_introspection_c.h
[36.359s] -- Symlinking: /home/robofei/Desktop/visao_ws/install/custom_interfaces/include/custom_interfaces/msg/detail/vision__rosidl_typesupport_introspection_c.h
[36.371s] -- Symlinking: /home/robofei/Desktop/visao_ws/install/custom_interfaces/include/custom_interfaces/msg/detail/walk__rosidl_typesupport_introspection_c.h
[36.383s] -- Symlinking: /home/robofei/Desktop/visao_ws/install/custom_interfaces/include/custom_interfaces/msg/rosidl_typesupport_introspection_c__visibility_control.h
[36.395s] -- Symlinking: /home/robofei/Desktop/visao_ws/install/custom_interfaces/include/custom_interfaces/srv/detail/get_position__rosidl_typesupport_introspection_c.h
[36.408s] -- Symlinking: /home/robofei/Desktop/visao_ws/install/custom_interfaces/include/custom_interfaces/srv/detail/reset__rosidl_typesupport_introspection_c.h
[36.421s] -- Symlinking: /home/robofei/Desktop/visao_ws/install/custom_interfaces/include/custom_interfaces/msg/decision.hpp
[36.437s] -- Symlinking: /home/robofei/Desktop/visao_ws/install/custom_interfaces/include/custom_interfaces/msg/detail/decision__builder.hpp
[36.449s] -- Symlinking: /home/robofei/Desktop/visao_ws/install/custom_interfaces/include/custom_interfaces/msg/detail/decision__struct.hpp
[36.461s] -- Symlinking: /home/robofei/Desktop/visao_ws/install/custom_interfaces/include/custom_interfaces/msg/detail/decision__traits.hpp
[36.474s] -- Symlinking: /home/robofei/Desktop/visao_ws/install/custom_interfaces/include/custom_interfaces/msg/detail/humanoid_league_msgs__builder.hpp
[36.485s] -- Symlinking: /home/robofei/Desktop/visao_ws/install/custom_interfaces/include/custom_interfaces/msg/detail/humanoid_league_msgs__struct.hpp
[36.498s] -- Symlinking: /home/robofei/Desktop/visao_ws/install/custom_interfaces/include/custom_interfaces/msg/detail/humanoid_league_msgs__traits.hpp
[36.510s] -- Symlinking: /home/robofei/Desktop/visao_ws/install/custom_interfaces/include/custom_interfaces/msg/detail/localization__builder.hpp
[36.522s] -- Symlinking: /home/robofei/Desktop/visao_ws/install/custom_interfaces/include/custom_interfaces/msg/detail/localization__struct.hpp
[36.535s] -- Symlinking: /home/robofei/Desktop/visao_ws/install/custom_interfaces/include/custom_interfaces/msg/detail/localization__traits.hpp
[36.547s] -- Symlinking: /home/robofei/Desktop/visao_ws/install/custom_interfaces/include/custom_interfaces/msg/detail/param_walk__builder.hpp
[36.559s] -- Symlinking: /home/robofei/Desktop/visao_ws/install/custom_interfaces/include/custom_interfaces/msg/detail/param_walk__struct.hpp
[36.571s] -- Symlinking: /home/robofei/Desktop/visao_ws/install/custom_interfaces/include/custom_interfaces/msg/detail/param_walk__traits.hpp
[36.583s] -- Symlinking: /home/robofei/Desktop/visao_ws/install/custom_interfaces/include/custom_interfaces/msg/detail/set_position__builder.hpp
[36.596s] -- Symlinking: /home/robofei/Desktop/visao_ws/install/custom_interfaces/include/custom_interfaces/msg/detail/set_position__struct.hpp
[36.608s] -- Symlinking: /home/robofei/Desktop/visao_ws/install/custom_interfaces/include/custom_interfaces/msg/detail/set_position__traits.hpp
[36.620s] -- Symlinking: /home/robofei/Desktop/visao_ws/install/custom_interfaces/include/custom_interfaces/msg/detail/set_position_original__builder.hpp
[36.632s] -- Symlinking: /home/robofei/Desktop/visao_ws/install/custom_interfaces/include/custom_interfaces/msg/detail/set_position_original__struct.hpp
[36.644s] -- Symlinking: /home/robofei/Desktop/visao_ws/install/custom_interfaces/include/custom_interfaces/msg/detail/set_position_original__traits.hpp
[36.656s] -- Symlinking: /home/robofei/Desktop/visao_ws/install/custom_interfaces/include/custom_interfaces/msg/detail/vision__builder.hpp
[36.670s] -- Symlinking: /home/robofei/Desktop/visao_ws/install/custom_interfaces/include/custom_interfaces/msg/detail/vision__struct.hpp
[36.682s] -- Symlinking: /home/robofei/Desktop/visao_ws/install/custom_interfaces/include/custom_interfaces/msg/detail/vision__traits.hpp
[36.694s] -- Symlinking: /home/robofei/Desktop/visao_ws/install/custom_interfaces/include/custom_interfaces/msg/detail/walk__builder.hpp
[36.707s] -- Symlinking: /home/robofei/Desktop/visao_ws/install/custom_interfaces/include/custom_interfaces/msg/detail/walk__struct.hpp
[36.722s] -- Symlinking: /home/robofei/Desktop/visao_ws/install/custom_interfaces/include/custom_interfaces/msg/detail/walk__traits.hpp
[36.734s] -- Symlinking: /home/robofei/Desktop/visao_ws/install/custom_interfaces/include/custom_interfaces/msg/humanoid_league_msgs.hpp
[36.746s] -- Symlinking: /home/robofei/Desktop/visao_ws/install/custom_interfaces/include/custom_interfaces/msg/localization.hpp
[36.758s] -- Symlinking: /home/robofei/Desktop/visao_ws/install/custom_interfaces/include/custom_interfaces/msg/param_walk.hpp
[36.770s] -- Symlinking: /home/robofei/Desktop/visao_ws/install/custom_interfaces/include/custom_interfaces/msg/set_position.hpp
[36.783s] -- Symlinking: /home/robofei/Desktop/visao_ws/install/custom_interfaces/include/custom_interfaces/msg/set_position_original.hpp
[36.795s] -- Symlinking: /home/robofei/Desktop/visao_ws/install/custom_interfaces/include/custom_interfaces/msg/vision.hpp
[36.807s] -- Symlinking: /home/robofei/Desktop/visao_ws/install/custom_interfaces/include/custom_interfaces/msg/walk.hpp
[36.822s] -- Symlinking: /home/robofei/Desktop/visao_ws/install/custom_interfaces/include/custom_interfaces/srv/detail/get_position__builder.hpp
[36.835s] -- Symlinking: /home/robofei/Desktop/visao_ws/install/custom_interfaces/include/custom_interfaces/srv/detail/get_position__struct.hpp
[36.848s] -- Symlinking: /home/robofei/Desktop/visao_ws/install/custom_interfaces/include/custom_interfaces/srv/detail/get_position__traits.hpp
[36.860s] -- Symlinking: /home/robofei/Desktop/visao_ws/install/custom_interfaces/include/custom_interfaces/srv/detail/reset__builder.hpp
[36.875s] -- Symlinking: /home/robofei/Desktop/visao_ws/install/custom_interfaces/include/custom_interfaces/srv/detail/reset__struct.hpp
[36.887s] -- Symlinking: /home/robofei/Desktop/visao_ws/install/custom_interfaces/include/custom_interfaces/srv/detail/reset__traits.hpp
[36.900s] -- Symlinking: /home/robofei/Desktop/visao_ws/install/custom_interfaces/include/custom_interfaces/srv/get_position.hpp
[36.913s] -- Symlinking: /home/robofei/Desktop/visao_ws/install/custom_interfaces/include/custom_interfaces/srv/reset.hpp
[36.927s] -- Symlinking: /home/robofei/Desktop/visao_ws/install/custom_interfaces/include/custom_interfaces/msg/detail/decision__rosidl_typesupport_introspection_cpp.hpp
[36.943s] -- Symlinking: /home/robofei/Desktop/visao_ws/install/custom_interfaces/include/custom_interfaces/msg/detail/humanoid_league_msgs__rosidl_typesupport_introspection_cpp.hpp
[36.959s] -- Symlinking: /home/robofei/Desktop/visao_ws/install/custom_interfaces/include/custom_interfaces/msg/detail/localization__rosidl_typesupport_introspection_cpp.hpp
[36.975s] -- Symlinking: /home/robofei/Desktop/visao_ws/install/custom_interfaces/include/custom_interfaces/msg/detail/param_walk__rosidl_typesupport_introspection_cpp.hpp
[36.992s] -- Symlinking: /home/robofei/Desktop/visao_ws/install/custom_interfaces/include/custom_interfaces/msg/detail/set_position__rosidl_typesupport_introspection_cpp.hpp
[37.008s] -- Symlinking: /home/robofei/Desktop/visao_ws/install/custom_interfaces/include/custom_interfaces/msg/detail/set_position_original__rosidl_typesupport_introspection_cpp.hpp
[37.022s] -- Symlinking: /home/robofei/Desktop/visao_ws/install/custom_interfaces/include/custom_interfaces/msg/detail/vision__rosidl_typesupport_introspection_cpp.hpp
[37.034s] -- Symlinking: /home/robofei/Desktop/visao_ws/install/custom_interfaces/include/custom_interfaces/msg/detail/walk__rosidl_typesupport_introspection_cpp.hpp
[37.046s] -- Symlinking: /home/robofei/Desktop/visao_ws/install/custom_interfaces/include/custom_interfaces/srv/detail/get_position__rosidl_typesupport_introspection_cpp.hpp
[37.058s] -- Symlinking: /home/robofei/Desktop/visao_ws/install/custom_interfaces/include/custom_interfaces/srv/detail/reset__rosidl_typesupport_introspection_cpp.hpp
[37.071s] -- Symlinking: /home/robofei/Desktop/visao_ws/install/custom_interfaces/share/custom_interfaces/environment/pythonpath.sh
[37.083s] -- Symlinking: /home/robofei/Desktop/visao_ws/install/custom_interfaces/share/custom_interfaces/environment/pythonpath.dsv
[37.096s] -- Symlinking: /home/robofei/Desktop/visao_ws/install/custom_interfaces/lib/python3.8/site-packages/custom_interfaces/__init__.py
[37.112s] -- Symlinking: /home/robofei/Desktop/visao_ws/install/custom_interfaces/lib/python3.8/site-packages/custom_interfaces/msg/__init__.py
[37.125s] -- Symlinking: /home/robofei/Desktop/visao_ws/install/custom_interfaces/lib/python3.8/site-packages/custom_interfaces/msg/_decision.py
[37.136s] -- Symlinking: /home/robofei/Desktop/visao_ws/install/custom_interfaces/lib/python3.8/site-packages/custom_interfaces/msg/_humanoid_league_msgs.py
[37.148s] -- Symlinking: /home/robofei/Desktop/visao_ws/install/custom_interfaces/lib/python3.8/site-packages/custom_interfaces/msg/_localization.py
[37.160s] -- Symlinking: /home/robofei/Desktop/visao_ws/install/custom_interfaces/lib/python3.8/site-packages/custom_interfaces/msg/_param_walk.py
[37.172s] -- Symlinking: /home/robofei/Desktop/visao_ws/install/custom_interfaces/lib/python3.8/site-packages/custom_interfaces/msg/_set_position.py
[37.185s] -- Symlinking: /home/robofei/Desktop/visao_ws/install/custom_interfaces/lib/python3.8/site-packages/custom_interfaces/msg/_set_position_original.py
[37.197s] -- Symlinking: /home/robofei/Desktop/visao_ws/install/custom_interfaces/lib/python3.8/site-packages/custom_interfaces/msg/_vision.py
[37.209s] -- Symlinking: /home/robofei/Desktop/visao_ws/install/custom_interfaces/lib/python3.8/site-packages/custom_interfaces/msg/_walk.py
[37.223s] -- Symlinking: /home/robofei/Desktop/visao_ws/install/custom_interfaces/lib/python3.8/site-packages/custom_interfaces/srv/__init__.py
[37.239s] -- Symlinking: /home/robofei/Desktop/visao_ws/install/custom_interfaces/lib/python3.8/site-packages/custom_interfaces/srv/_get_position.py
[37.255s] -- Symlinking: /home/robofei/Desktop/visao_ws/install/custom_interfaces/lib/python3.8/site-packages/custom_interfaces/srv/_reset.py
[37.271s] -- Symlinking: /home/robofei/Desktop/visao_ws/install/custom_interfaces/lib/python3.8/site-packages/custom_interfaces/custom_interfaces_s__rosidl_typesupport_fastrtps_c.cpython-38-x86_64-linux-gnu.so
[37.284s] -- Symlinking: /home/robofei/Desktop/visao_ws/install/custom_interfaces/lib/python3.8/site-packages/custom_interfaces/custom_interfaces_s__rosidl_typesupport_introspection_c.cpython-38-x86_64-linux-gnu.so
[37.297s] -- Symlinking: /home/robofei/Desktop/visao_ws/install/custom_interfaces/lib/python3.8/site-packages/custom_interfaces/custom_interfaces_s__rosidl_typesupport_c.cpython-38-x86_64-linux-gnu.so
[37.312s] -- Symlinking: /home/robofei/Desktop/visao_ws/install/custom_interfaces/lib/libcustom_interfaces__python.so
[37.325s] -- Symlinking: /home/robofei/Desktop/visao_ws/install/custom_interfaces/share/custom_interfaces/msg/SetPosition.idl
[37.337s] -- Symlinking: /home/robofei/Desktop/visao_ws/install/custom_interfaces/share/custom_interfaces/msg/Vision.idl
[37.350s] -- Symlinking: /home/robofei/Desktop/visao_ws/install/custom_interfaces/share/custom_interfaces/msg/HumanoidLeagueMsgs.idl
[37.362s] -- Symlinking: /home/robofei/Desktop/visao_ws/install/custom_interfaces/share/custom_interfaces/msg/Localization.idl
[37.374s] -- Symlinking: /home/robofei/Desktop/visao_ws/install/custom_interfaces/share/custom_interfaces/msg/SetPositionOriginal.idl
[37.386s] -- Symlinking: /home/robofei/Desktop/visao_ws/install/custom_interfaces/share/custom_interfaces/msg/Decision.idl
[37.399s] -- Symlinking: /home/robofei/Desktop/visao_ws/install/custom_interfaces/share/custom_interfaces/msg/Walk.idl
[37.412s] -- Symlinking: /home/robofei/Desktop/visao_ws/install/custom_interfaces/share/custom_interfaces/msg/ParamWalk.idl
[37.425s] -- Symlinking: /home/robofei/Desktop/visao_ws/install/custom_interfaces/share/custom_interfaces/srv/GetPosition.idl
[37.437s] -- Symlinking: /home/robofei/Desktop/visao_ws/install/custom_interfaces/share/custom_interfaces/srv/Reset.idl
[37.449s] -- Symlinking: /home/robofei/Desktop/visao_ws/install/custom_interfaces/share/custom_interfaces/msg/SetPosition.msg
[37.461s] -- Symlinking: /home/robofei/Desktop/visao_ws/install/custom_interfaces/share/custom_interfaces/msg/Vision.msg
[37.473s] -- Symlinking: /home/robofei/Desktop/visao_ws/install/custom_interfaces/share/custom_interfaces/msg/HumanoidLeagueMsgs.msg
[37.485s] -- Symlinking: /home/robofei/Desktop/visao_ws/install/custom_interfaces/share/custom_interfaces/msg/Localization.msg
[37.498s] -- Symlinking: /home/robofei/Desktop/visao_ws/install/custom_interfaces/share/custom_interfaces/msg/SetPositionOriginal.msg
[37.514s] -- Symlinking: /home/robofei/Desktop/visao_ws/install/custom_interfaces/share/custom_interfaces/msg/Decision.msg
[37.526s] -- Symlinking: /home/robofei/Desktop/visao_ws/install/custom_interfaces/share/custom_interfaces/msg/Walk.msg
[37.540s] -- Symlinking: /home/robofei/Desktop/visao_ws/install/custom_interfaces/share/custom_interfaces/msg/ParamWalk.msg
[37.552s] -- Symlinking: /home/robofei/Desktop/visao_ws/install/custom_interfaces/share/custom_interfaces/srv/GetPosition.srv
[37.564s] -- Symlinking: /home/robofei/Desktop/visao_ws/install/custom_interfaces/share/custom_interfaces/srv/GetPosition_Request.msg
[37.576s] -- Symlinking: /home/robofei/Desktop/visao_ws/install/custom_interfaces/share/custom_interfaces/srv/GetPosition_Response.msg
[37.588s] -- Symlinking: /home/robofei/Desktop/visao_ws/install/custom_interfaces/share/custom_interfaces/srv/Reset.srv
[37.600s] -- Symlinking: /home/robofei/Desktop/visao_ws/install/custom_interfaces/share/custom_interfaces/srv/Reset_Request.msg
[37.613s] -- Symlinking: /home/robofei/Desktop/visao_ws/install/custom_interfaces/share/custom_interfaces/srv/Reset_Response.msg
[37.628s] -- Symlinking: /home/robofei/Desktop/visao_ws/install/custom_interfaces/share/ament_index/resource_index/package_run_dependencies/custom_interfaces
[37.640s] -- Symlinking: /home/robofei/Desktop/visao_ws/install/custom_interfaces/share/ament_index/resource_index/parent_prefix_path/custom_interfaces
[37.653s] -- Symlinking: /home/robofei/Desktop/visao_ws/install/custom_interfaces/share/custom_interfaces/environment/ament_prefix_path.sh
[37.665s] -- Symlinking: /home/robofei/Desktop/visao_ws/install/custom_interfaces/share/custom_interfaces/environment/ament_prefix_path.dsv
[37.677s] -- Symlinking: /home/robofei/Desktop/visao_ws/install/custom_interfaces/share/custom_interfaces/environment/path.sh
[37.690s] -- Symlinking: /home/robofei/Desktop/visao_ws/install/custom_interfaces/share/custom_interfaces/environment/path.dsv
[37.702s] -- Symlinking: /home/robofei/Desktop/visao_ws/install/custom_interfaces/share/custom_interfaces/local_setup.bash
[37.715s] -- Symlinking: /home/robofei/Desktop/visao_ws/install/custom_interfaces/share/custom_interfaces/local_setup.sh
[37.727s] -- Symlinking: /home/robofei/Desktop/visao_ws/install/custom_interfaces/share/custom_interfaces/local_setup.zsh
[37.741s] -- Symlinking: /home/robofei/Desktop/visao_ws/install/custom_interfaces/share/custom_interfaces/local_setup.dsv
[37.753s] -- Symlinking: /home/robofei/Desktop/visao_ws/install/custom_interfaces/share/custom_interfaces/package.dsv
[37.766s] -- Symlinking: /home/robofei/Desktop/visao_ws/install/custom_interfaces/share/ament_index/resource_index/packages/custom_interfaces
[37.779s] -- Symlinking: /home/robofei/Desktop/visao_ws/install/custom_interfaces/share/custom_interfaces/cmake/rosidl_cmake-extras.cmake
[37.791s] -- Symlinking: /home/robofei/Desktop/visao_ws/install/custom_interfaces/share/custom_interfaces/cmake/ament_cmake_export_dependencies-extras.cmake
[37.804s] -- Symlinking: /home/robofei/Desktop/visao_ws/install/custom_interfaces/share/custom_interfaces/cmake/ament_cmake_export_libraries-extras.cmake
[37.819s] -- Symlinking: /home/robofei/Desktop/visao_ws/install/custom_interfaces/share/custom_interfaces/cmake/ament_cmake_export_targets-extras.cmake
[37.831s] -- Symlinking: /home/robofei/Desktop/visao_ws/install/custom_interfaces/share/custom_interfaces/cmake/ament_cmake_export_include_directories-extras.cmake
[37.843s] -- Symlinking: /home/robofei/Desktop/visao_ws/install/custom_interfaces/share/custom_interfaces/cmake/rosidl_cmake_export_typesupport_libraries-extras.cmake
[37.855s] -- Symlinking: /home/robofei/Desktop/visao_ws/install/custom_interfaces/share/custom_interfaces/cmake/rosidl_cmake_export_typesupport_targets-extras.cmake
[37.868s] -- Symlinking: /home/robofei/Desktop/visao_ws/install/custom_interfaces/share/custom_interfaces/cmake/custom_interfacesConfig.cmake
[37.880s] -- Symlinking: /home/robofei/Desktop/visao_ws/install/custom_interfaces/share/custom_interfaces/cmake/custom_interfacesConfig-version.cmake
[37.893s] -- Symlinking: /home/robofei/Desktop/visao_ws/install/custom_interfaces/share/custom_interfaces/package.xml
[37.906s] -- Installing: /home/robofei/Desktop/visao_ws/install/custom_interfaces/lib/libcustom_interfaces__rosidl_generator_c.so
[37.907s] -- Set runtime path of "/home/robofei/Desktop/visao_ws/install/custom_interfaces/lib/libcustom_interfaces__rosidl_generator_c.so" to ""
[37.907s] -- Installing: /home/robofei/Desktop/visao_ws/install/custom_interfaces/lib/libcustom_interfaces__rosidl_typesupport_introspection_c.so
[37.908s] -- Set runtime path of "/home/robofei/Desktop/visao_ws/install/custom_interfaces/lib/libcustom_interfaces__rosidl_typesupport_introspection_c.so" to ""
[37.908s] -- Installing: /home/robofei/Desktop/visao_ws/install/custom_interfaces/lib/libcustom_interfaces__rosidl_typesupport_c.so
[37.909s] -- Set runtime path of "/home/robofei/Desktop/visao_ws/install/custom_interfaces/lib/libcustom_interfaces__rosidl_typesupport_c.so" to ""
[37.909s] -- Installing: /home/robofei/Desktop/visao_ws/install/custom_interfaces/lib/libcustom_interfaces__rosidl_typesupport_introspection_cpp.so
[37.910s] -- Set runtime path of "/home/robofei/Desktop/visao_ws/install/custom_interfaces/lib/libcustom_interfaces__rosidl_typesupport_introspection_cpp.so" to ""
[37.911s] -- Installing: /home/robofei/Desktop/visao_ws/install/custom_interfaces/lib/libcustom_interfaces__rosidl_typesupport_cpp.so
[37.912s] -- Set runtime path of "/home/robofei/Desktop/visao_ws/install/custom_interfaces/lib/libcustom_interfaces__rosidl_typesupport_cpp.so" to ""
[37.953s] Compiling '/home/robofei/Desktop/visao_ws/install/custom_interfaces/lib/python3.8/site-packages/custom_interfaces/__init__.py'...
[37.957s] -- Installing: /home/robofei/Desktop/visao_ws/install/custom_interfaces/share/custom_interfaces/cmake/custom_interfaces__rosidl_generator_cExport.cmake
[37.957s] -- Installing: /home/robofei/Desktop/visao_ws/install/custom_interfaces/share/custom_interfaces/cmake/custom_interfaces__rosidl_generator_cExport-noconfig.cmake
[37.958s] -- Installing: /home/robofei/Desktop/visao_ws/install/custom_interfaces/share/custom_interfaces/cmake/custom_interfaces__rosidl_typesupport_introspection_cExport.cmake
[37.958s] -- Installing: /home/robofei/Desktop/visao_ws/install/custom_interfaces/share/custom_interfaces/cmake/custom_interfaces__rosidl_typesupport_introspection_cExport-noconfig.cmake
[37.958s] -- Installing: /home/robofei/Desktop/visao_ws/install/custom_interfaces/share/custom_interfaces/cmake/custom_interfaces__rosidl_typesupport_cExport.cmake
[37.958s] -- Installing: /home/robofei/Desktop/visao_ws/install/custom_interfaces/share/custom_interfaces/cmake/custom_interfaces__rosidl_typesupport_cExport-noconfig.cmake
[37.959s] -- Installing: /home/robofei/Desktop/visao_ws/install/custom_interfaces/share/custom_interfaces/cmake/custom_interfaces__rosidl_generator_cppExport.cmake
[37.959s] -- Installing: /home/robofei/Desktop/visao_ws/install/custom_interfaces/share/custom_interfaces/cmake/custom_interfaces__rosidl_typesupport_introspection_cppExport.cmake
[37.959s] -- Installing: /home/robofei/Desktop/visao_ws/install/custom_interfaces/share/custom_interfaces/cmake/custom_interfaces__rosidl_typesupport_introspection_cppExport-noconfig.cmake
[37.960s] -- Installing: /home/robofei/Desktop/visao_ws/install/custom_interfaces/share/custom_interfaces/cmake/custom_interfaces__rosidl_typesupport_cppExport.cmake
[37.960s] -- Installing: /home/robofei/Desktop/visao_ws/install/custom_interfaces/share/custom_interfaces/cmake/custom_interfaces__rosidl_typesupport_cppExport-noconfig.cmake
[37.967s] Invoked command in '/home/robofei/Desktop/visao_ws/build/custom_interfaces' returned '0': CMAKE_PREFIX_PATH=/home/robofei/Desktop/visao_ws/install/vision_test:/opt/ros/foxy /usr/bin/cmake --install /home/robofei/Desktop/visao_ws/build/custom_interfaces
