[0.461s] Invoking command in '/home/robofei/Desktop/visao_ws/build/custom_interfaces': CMAKE_PREFIX_PATH=${CMAKE_PREFIX_PATH}:/home/robofei/Desktop/visao_ws/install/vision_test:/opt/ros/foxy /usr/bin/cmake --build /home/robofei/Desktop/visao_ws/build/custom_interfaces -- -j4 -l4
[1.742s] [  0%] Built target custom_interfaces__cpp
[2.444s] [ 12%] Built target custom_interfaces__rosidl_generator_c
[2.462s] [ 24%] Built target custom_interfaces__rosidl_typesupport_cpp
[2.594s] [ 35%] Built target custom_interfaces__rosidl_typesupport_fastrtps_cpp
[2.836s] [ 47%] Built target custom_interfaces__rosidl_typesupport_introspection_cpp
[3.040s] [ 58%] Built target custom_interfaces__rosidl_typesupport_c
[3.055s] [ 70%] Built target custom_interfaces__rosidl_typesupport_introspection_c
[3.231s] [ 82%] Built target custom_interfaces__rosidl_typesupport_fastrtps_c
[3.476s] [ 82%] Built target custom_interfaces
[3.960s] [ 83%] Built target custom_interfaces__py
[4.561s] [ 94%] Built target custom_interfaces__python
[4.985s] [ 96%] Built target custom_interfaces__rosidl_typesupport_introspection_c__pyext
[4.988s] [ 98%] Built target custom_interfaces__rosidl_typesupport_fastrtps_c__pyext
[4.989s] [100%] Built target custom_interfaces__rosidl_typesupport_c__pyext
[5.008s] Invoked command in '/home/robofei/Desktop/visao_ws/build/custom_interfaces' returned '0': CMAKE_PREFIX_PATH=${CMAKE_PREFIX_PATH}:/home/robofei/Desktop/visao_ws/install/vision_test:/opt/ros/foxy /usr/bin/cmake --build /home/robofei/Desktop/visao_ws/build/custom_interfaces -- -j4 -l4
[5.275s] Invoking command in '/home/robofei/Desktop/visao_ws/build/custom_interfaces': CMAKE_PREFIX_PATH=${CMAKE_PREFIX_PATH}:/home/robofei/Desktop/visao_ws/install/vision_test:/opt/ros/foxy /usr/bin/cmake --install /home/robofei/Desktop/visao_ws/build/custom_interfaces
[5.338s] -- Install configuration: ""
[5.379s] -- Execute custom install script
[5.423s] -- Up-to-date symlink: /home/robofei/Desktop/visao_ws/install/custom_interfaces/share/ament_index/resource_index/rosidl_interfaces/custom_interfaces
[5.529s] -- Up-to-date symlink: /home/robofei/Desktop/visao_ws/install/custom_interfaces/include/custom_interfaces/msg/decision.h
[5.532s] -- Up-to-date symlink: /home/robofei/Desktop/visao_ws/install/custom_interfaces/include/custom_interfaces/msg/detail/decision__functions.h
[5.578s] -- Up-to-date symlink: /home/robofei/Desktop/visao_ws/install/custom_interfaces/include/custom_interfaces/msg/detail/decision__struct.h
[5.580s] -- Up-to-date symlink: /home/robofei/Desktop/visao_ws/install/custom_interfaces/include/custom_interfaces/msg/detail/decision__type_support.h
[5.583s] -- Up-to-date symlink: /home/robofei/Desktop/visao_ws/install/custom_interfaces/include/custom_interfaces/msg/detail/humanoid_league_msgs__functions.h
[5.585s] -- Up-to-date symlink: /home/robofei/Desktop/visao_ws/install/custom_interfaces/include/custom_interfaces/msg/detail/humanoid_league_msgs__struct.h
[5.622s] -- Up-to-date symlink: /home/robofei/Desktop/visao_ws/install/custom_interfaces/include/custom_interfaces/msg/detail/humanoid_league_msgs__type_support.h
[5.624s] -- Up-to-date symlink: /home/robofei/Desktop/visao_ws/install/custom_interfaces/include/custom_interfaces/msg/detail/localization__functions.h
[5.626s] -- Up-to-date symlink: /home/robofei/Desktop/visao_ws/install/custom_interfaces/include/custom_interfaces/msg/detail/localization__struct.h
[5.628s] -- Up-to-date symlink: /home/robofei/Desktop/visao_ws/install/custom_interfaces/include/custom_interfaces/msg/detail/localization__type_support.h
[5.660s] -- Up-to-date symlink: /home/robofei/Desktop/visao_ws/install/custom_interfaces/include/custom_interfaces/msg/detail/param_walk__functions.h
[5.662s] -- Up-to-date symlink: /home/robofei/Desktop/visao_ws/install/custom_interfaces/include/custom_interfaces/msg/detail/param_walk__struct.h
[5.664s] -- Up-to-date symlink: /home/robofei/Desktop/visao_ws/install/custom_interfaces/include/custom_interfaces/msg/detail/param_walk__type_support.h
[5.666s] -- Up-to-date symlink: /home/robofei/Desktop/visao_ws/install/custom_interfaces/include/custom_interfaces/msg/detail/set_position__functions.h
[5.669s] -- Up-to-date symlink: /home/robofei/Desktop/visao_ws/install/custom_interfaces/include/custom_interfaces/msg/detail/set_position__struct.h
[5.696s] -- Up-to-date symlink: /home/robofei/Desktop/visao_ws/install/custom_interfaces/include/custom_interfaces/msg/detail/set_position__type_support.h
[5.698s] -- Up-to-date symlink: /home/robofei/Desktop/visao_ws/install/custom_interfaces/include/custom_interfaces/msg/detail/set_position_original__functions.h
[5.700s] -- Up-to-date symlink: /home/robofei/Desktop/visao_ws/install/custom_interfaces/include/custom_interfaces/msg/detail/set_position_original__struct.h
[5.741s] -- Up-to-date symlink: /home/robofei/Desktop/visao_ws/install/custom_interfaces/include/custom_interfaces/msg/detail/set_position_original__type_support.h
[5.744s] -- Up-to-date symlink: /home/robofei/Desktop/visao_ws/install/custom_interfaces/include/custom_interfaces/msg/detail/vision__functions.h
[5.746s] -- Up-to-date symlink: /home/robofei/Desktop/visao_ws/install/custom_interfaces/include/custom_interfaces/msg/detail/vision__struct.h
[5.748s] -- Up-to-date symlink: /home/robofei/Desktop/visao_ws/install/custom_interfaces/include/custom_interfaces/msg/detail/vision__type_support.h
[5.774s] -- Up-to-date symlink: /home/robofei/Desktop/visao_ws/install/custom_interfaces/include/custom_interfaces/msg/detail/walk__functions.h
[5.776s] -- Up-to-date symlink: /home/robofei/Desktop/visao_ws/install/custom_interfaces/include/custom_interfaces/msg/detail/walk__struct.h
[5.778s] -- Up-to-date symlink: /home/robofei/Desktop/visao_ws/install/custom_interfaces/include/custom_interfaces/msg/detail/walk__type_support.h
[5.818s] -- Up-to-date symlink: /home/robofei/Desktop/visao_ws/install/custom_interfaces/include/custom_interfaces/msg/humanoid_league_msgs.h
[5.853s] -- Up-to-date symlink: /home/robofei/Desktop/visao_ws/install/custom_interfaces/include/custom_interfaces/msg/localization.h
[5.885s] -- Up-to-date symlink: /home/robofei/Desktop/visao_ws/install/custom_interfaces/include/custom_interfaces/msg/param_walk.h
[5.887s] -- Up-to-date symlink: /home/robofei/Desktop/visao_ws/install/custom_interfaces/include/custom_interfaces/msg/rosidl_generator_c__visibility_control.h
[5.889s] -- Up-to-date symlink: /home/robofei/Desktop/visao_ws/install/custom_interfaces/include/custom_interfaces/msg/set_position.h
[5.926s] -- Up-to-date symlink: /home/robofei/Desktop/visao_ws/install/custom_interfaces/include/custom_interfaces/msg/set_position_original.h
[5.928s] -- Up-to-date symlink: /home/robofei/Desktop/visao_ws/install/custom_interfaces/include/custom_interfaces/msg/vision.h
[5.930s] -- Up-to-date symlink: /home/robofei/Desktop/visao_ws/install/custom_interfaces/include/custom_interfaces/msg/walk.h
[5.960s] -- Up-to-date symlink: /home/robofei/Desktop/visao_ws/install/custom_interfaces/include/custom_interfaces/srv/detail/get_position__functions.h
[5.962s] -- Up-to-date symlink: /home/robofei/Desktop/visao_ws/install/custom_interfaces/include/custom_interfaces/srv/detail/get_position__struct.h
[5.992s] -- Up-to-date symlink: /home/robofei/Desktop/visao_ws/install/custom_interfaces/include/custom_interfaces/srv/detail/get_position__type_support.h
[6.038s] -- Up-to-date symlink: /home/robofei/Desktop/visao_ws/install/custom_interfaces/include/custom_interfaces/srv/detail/reset__functions.h
[6.040s] -- Up-to-date symlink: /home/robofei/Desktop/visao_ws/install/custom_interfaces/include/custom_interfaces/srv/detail/reset__struct.h
[6.042s] -- Up-to-date symlink: /home/robofei/Desktop/visao_ws/install/custom_interfaces/include/custom_interfaces/srv/detail/reset__type_support.h
[6.045s] -- Up-to-date symlink: /home/robofei/Desktop/visao_ws/install/custom_interfaces/include/custom_interfaces/srv/get_position.h
[6.082s] -- Up-to-date symlink: /home/robofei/Desktop/visao_ws/install/custom_interfaces/include/custom_interfaces/srv/reset.h
[6.085s] -- Up-to-date symlink: /home/robofei/Desktop/visao_ws/install/custom_interfaces/share/custom_interfaces/environment/library_path.sh
[6.088s] -- Up-to-date symlink: /home/robofei/Desktop/visao_ws/install/custom_interfaces/share/custom_interfaces/environment/library_path.dsv
[6.128s] -- Up-to-date symlink: /home/robofei/Desktop/visao_ws/install/custom_interfaces/include/custom_interfaces/msg/detail/decision__rosidl_typesupport_fastrtps_c.h
[6.130s] -- Up-to-date symlink: /home/robofei/Desktop/visao_ws/install/custom_interfaces/include/custom_interfaces/msg/detail/humanoid_league_msgs__rosidl_typesupport_fastrtps_c.h
[6.132s] -- Up-to-date symlink: /home/robofei/Desktop/visao_ws/install/custom_interfaces/include/custom_interfaces/msg/detail/localization__rosidl_typesupport_fastrtps_c.h
[6.172s] -- Up-to-date symlink: /home/robofei/Desktop/visao_ws/install/custom_interfaces/include/custom_interfaces/msg/detail/param_walk__rosidl_typesupport_fastrtps_c.h
[6.175s] -- Up-to-date symlink: /home/robofei/Desktop/visao_ws/install/custom_interfaces/include/custom_interfaces/msg/detail/set_position__rosidl_typesupport_fastrtps_c.h
[6.177s] -- Up-to-date symlink: /home/robofei/Desktop/visao_ws/install/custom_interfaces/include/custom_interfaces/msg/detail/set_position_original__rosidl_typesupport_fastrtps_c.h
[6.180s] -- Up-to-date symlink: /home/robofei/Desktop/visao_ws/install/custom_interfaces/include/custom_interfaces/msg/detail/vision__rosidl_typesupport_fastrtps_c.h
[6.206s] -- Up-to-date symlink: /home/robofei/Desktop/visao_ws/install/custom_interfaces/include/custom_interfaces/msg/detail/walk__rosidl_typesupport_fastrtps_c.h
[6.208s] -- Up-to-date symlink: /home/robofei/Desktop/visao_ws/install/custom_interfaces/include/custom_interfaces/msg/rosidl_typesupport_fastrtps_c__visibility_control.h
[6.211s] -- Up-to-date symlink: /home/robofei/Desktop/visao_ws/install/custom_interfaces/include/custom_interfaces/srv/detail/get_position__rosidl_typesupport_fastrtps_c.h
[6.213s] -- Up-to-date symlink: /home/robofei/Desktop/visao_ws/install/custom_interfaces/include/custom_interfaces/srv/detail/reset__rosidl_typesupport_fastrtps_c.h
[6.240s] -- Up-to-date symlink: /home/robofei/Desktop/visao_ws/install/custom_interfaces/lib/libcustom_interfaces__rosidl_typesupport_fastrtps_c.so
[6.250s] -- Up-to-date symlink: /home/robofei/Desktop/visao_ws/install/custom_interfaces/include/custom_interfaces/msg/detail/decision__rosidl_typesupport_fastrtps_cpp.hpp
[6.252s] -- Up-to-date symlink: /home/robofei/Desktop/visao_ws/install/custom_interfaces/include/custom_interfaces/msg/detail/humanoid_league_msgs__rosidl_typesupport_fastrtps_cpp.hpp
[6.271s] -- Up-to-date symlink: /home/robofei/Desktop/visao_ws/install/custom_interfaces/include/custom_interfaces/msg/detail/localization__rosidl_typesupport_fastrtps_cpp.hpp
[6.274s] -- Up-to-date symlink: /home/robofei/Desktop/visao_ws/install/custom_interfaces/include/custom_interfaces/msg/detail/param_walk__rosidl_typesupport_fastrtps_cpp.hpp
[6.277s] -- Up-to-date symlink: /home/robofei/Desktop/visao_ws/install/custom_interfaces/include/custom_interfaces/msg/detail/set_position__rosidl_typesupport_fastrtps_cpp.hpp
[6.294s] -- Up-to-date symlink: /home/robofei/Desktop/visao_ws/install/custom_interfaces/include/custom_interfaces/msg/detail/set_position_original__rosidl_typesupport_fastrtps_cpp.hpp
[6.296s] -- Up-to-date symlink: /home/robofei/Desktop/visao_ws/install/custom_interfaces/include/custom_interfaces/msg/detail/vision__rosidl_typesupport_fastrtps_cpp.hpp
[6.298s] -- Up-to-date symlink: /home/robofei/Desktop/visao_ws/install/custom_interfaces/include/custom_interfaces/msg/detail/walk__rosidl_typesupport_fastrtps_cpp.hpp
[6.300s] -- Up-to-date symlink: /home/robofei/Desktop/visao_ws/install/custom_interfaces/include/custom_interfaces/msg/rosidl_typesupport_fastrtps_cpp__visibility_control.h
[6.302s] -- Up-to-date symlink: /home/robofei/Desktop/visao_ws/install/custom_interfaces/include/custom_interfaces/srv/detail/get_position__rosidl_typesupport_fastrtps_cpp.hpp
[6.304s] -- Up-to-date symlink: /home/robofei/Desktop/visao_ws/install/custom_interfaces/include/custom_interfaces/srv/detail/reset__rosidl_typesupport_fastrtps_cpp.hpp
[6.324s] -- Up-to-date symlink: /home/robofei/Desktop/visao_ws/install/custom_interfaces/lib/libcustom_interfaces__rosidl_typesupport_fastrtps_cpp.so
[6.329s] -- Up-to-date symlink: /home/robofei/Desktop/visao_ws/install/custom_interfaces/include/custom_interfaces/msg/detail/decision__rosidl_typesupport_introspection_c.h
[6.330s] -- Up-to-date symlink: /home/robofei/Desktop/visao_ws/install/custom_interfaces/include/custom_interfaces/msg/detail/humanoid_league_msgs__rosidl_typesupport_introspection_c.h
[6.331s] -- Up-to-date symlink: /home/robofei/Desktop/visao_ws/install/custom_interfaces/include/custom_interfaces/msg/detail/localization__rosidl_typesupport_introspection_c.h
[6.332s] -- Up-to-date symlink: /home/robofei/Desktop/visao_ws/install/custom_interfaces/include/custom_interfaces/msg/detail/param_walk__rosidl_typesupport_introspection_c.h
[6.333s] -- Up-to-date symlink: /home/robofei/Desktop/visao_ws/install/custom_interfaces/include/custom_interfaces/msg/detail/set_position__rosidl_typesupport_introspection_c.h
[6.334s] -- Up-to-date symlink: /home/robofei/Desktop/visao_ws/install/custom_interfaces/include/custom_interfaces/msg/detail/set_position_original__rosidl_typesupport_introspection_c.h
[6.353s] -- Up-to-date symlink: /home/robofei/Desktop/visao_ws/install/custom_interfaces/include/custom_interfaces/msg/detail/vision__rosidl_typesupport_introspection_c.h
[6.353s] -- Up-to-date symlink: /home/robofei/Desktop/visao_ws/install/custom_interfaces/include/custom_interfaces/msg/detail/walk__rosidl_typesupport_introspection_c.h
[6.354s] -- Up-to-date symlink: /home/robofei/Desktop/visao_ws/install/custom_interfaces/include/custom_interfaces/msg/rosidl_typesupport_introspection_c__visibility_control.h
[6.386s] -- Up-to-date symlink: /home/robofei/Desktop/visao_ws/install/custom_interfaces/include/custom_interfaces/srv/detail/get_position__rosidl_typesupport_introspection_c.h
[6.387s] -- Up-to-date symlink: /home/robofei/Desktop/visao_ws/install/custom_interfaces/include/custom_interfaces/srv/detail/reset__rosidl_typesupport_introspection_c.h
[6.389s] -- Up-to-date symlink: /home/robofei/Desktop/visao_ws/install/custom_interfaces/include/custom_interfaces/msg/decision.hpp
[6.390s] -- Up-to-date symlink: /home/robofei/Desktop/visao_ws/install/custom_interfaces/include/custom_interfaces/msg/detail/decision__builder.hpp
[6.421s] -- Up-to-date symlink: /home/robofei/Desktop/visao_ws/install/custom_interfaces/include/custom_interfaces/msg/detail/decision__struct.hpp
[6.423s] -- Up-to-date symlink: /home/robofei/Desktop/visao_ws/install/custom_interfaces/include/custom_interfaces/msg/detail/decision__traits.hpp
[6.426s] -- Up-to-date symlink: /home/robofei/Desktop/visao_ws/install/custom_interfaces/include/custom_interfaces/msg/detail/humanoid_league_msgs__builder.hpp
[6.454s] -- Up-to-date symlink: /home/robofei/Desktop/visao_ws/install/custom_interfaces/include/custom_interfaces/msg/detail/humanoid_league_msgs__struct.hpp
[6.456s] -- Up-to-date symlink: /home/robofei/Desktop/visao_ws/install/custom_interfaces/include/custom_interfaces/msg/detail/humanoid_league_msgs__traits.hpp
[6.458s] -- Up-to-date symlink: /home/robofei/Desktop/visao_ws/install/custom_interfaces/include/custom_interfaces/msg/detail/localization__builder.hpp
[6.460s] -- Up-to-date symlink: /home/robofei/Desktop/visao_ws/install/custom_interfaces/include/custom_interfaces/msg/detail/localization__struct.hpp
[6.488s] -- Up-to-date symlink: /home/robofei/Desktop/visao_ws/install/custom_interfaces/include/custom_interfaces/msg/detail/localization__traits.hpp
[6.490s] -- Up-to-date symlink: /home/robofei/Desktop/visao_ws/install/custom_interfaces/include/custom_interfaces/msg/detail/param_walk__builder.hpp
[6.523s] -- Up-to-date symlink: /home/robofei/Desktop/visao_ws/install/custom_interfaces/include/custom_interfaces/msg/detail/param_walk__struct.hpp
[6.525s] -- Up-to-date symlink: /home/robofei/Desktop/visao_ws/install/custom_interfaces/include/custom_interfaces/msg/detail/param_walk__traits.hpp
[6.527s] -- Up-to-date symlink: /home/robofei/Desktop/visao_ws/install/custom_interfaces/include/custom_interfaces/msg/detail/set_position__builder.hpp
[6.569s] -- Up-to-date symlink: /home/robofei/Desktop/visao_ws/install/custom_interfaces/include/custom_interfaces/msg/detail/set_position__struct.hpp
[6.571s] -- Up-to-date symlink: /home/robofei/Desktop/visao_ws/install/custom_interfaces/include/custom_interfaces/msg/detail/set_position__traits.hpp
[6.573s] -- Up-to-date symlink: /home/robofei/Desktop/visao_ws/install/custom_interfaces/include/custom_interfaces/msg/detail/set_position_original__builder.hpp
[6.576s] -- Up-to-date symlink: /home/robofei/Desktop/visao_ws/install/custom_interfaces/include/custom_interfaces/msg/detail/set_position_original__struct.hpp
[6.602s] -- Up-to-date symlink: /home/robofei/Desktop/visao_ws/install/custom_interfaces/include/custom_interfaces/msg/detail/set_position_original__traits.hpp
[6.604s] -- Up-to-date symlink: /home/robofei/Desktop/visao_ws/install/custom_interfaces/include/custom_interfaces/msg/detail/vision__builder.hpp
[6.606s] -- Up-to-date symlink: /home/robofei/Desktop/visao_ws/install/custom_interfaces/include/custom_interfaces/msg/detail/vision__struct.hpp
[6.608s] -- Up-to-date symlink: /home/robofei/Desktop/visao_ws/install/custom_interfaces/include/custom_interfaces/msg/detail/vision__traits.hpp
[6.635s] -- Up-to-date symlink: /home/robofei/Desktop/visao_ws/install/custom_interfaces/include/custom_interfaces/msg/detail/walk__builder.hpp
[6.637s] -- Up-to-date symlink: /home/robofei/Desktop/visao_ws/install/custom_interfaces/include/custom_interfaces/msg/detail/walk__struct.hpp
[6.639s] -- Up-to-date symlink: /home/robofei/Desktop/visao_ws/install/custom_interfaces/include/custom_interfaces/msg/detail/walk__traits.hpp
[6.641s] -- Up-to-date symlink: /home/robofei/Desktop/visao_ws/install/custom_interfaces/include/custom_interfaces/msg/humanoid_league_msgs.hpp
[6.657s] -- Up-to-date symlink: /home/robofei/Desktop/visao_ws/install/custom_interfaces/include/custom_interfaces/msg/localization.hpp
[6.670s] -- Up-to-date symlink: /home/robofei/Desktop/visao_ws/install/custom_interfaces/include/custom_interfaces/msg/param_walk.hpp
[6.672s] -- Up-to-date symlink: /home/robofei/Desktop/visao_ws/install/custom_interfaces/include/custom_interfaces/msg/set_position.hpp
[6.674s] -- Up-to-date symlink: /home/robofei/Desktop/visao_ws/install/custom_interfaces/include/custom_interfaces/msg/set_position_original.hpp
[6.677s] -- Up-to-date symlink: /home/robofei/Desktop/visao_ws/install/custom_interfaces/include/custom_interfaces/msg/vision.hpp
[6.703s] -- Up-to-date symlink: /home/robofei/Desktop/visao_ws/install/custom_interfaces/include/custom_interfaces/msg/walk.hpp
[6.705s] -- Up-to-date symlink: /home/robofei/Desktop/visao_ws/install/custom_interfaces/include/custom_interfaces/srv/detail/get_position__builder.hpp
[6.707s] -- Up-to-date symlink: /home/robofei/Desktop/visao_ws/install/custom_interfaces/include/custom_interfaces/srv/detail/get_position__struct.hpp
[6.726s] -- Up-to-date symlink: /home/robofei/Desktop/visao_ws/install/custom_interfaces/include/custom_interfaces/srv/detail/get_position__traits.hpp
[6.728s] -- Up-to-date symlink: /home/robofei/Desktop/visao_ws/install/custom_interfaces/include/custom_interfaces/srv/detail/reset__builder.hpp
[6.730s] -- Up-to-date symlink: /home/robofei/Desktop/visao_ws/install/custom_interfaces/include/custom_interfaces/srv/detail/reset__struct.hpp
[6.732s] -- Up-to-date symlink: /home/robofei/Desktop/visao_ws/install/custom_interfaces/include/custom_interfaces/srv/detail/reset__traits.hpp
[6.748s] -- Up-to-date symlink: /home/robofei/Desktop/visao_ws/install/custom_interfaces/include/custom_interfaces/srv/get_position.hpp
[6.750s] -- Up-to-date symlink: /home/robofei/Desktop/visao_ws/install/custom_interfaces/include/custom_interfaces/srv/reset.hpp
[6.756s] -- Up-to-date symlink: /home/robofei/Desktop/visao_ws/install/custom_interfaces/include/custom_interfaces/msg/detail/decision__rosidl_typesupport_introspection_cpp.hpp
[6.758s] -- Up-to-date symlink: /home/robofei/Desktop/visao_ws/install/custom_interfaces/include/custom_interfaces/msg/detail/humanoid_league_msgs__rosidl_typesupport_introspection_cpp.hpp
[6.769s] -- Up-to-date symlink: /home/robofei/Desktop/visao_ws/install/custom_interfaces/include/custom_interfaces/msg/detail/localization__rosidl_typesupport_introspection_cpp.hpp
[6.829s] -- Up-to-date symlink: /home/robofei/Desktop/visao_ws/install/custom_interfaces/include/custom_interfaces/msg/detail/param_walk__rosidl_typesupport_introspection_cpp.hpp
[6.831s] -- Up-to-date symlink: /home/robofei/Desktop/visao_ws/install/custom_interfaces/include/custom_interfaces/msg/detail/set_position__rosidl_typesupport_introspection_cpp.hpp
[6.833s] -- Up-to-date symlink: /home/robofei/Desktop/visao_ws/install/custom_interfaces/include/custom_interfaces/msg/detail/set_position_original__rosidl_typesupport_introspection_cpp.hpp
[6.835s] -- Up-to-date symlink: /home/robofei/Desktop/visao_ws/install/custom_interfaces/include/custom_interfaces/msg/detail/vision__rosidl_typesupport_introspection_cpp.hpp
[6.851s] -- Up-to-date symlink: /home/robofei/Desktop/visao_ws/install/custom_interfaces/include/custom_interfaces/msg/detail/walk__rosidl_typesupport_introspection_cpp.hpp
[6.853s] -- Up-to-date symlink: /home/robofei/Desktop/visao_ws/install/custom_interfaces/include/custom_interfaces/srv/detail/get_position__rosidl_typesupport_introspection_cpp.hpp
[6.856s] -- Up-to-date symlink: /home/robofei/Desktop/visao_ws/install/custom_interfaces/include/custom_interfaces/srv/detail/reset__rosidl_typesupport_introspection_cpp.hpp
[6.883s] -- Up-to-date symlink: /home/robofei/Desktop/visao_ws/install/custom_interfaces/share/custom_interfaces/environment/pythonpath.sh
[6.885s] -- Up-to-date symlink: /home/robofei/Desktop/visao_ws/install/custom_interfaces/share/custom_interfaces/environment/pythonpath.dsv
[6.887s] -- Up-to-date symlink: /home/robofei/Desktop/visao_ws/install/custom_interfaces/lib/python3.8/site-packages/custom_interfaces/__init__.py
[6.897s] -- Up-to-date symlink: /home/robofei/Desktop/visao_ws/install/custom_interfaces/lib/python3.8/site-packages/custom_interfaces/msg/__init__.py
[6.898s] -- Up-to-date symlink: /home/robofei/Desktop/visao_ws/install/custom_interfaces/lib/python3.8/site-packages/custom_interfaces/msg/_decision.py
[6.899s] -- Up-to-date symlink: /home/robofei/Desktop/visao_ws/install/custom_interfaces/lib/python3.8/site-packages/custom_interfaces/msg/_humanoid_league_msgs.py
[6.922s] -- Up-to-date symlink: /home/robofei/Desktop/visao_ws/install/custom_interfaces/lib/python3.8/site-packages/custom_interfaces/msg/_localization.py
[6.923s] -- Up-to-date symlink: /home/robofei/Desktop/visao_ws/install/custom_interfaces/lib/python3.8/site-packages/custom_interfaces/msg/_param_walk.py
[6.923s] -- Up-to-date symlink: /home/robofei/Desktop/visao_ws/install/custom_interfaces/lib/python3.8/site-packages/custom_interfaces/msg/_set_position.py
[6.977s] -- Up-to-date symlink: /home/robofei/Desktop/visao_ws/install/custom_interfaces/lib/python3.8/site-packages/custom_interfaces/msg/_set_position_original.py
[6.994s] -- Up-to-date symlink: /home/robofei/Desktop/visao_ws/install/custom_interfaces/lib/python3.8/site-packages/custom_interfaces/msg/_vision.py
[6.996s] -- Up-to-date symlink: /home/robofei/Desktop/visao_ws/install/custom_interfaces/lib/python3.8/site-packages/custom_interfaces/msg/_walk.py
[7.014s] -- Up-to-date symlink: /home/robofei/Desktop/visao_ws/install/custom_interfaces/lib/python3.8/site-packages/custom_interfaces/srv/__init__.py
[7.017s] -- Up-to-date symlink: /home/robofei/Desktop/visao_ws/install/custom_interfaces/lib/python3.8/site-packages/custom_interfaces/srv/_get_position.py
[7.019s] -- Up-to-date symlink: /home/robofei/Desktop/visao_ws/install/custom_interfaces/lib/python3.8/site-packages/custom_interfaces/srv/_reset.py
[7.046s] -- Up-to-date symlink: /home/robofei/Desktop/visao_ws/install/custom_interfaces/lib/python3.8/site-packages/custom_interfaces/custom_interfaces_s__rosidl_typesupport_fastrtps_c.cpython-38-x86_64-linux-gnu.so
[7.079s] -- Up-to-date symlink: /home/robofei/Desktop/visao_ws/install/custom_interfaces/lib/python3.8/site-packages/custom_interfaces/custom_interfaces_s__rosidl_typesupport_introspection_c.cpython-38-x86_64-linux-gnu.so
[7.111s] -- Up-to-date symlink: /home/robofei/Desktop/visao_ws/install/custom_interfaces/lib/python3.8/site-packages/custom_interfaces/custom_interfaces_s__rosidl_typesupport_c.cpython-38-x86_64-linux-gnu.so
[7.135s] -- Up-to-date symlink: /home/robofei/Desktop/visao_ws/install/custom_interfaces/lib/libcustom_interfaces__python.so
[7.158s] -- Up-to-date symlink: /home/robofei/Desktop/visao_ws/install/custom_interfaces/share/custom_interfaces/msg/SetPosition.idl
[7.161s] -- Up-to-date symlink: /home/robofei/Desktop/visao_ws/install/custom_interfaces/share/custom_interfaces/msg/Vision.idl
[7.164s] -- Up-to-date symlink: /home/robofei/Desktop/visao_ws/install/custom_interfaces/share/custom_interfaces/msg/HumanoidLeagueMsgs.idl
[7.166s] -- Up-to-date symlink: /home/robofei/Desktop/visao_ws/install/custom_interfaces/share/custom_interfaces/msg/Localization.idl
[7.202s] -- Up-to-date symlink: /home/robofei/Desktop/visao_ws/install/custom_interfaces/share/custom_interfaces/msg/SetPositionOriginal.idl
[7.205s] -- Up-to-date symlink: /home/robofei/Desktop/visao_ws/install/custom_interfaces/share/custom_interfaces/msg/Decision.idl
[7.237s] -- Up-to-date symlink: /home/robofei/Desktop/visao_ws/install/custom_interfaces/share/custom_interfaces/msg/Walk.idl
[7.240s] -- Up-to-date symlink: /home/robofei/Desktop/visao_ws/install/custom_interfaces/share/custom_interfaces/msg/ParamWalk.idl
[7.282s] -- Up-to-date symlink: /home/robofei/Desktop/visao_ws/install/custom_interfaces/share/custom_interfaces/srv/GetPosition.idl
[7.285s] -- Up-to-date symlink: /home/robofei/Desktop/visao_ws/install/custom_interfaces/share/custom_interfaces/srv/Reset.idl
[7.288s] -- Up-to-date symlink: /home/robofei/Desktop/visao_ws/install/custom_interfaces/share/custom_interfaces/msg/SetPosition.msg
[7.290s] -- Up-to-date symlink: /home/robofei/Desktop/visao_ws/install/custom_interfaces/share/custom_interfaces/msg/Vision.msg
[7.315s] -- Up-to-date symlink: /home/robofei/Desktop/visao_ws/install/custom_interfaces/share/custom_interfaces/msg/HumanoidLeagueMsgs.msg
[7.318s] -- Up-to-date symlink: /home/robofei/Desktop/visao_ws/install/custom_interfaces/share/custom_interfaces/msg/Localization.msg
[7.320s] -- Up-to-date symlink: /home/robofei/Desktop/visao_ws/install/custom_interfaces/share/custom_interfaces/msg/SetPositionOriginal.msg
[7.323s] -- Up-to-date symlink: /home/robofei/Desktop/visao_ws/install/custom_interfaces/share/custom_interfaces/msg/Decision.msg
[7.359s] -- Up-to-date symlink: /home/robofei/Desktop/visao_ws/install/custom_interfaces/share/custom_interfaces/msg/Walk.msg
[7.362s] -- Up-to-date symlink: /home/robofei/Desktop/visao_ws/install/custom_interfaces/share/custom_interfaces/msg/ParamWalk.msg
[7.364s] -- Up-to-date symlink: /home/robofei/Desktop/visao_ws/install/custom_interfaces/share/custom_interfaces/srv/GetPosition.srv
[7.393s] -- Up-to-date symlink: /home/robofei/Desktop/visao_ws/install/custom_interfaces/share/custom_interfaces/srv/GetPosition_Request.msg
[7.426s] -- Up-to-date symlink: /home/robofei/Desktop/visao_ws/install/custom_interfaces/share/custom_interfaces/srv/GetPosition_Response.msg
[7.428s] -- Up-to-date symlink: /home/robofei/Desktop/visao_ws/install/custom_interfaces/share/custom_interfaces/srv/Reset.srv
[7.431s] -- Up-to-date symlink: /home/robofei/Desktop/visao_ws/install/custom_interfaces/share/custom_interfaces/srv/Reset_Request.msg
[7.470s] -- Up-to-date symlink: /home/robofei/Desktop/visao_ws/install/custom_interfaces/share/custom_interfaces/srv/Reset_Response.msg
[7.475s] -- Up-to-date symlink: /home/robofei/Desktop/visao_ws/install/custom_interfaces/share/ament_index/resource_index/package_run_dependencies/custom_interfaces
[7.504s] -- Up-to-date symlink: /home/robofei/Desktop/visao_ws/install/custom_interfaces/share/ament_index/resource_index/parent_prefix_path/custom_interfaces
[7.507s] -- Up-to-date symlink: /home/robofei/Desktop/visao_ws/install/custom_interfaces/share/custom_interfaces/environment/ament_prefix_path.sh
[7.509s] -- Up-to-date symlink: /home/robofei/Desktop/visao_ws/install/custom_interfaces/share/custom_interfaces/environment/ament_prefix_path.dsv
[7.537s] -- Up-to-date symlink: /home/robofei/Desktop/visao_ws/install/custom_interfaces/share/custom_interfaces/environment/path.sh
[7.540s] -- Up-to-date symlink: /home/robofei/Desktop/visao_ws/install/custom_interfaces/share/custom_interfaces/environment/path.dsv
[7.543s] -- Up-to-date symlink: /home/robofei/Desktop/visao_ws/install/custom_interfaces/share/custom_interfaces/local_setup.bash
[7.545s] -- Up-to-date symlink: /home/robofei/Desktop/visao_ws/install/custom_interfaces/share/custom_interfaces/local_setup.sh
[7.570s] -- Up-to-date symlink: /home/robofei/Desktop/visao_ws/install/custom_interfaces/share/custom_interfaces/local_setup.zsh
[7.572s] -- Up-to-date symlink: /home/robofei/Desktop/visao_ws/install/custom_interfaces/share/custom_interfaces/local_setup.dsv
[7.575s] -- Symlinking: /home/robofei/Desktop/visao_ws/install/custom_interfaces/share/custom_interfaces/package.dsv
[7.647s] -- Up-to-date symlink: /home/robofei/Desktop/visao_ws/install/custom_interfaces/share/ament_index/resource_index/packages/custom_interfaces
[7.648s] -- Up-to-date symlink: /home/robofei/Desktop/visao_ws/install/custom_interfaces/share/custom_interfaces/cmake/rosidl_cmake-extras.cmake
[7.693s] -- Up-to-date symlink: /home/robofei/Desktop/visao_ws/install/custom_interfaces/share/custom_interfaces/cmake/ament_cmake_export_dependencies-extras.cmake
[7.696s] -- Up-to-date symlink: /home/robofei/Desktop/visao_ws/install/custom_interfaces/share/custom_interfaces/cmake/ament_cmake_export_libraries-extras.cmake
[7.698s] -- Up-to-date symlink: /home/robofei/Desktop/visao_ws/install/custom_interfaces/share/custom_interfaces/cmake/ament_cmake_export_targets-extras.cmake
[7.701s] -- Up-to-date symlink: /home/robofei/Desktop/visao_ws/install/custom_interfaces/share/custom_interfaces/cmake/ament_cmake_export_include_directories-extras.cmake
[7.726s] -- Up-to-date symlink: /home/robofei/Desktop/visao_ws/install/custom_interfaces/share/custom_interfaces/cmake/rosidl_cmake_export_typesupport_libraries-extras.cmake
[7.729s] -- Up-to-date symlink: /home/robofei/Desktop/visao_ws/install/custom_interfaces/share/custom_interfaces/cmake/rosidl_cmake_export_typesupport_targets-extras.cmake
[7.732s] -- Up-to-date symlink: /home/robofei/Desktop/visao_ws/install/custom_interfaces/share/custom_interfaces/cmake/custom_interfacesConfig.cmake
[7.734s] -- Up-to-date symlink: /home/robofei/Desktop/visao_ws/install/custom_interfaces/share/custom_interfaces/cmake/custom_interfacesConfig-version.cmake
[7.759s] -- Up-to-date symlink: /home/robofei/Desktop/visao_ws/install/custom_interfaces/share/custom_interfaces/package.xml
[7.817s] -- Up-to-date: /home/robofei/Desktop/visao_ws/install/custom_interfaces/lib/libcustom_interfaces__rosidl_generator_c.so
[7.860s] -- Up-to-date: /home/robofei/Desktop/visao_ws/install/custom_interfaces/lib/libcustom_interfaces__rosidl_typesupport_introspection_c.so
[7.907s] -- Up-to-date: /home/robofei/Desktop/visao_ws/install/custom_interfaces/lib/libcustom_interfaces__rosidl_typesupport_c.so
[7.945s] -- Up-to-date: /home/robofei/Desktop/visao_ws/install/custom_interfaces/lib/libcustom_interfaces__rosidl_typesupport_introspection_cpp.so
[8.003s] -- Up-to-date: /home/robofei/Desktop/visao_ws/install/custom_interfaces/lib/libcustom_interfaces__rosidl_typesupport_cpp.so
[8.255s] -- Up-to-date: /home/robofei/Desktop/visao_ws/install/custom_interfaces/share/custom_interfaces/cmake/custom_interfaces__rosidl_generator_cExport.cmake
[8.255s] -- Up-to-date: /home/robofei/Desktop/visao_ws/install/custom_interfaces/share/custom_interfaces/cmake/custom_interfaces__rosidl_generator_cExport-noconfig.cmake
[8.332s] -- Up-to-date: /home/robofei/Desktop/visao_ws/install/custom_interfaces/share/custom_interfaces/cmake/custom_interfaces__rosidl_typesupport_introspection_cExport.cmake
[8.333s] -- Up-to-date: /home/robofei/Desktop/visao_ws/install/custom_interfaces/share/custom_interfaces/cmake/custom_interfaces__rosidl_typesupport_introspection_cExport-noconfig.cmake
[8.410s] -- Up-to-date: /home/robofei/Desktop/visao_ws/install/custom_interfaces/share/custom_interfaces/cmake/custom_interfaces__rosidl_typesupport_cExport.cmake
[8.410s] -- Up-to-date: /home/robofei/Desktop/visao_ws/install/custom_interfaces/share/custom_interfaces/cmake/custom_interfaces__rosidl_typesupport_cExport-noconfig.cmake
[8.495s] -- Up-to-date: /home/robofei/Desktop/visao_ws/install/custom_interfaces/share/custom_interfaces/cmake/custom_interfaces__rosidl_generator_cppExport.cmake
[8.583s] -- Up-to-date: /home/robofei/Desktop/visao_ws/install/custom_interfaces/share/custom_interfaces/cmake/custom_interfaces__rosidl_typesupport_introspection_cppExport.cmake
[8.584s] -- Up-to-date: /home/robofei/Desktop/visao_ws/install/custom_interfaces/share/custom_interfaces/cmake/custom_interfaces__rosidl_typesupport_introspection_cppExport-noconfig.cmake
[8.649s] -- Up-to-date: /home/robofei/Desktop/visao_ws/install/custom_interfaces/share/custom_interfaces/cmake/custom_interfaces__rosidl_typesupport_cppExport.cmake
[8.650s] -- Up-to-date: /home/robofei/Desktop/visao_ws/install/custom_interfaces/share/custom_interfaces/cmake/custom_interfaces__rosidl_typesupport_cppExport-noconfig.cmake
[8.705s] Invoked command in '/home/robofei/Desktop/visao_ws/build/custom_interfaces' returned '0': CMAKE_PREFIX_PATH=${CMAKE_PREFIX_PATH}:/home/robofei/Desktop/visao_ws/install/vision_test:/opt/ros/foxy /usr/bin/cmake --install /home/robofei/Desktop/visao_ws/build/custom_interfaces
