[0.100s] Invoking command in '/home/robofei/Desktop/visao_ws/build/custom_interfaces': CMAKE_PREFIX_PATH=${CMAKE_PREFIX_PATH}:/home/robofei/Desktop/visao_ws/install/vision_test:/opt/ros/foxy /usr/bin/cmake --build /home/robofei/Desktop/visao_ws/build/custom_interfaces -- -j4 -l4
[0.188s] [  0%] Built target custom_interfaces__cpp
[0.201s] [ 12%] Built target custom_interfaces__rosidl_generator_c
[0.255s] [ 32%] Built target custom_interfaces__rosidl_typesupport_c
[0.257s] [ 35%] Built target custom_interfaces__rosidl_typesupport_cpp
[0.268s] [ 47%] Built target custom_interfaces__rosidl_typesupport_introspection_cpp
[0.281s] [ 58%] Built target custom_interfaces__rosidl_typesupport_fastrtps_cpp
[0.307s] [ 70%] Built target custom_interfaces__rosidl_typesupport_introspection_c
[0.336s] [ 82%] Built target custom_interfaces__rosidl_typesupport_fastrtps_c
[0.365s] [ 82%] Built target custom_interfaces
[0.395s] [ 83%] Built target custom_interfaces__py
[0.438s] [ 94%] Built target custom_interfaces__python
[0.492s] [ 98%] Built target custom_interfaces__rosidl_typesupport_introspection_c__pyext
[0.493s] [ 98%] Built target custom_interfaces__rosidl_typesupport_fastrtps_c__pyext
[0.494s] [100%] Built target custom_interfaces__rosidl_typesupport_c__pyext
[0.541s] Invoked command in '/home/robofei/Desktop/visao_ws/build/custom_interfaces' returned '0': CMAKE_PREFIX_PATH=${CMAKE_PREFIX_PATH}:/home/robofei/Desktop/visao_ws/install/vision_test:/opt/ros/foxy /usr/bin/cmake --build /home/robofei/Desktop/visao_ws/build/custom_interfaces -- -j4 -l4
[0.809s] Invoking command in '/home/robofei/Desktop/visao_ws/build/custom_interfaces': CMAKE_PREFIX_PATH=${CMAKE_PREFIX_PATH}:/home/robofei/Desktop/visao_ws/install/vision_test:/opt/ros/foxy /usr/bin/cmake --install /home/robofei/Desktop/visao_ws/build/custom_interfaces
[0.821s] -- Install configuration: ""
[0.821s] -- Execute custom install script
[0.822s] -- Up-to-date symlink: /home/robofei/Desktop/visao_ws/install/custom_interfaces/share/ament_index/resource_index/rosidl_interfaces/custom_interfaces
[0.823s] -- Up-to-date symlink: /home/robofei/Desktop/visao_ws/install/custom_interfaces/include/custom_interfaces/msg/decision.h
[0.824s] -- Up-to-date symlink: /home/robofei/Desktop/visao_ws/install/custom_interfaces/include/custom_interfaces/msg/detail/decision__functions.h
[0.824s] -- Up-to-date symlink: /home/robofei/Desktop/visao_ws/install/custom_interfaces/include/custom_interfaces/msg/detail/decision__struct.h
[0.825s] -- Up-to-date symlink: /home/robofei/Desktop/visao_ws/install/custom_interfaces/include/custom_interfaces/msg/detail/decision__type_support.h
[0.825s] -- Up-to-date symlink: /home/robofei/Desktop/visao_ws/install/custom_interfaces/include/custom_interfaces/msg/detail/humanoid_league_msgs__functions.h
[0.825s] -- Up-to-date symlink: /home/robofei/Desktop/visao_ws/install/custom_interfaces/include/custom_interfaces/msg/detail/humanoid_league_msgs__struct.h
[0.826s] -- Up-to-date symlink: /home/robofei/Desktop/visao_ws/install/custom_interfaces/include/custom_interfaces/msg/detail/humanoid_league_msgs__type_support.h
[0.826s] -- Up-to-date symlink: /home/robofei/Desktop/visao_ws/install/custom_interfaces/include/custom_interfaces/msg/detail/localization__functions.h
[0.826s] -- Up-to-date symlink: /home/robofei/Desktop/visao_ws/install/custom_interfaces/include/custom_interfaces/msg/detail/localization__struct.h
[0.827s] -- Up-to-date symlink: /home/robofei/Desktop/visao_ws/install/custom_interfaces/include/custom_interfaces/msg/detail/localization__type_support.h
[0.827s] -- Up-to-date symlink: /home/robofei/Desktop/visao_ws/install/custom_interfaces/include/custom_interfaces/msg/detail/param_walk__functions.h
[0.827s] -- Up-to-date symlink: /home/robofei/Desktop/visao_ws/install/custom_interfaces/include/custom_interfaces/msg/detail/param_walk__struct.h
[0.828s] -- Up-to-date symlink: /home/robofei/Desktop/visao_ws/install/custom_interfaces/include/custom_interfaces/msg/detail/param_walk__type_support.h
[0.828s] -- Up-to-date symlink: /home/robofei/Desktop/visao_ws/install/custom_interfaces/include/custom_interfaces/msg/detail/set_position__functions.h
[0.829s] -- Up-to-date symlink: /home/robofei/Desktop/visao_ws/install/custom_interfaces/include/custom_interfaces/msg/detail/set_position__struct.h
[0.830s] -- Up-to-date symlink: /home/robofei/Desktop/visao_ws/install/custom_interfaces/include/custom_interfaces/msg/detail/set_position__type_support.h
[0.830s] -- Up-to-date symlink: /home/robofei/Desktop/visao_ws/install/custom_interfaces/include/custom_interfaces/msg/detail/set_position_original__functions.h
[0.831s] -- Up-to-date symlink: /home/robofei/Desktop/visao_ws/install/custom_interfaces/include/custom_interfaces/msg/detail/set_position_original__struct.h
[0.831s] -- Up-to-date symlink: /home/robofei/Desktop/visao_ws/install/custom_interfaces/include/custom_interfaces/msg/detail/set_position_original__type_support.h
[0.831s] -- Up-to-date symlink: /home/robofei/Desktop/visao_ws/install/custom_interfaces/include/custom_interfaces/msg/detail/vision__functions.h
[0.832s] -- Up-to-date symlink: /home/robofei/Desktop/visao_ws/install/custom_interfaces/include/custom_interfaces/msg/detail/vision__struct.h
[0.832s] -- Up-to-date symlink: /home/robofei/Desktop/visao_ws/install/custom_interfaces/include/custom_interfaces/msg/detail/vision__type_support.h
[0.832s] -- Up-to-date symlink: /home/robofei/Desktop/visao_ws/install/custom_interfaces/include/custom_interfaces/msg/detail/walk__functions.h
[0.833s] -- Up-to-date symlink: /home/robofei/Desktop/visao_ws/install/custom_interfaces/include/custom_interfaces/msg/detail/walk__struct.h
[0.833s] -- Up-to-date symlink: /home/robofei/Desktop/visao_ws/install/custom_interfaces/include/custom_interfaces/msg/detail/walk__type_support.h
[0.833s] -- Up-to-date symlink: /home/robofei/Desktop/visao_ws/install/custom_interfaces/include/custom_interfaces/msg/humanoid_league_msgs.h
[0.834s] -- Up-to-date symlink: /home/robofei/Desktop/visao_ws/install/custom_interfaces/include/custom_interfaces/msg/localization.h
[0.834s] -- Up-to-date symlink: /home/robofei/Desktop/visao_ws/install/custom_interfaces/include/custom_interfaces/msg/param_walk.h
[0.834s] -- Up-to-date symlink: /home/robofei/Desktop/visao_ws/install/custom_interfaces/include/custom_interfaces/msg/rosidl_generator_c__visibility_control.h
[0.835s] -- Up-to-date symlink: /home/robofei/Desktop/visao_ws/install/custom_interfaces/include/custom_interfaces/msg/set_position.h
[0.835s] -- Up-to-date symlink: /home/robofei/Desktop/visao_ws/install/custom_interfaces/include/custom_interfaces/msg/set_position_original.h
[0.835s] -- Up-to-date symlink: /home/robofei/Desktop/visao_ws/install/custom_interfaces/include/custom_interfaces/msg/vision.h
[0.836s] -- Up-to-date symlink: /home/robofei/Desktop/visao_ws/install/custom_interfaces/include/custom_interfaces/msg/walk.h
[0.836s] -- Up-to-date symlink: /home/robofei/Desktop/visao_ws/install/custom_interfaces/include/custom_interfaces/srv/detail/get_position__functions.h
[0.837s] -- Up-to-date symlink: /home/robofei/Desktop/visao_ws/install/custom_interfaces/include/custom_interfaces/srv/detail/get_position__struct.h
[0.837s] -- Up-to-date symlink: /home/robofei/Desktop/visao_ws/install/custom_interfaces/include/custom_interfaces/srv/detail/get_position__type_support.h
[0.837s] -- Up-to-date symlink: /home/robofei/Desktop/visao_ws/install/custom_interfaces/include/custom_interfaces/srv/detail/reset__functions.h
[0.838s] -- Up-to-date symlink: /home/robofei/Desktop/visao_ws/install/custom_interfaces/include/custom_interfaces/srv/detail/reset__struct.h
[0.838s] -- Up-to-date symlink: /home/robofei/Desktop/visao_ws/install/custom_interfaces/include/custom_interfaces/srv/detail/reset__type_support.h
[0.838s] -- Up-to-date symlink: /home/robofei/Desktop/visao_ws/install/custom_interfaces/include/custom_interfaces/srv/get_position.h
[0.839s] -- Up-to-date symlink: /home/robofei/Desktop/visao_ws/install/custom_interfaces/include/custom_interfaces/srv/reset.h
[0.839s] -- Up-to-date symlink: /home/robofei/Desktop/visao_ws/install/custom_interfaces/share/custom_interfaces/environment/library_path.sh
[0.840s] -- Up-to-date symlink: /home/robofei/Desktop/visao_ws/install/custom_interfaces/share/custom_interfaces/environment/library_path.dsv
[0.841s] -- Up-to-date symlink: /home/robofei/Desktop/visao_ws/install/custom_interfaces/include/custom_interfaces/msg/detail/decision__rosidl_typesupport_fastrtps_c.h
[0.842s] -- Up-to-date symlink: /home/robofei/Desktop/visao_ws/install/custom_interfaces/include/custom_interfaces/msg/detail/humanoid_league_msgs__rosidl_typesupport_fastrtps_c.h
[0.842s] -- Up-to-date symlink: /home/robofei/Desktop/visao_ws/install/custom_interfaces/include/custom_interfaces/msg/detail/localization__rosidl_typesupport_fastrtps_c.h
[0.842s] -- Up-to-date symlink: /home/robofei/Desktop/visao_ws/install/custom_interfaces/include/custom_interfaces/msg/detail/param_walk__rosidl_typesupport_fastrtps_c.h
[0.843s] -- Up-to-date symlink: /home/robofei/Desktop/visao_ws/install/custom_interfaces/include/custom_interfaces/msg/detail/set_position__rosidl_typesupport_fastrtps_c.h
[0.843s] -- Up-to-date symlink: /home/robofei/Desktop/visao_ws/install/custom_interfaces/include/custom_interfaces/msg/detail/set_position_original__rosidl_typesupport_fastrtps_c.h
[0.843s] -- Up-to-date symlink: /home/robofei/Desktop/visao_ws/install/custom_interfaces/include/custom_interfaces/msg/detail/vision__rosidl_typesupport_fastrtps_c.h
[0.844s] -- Up-to-date symlink: /home/robofei/Desktop/visao_ws/install/custom_interfaces/include/custom_interfaces/msg/detail/walk__rosidl_typesupport_fastrtps_c.h
[0.844s] -- Up-to-date symlink: /home/robofei/Desktop/visao_ws/install/custom_interfaces/include/custom_interfaces/msg/rosidl_typesupport_fastrtps_c__visibility_control.h
[0.845s] -- Up-to-date symlink: /home/robofei/Desktop/visao_ws/install/custom_interfaces/include/custom_interfaces/srv/detail/get_position__rosidl_typesupport_fastrtps_c.h
[0.845s] -- Up-to-date symlink: /home/robofei/Desktop/visao_ws/install/custom_interfaces/include/custom_interfaces/srv/detail/reset__rosidl_typesupport_fastrtps_c.h
[0.846s] -- Up-to-date symlink: /home/robofei/Desktop/visao_ws/install/custom_interfaces/lib/libcustom_interfaces__rosidl_typesupport_fastrtps_c.so
[0.848s] -- Up-to-date symlink: /home/robofei/Desktop/visao_ws/install/custom_interfaces/include/custom_interfaces/msg/detail/decision__rosidl_typesupport_fastrtps_cpp.hpp
[0.848s] -- Up-to-date symlink: /home/robofei/Desktop/visao_ws/install/custom_interfaces/include/custom_interfaces/msg/detail/humanoid_league_msgs__rosidl_typesupport_fastrtps_cpp.hpp
[0.848s] -- Up-to-date symlink: /home/robofei/Desktop/visao_ws/install/custom_interfaces/include/custom_interfaces/msg/detail/localization__rosidl_typesupport_fastrtps_cpp.hpp
[0.849s] -- Up-to-date symlink: /home/robofei/Desktop/visao_ws/install/custom_interfaces/include/custom_interfaces/msg/detail/param_walk__rosidl_typesupport_fastrtps_cpp.hpp
[0.849s] -- Up-to-date symlink: /home/robofei/Desktop/visao_ws/install/custom_interfaces/include/custom_interfaces/msg/detail/set_position__rosidl_typesupport_fastrtps_cpp.hpp
[0.850s] -- Up-to-date symlink: /home/robofei/Desktop/visao_ws/install/custom_interfaces/include/custom_interfaces/msg/detail/set_position_original__rosidl_typesupport_fastrtps_cpp.hpp
[0.850s] -- Up-to-date symlink: /home/robofei/Desktop/visao_ws/install/custom_interfaces/include/custom_interfaces/msg/detail/vision__rosidl_typesupport_fastrtps_cpp.hpp
[0.850s] -- Up-to-date symlink: /home/robofei/Desktop/visao_ws/install/custom_interfaces/include/custom_interfaces/msg/detail/walk__rosidl_typesupport_fastrtps_cpp.hpp
[0.851s] -- Up-to-date symlink: /home/robofei/Desktop/visao_ws/install/custom_interfaces/include/custom_interfaces/msg/rosidl_typesupport_fastrtps_cpp__visibility_control.h
[0.851s] -- Up-to-date symlink: /home/robofei/Desktop/visao_ws/install/custom_interfaces/include/custom_interfaces/srv/detail/get_position__rosidl_typesupport_fastrtps_cpp.hpp
[0.851s] -- Up-to-date symlink: /home/robofei/Desktop/visao_ws/install/custom_interfaces/include/custom_interfaces/srv/detail/reset__rosidl_typesupport_fastrtps_cpp.hpp
[0.852s] -- Up-to-date symlink: /home/robofei/Desktop/visao_ws/install/custom_interfaces/lib/libcustom_interfaces__rosidl_typesupport_fastrtps_cpp.so
[0.853s] -- Up-to-date symlink: /home/robofei/Desktop/visao_ws/install/custom_interfaces/include/custom_interfaces/msg/detail/decision__rosidl_typesupport_introspection_c.h
[0.854s] -- Up-to-date symlink: /home/robofei/Desktop/visao_ws/install/custom_interfaces/include/custom_interfaces/msg/detail/humanoid_league_msgs__rosidl_typesupport_introspection_c.h
[0.854s] -- Up-to-date symlink: /home/robofei/Desktop/visao_ws/install/custom_interfaces/include/custom_interfaces/msg/detail/localization__rosidl_typesupport_introspection_c.h
[0.854s] -- Up-to-date symlink: /home/robofei/Desktop/visao_ws/install/custom_interfaces/include/custom_interfaces/msg/detail/param_walk__rosidl_typesupport_introspection_c.h
[0.855s] -- Up-to-date symlink: /home/robofei/Desktop/visao_ws/install/custom_interfaces/include/custom_interfaces/msg/detail/set_position__rosidl_typesupport_introspection_c.h
[0.855s] -- Up-to-date symlink: /home/robofei/Desktop/visao_ws/install/custom_interfaces/include/custom_interfaces/msg/detail/set_position_original__rosidl_typesupport_introspection_c.h
[0.855s] -- Up-to-date symlink: /home/robofei/Desktop/visao_ws/install/custom_interfaces/include/custom_interfaces/msg/detail/vision__rosidl_typesupport_introspection_c.h
[0.856s] -- Up-to-date symlink: /home/robofei/Desktop/visao_ws/install/custom_interfaces/include/custom_interfaces/msg/detail/walk__rosidl_typesupport_introspection_c.h
[0.856s] -- Up-to-date symlink: /home/robofei/Desktop/visao_ws/install/custom_interfaces/include/custom_interfaces/msg/rosidl_typesupport_introspection_c__visibility_control.h
[0.857s] -- Up-to-date symlink: /home/robofei/Desktop/visao_ws/install/custom_interfaces/include/custom_interfaces/srv/detail/get_position__rosidl_typesupport_introspection_c.h
[0.857s] -- Up-to-date symlink: /home/robofei/Desktop/visao_ws/install/custom_interfaces/include/custom_interfaces/srv/detail/reset__rosidl_typesupport_introspection_c.h
[0.859s] -- Up-to-date symlink: /home/robofei/Desktop/visao_ws/install/custom_interfaces/include/custom_interfaces/msg/decision.hpp
[0.859s] -- Up-to-date symlink: /home/robofei/Desktop/visao_ws/install/custom_interfaces/include/custom_interfaces/msg/detail/decision__builder.hpp
[0.860s] -- Up-to-date symlink: /home/robofei/Desktop/visao_ws/install/custom_interfaces/include/custom_interfaces/msg/detail/decision__struct.hpp
[0.860s] -- Up-to-date symlink: /home/robofei/Desktop/visao_ws/install/custom_interfaces/include/custom_interfaces/msg/detail/decision__traits.hpp
[0.860s] -- Up-to-date symlink: /home/robofei/Desktop/visao_ws/install/custom_interfaces/include/custom_interfaces/msg/detail/humanoid_league_msgs__builder.hpp
[0.861s] -- Up-to-date symlink: /home/robofei/Desktop/visao_ws/install/custom_interfaces/include/custom_interfaces/msg/detail/humanoid_league_msgs__struct.hpp
[0.861s] -- Up-to-date symlink: /home/robofei/Desktop/visao_ws/install/custom_interfaces/include/custom_interfaces/msg/detail/humanoid_league_msgs__traits.hpp
[0.862s] -- Up-to-date symlink: /home/robofei/Desktop/visao_ws/install/custom_interfaces/include/custom_interfaces/msg/detail/localization__builder.hpp
[0.862s] -- Up-to-date symlink: /home/robofei/Desktop/visao_ws/install/custom_interfaces/include/custom_interfaces/msg/detail/localization__struct.hpp
[0.862s] -- Up-to-date symlink: /home/robofei/Desktop/visao_ws/install/custom_interfaces/include/custom_interfaces/msg/detail/localization__traits.hpp
[0.863s] -- Up-to-date symlink: /home/robofei/Desktop/visao_ws/install/custom_interfaces/include/custom_interfaces/msg/detail/param_walk__builder.hpp
[0.863s] -- Up-to-date symlink: /home/robofei/Desktop/visao_ws/install/custom_interfaces/include/custom_interfaces/msg/detail/param_walk__struct.hpp
[0.864s] -- Up-to-date symlink: /home/robofei/Desktop/visao_ws/install/custom_interfaces/include/custom_interfaces/msg/detail/param_walk__traits.hpp
[0.864s] -- Up-to-date symlink: /home/robofei/Desktop/visao_ws/install/custom_interfaces/include/custom_interfaces/msg/detail/set_position__builder.hpp
[0.865s] -- Up-to-date symlink: /home/robofei/Desktop/visao_ws/install/custom_interfaces/include/custom_interfaces/msg/detail/set_position__struct.hpp
[0.865s] -- Up-to-date symlink: /home/robofei/Desktop/visao_ws/install/custom_interfaces/include/custom_interfaces/msg/detail/set_position__traits.hpp
[0.865s] -- Up-to-date symlink: /home/robofei/Desktop/visao_ws/install/custom_interfaces/include/custom_interfaces/msg/detail/set_position_original__builder.hpp
[0.866s] -- Up-to-date symlink: /home/robofei/Desktop/visao_ws/install/custom_interfaces/include/custom_interfaces/msg/detail/set_position_original__struct.hpp
[0.866s] -- Up-to-date symlink: /home/robofei/Desktop/visao_ws/install/custom_interfaces/include/custom_interfaces/msg/detail/set_position_original__traits.hpp
[0.866s] -- Up-to-date symlink: /home/robofei/Desktop/visao_ws/install/custom_interfaces/include/custom_interfaces/msg/detail/vision__builder.hpp
[0.867s] -- Up-to-date symlink: /home/robofei/Desktop/visao_ws/install/custom_interfaces/include/custom_interfaces/msg/detail/vision__struct.hpp
[0.867s] -- Up-to-date symlink: /home/robofei/Desktop/visao_ws/install/custom_interfaces/include/custom_interfaces/msg/detail/vision__traits.hpp
[0.868s] -- Up-to-date symlink: /home/robofei/Desktop/visao_ws/install/custom_interfaces/include/custom_interfaces/msg/detail/walk__builder.hpp
[0.868s] -- Up-to-date symlink: /home/robofei/Desktop/visao_ws/install/custom_interfaces/include/custom_interfaces/msg/detail/walk__struct.hpp
[0.868s] -- Up-to-date symlink: /home/robofei/Desktop/visao_ws/install/custom_interfaces/include/custom_interfaces/msg/detail/walk__traits.hpp
[0.869s] -- Up-to-date symlink: /home/robofei/Desktop/visao_ws/install/custom_interfaces/include/custom_interfaces/msg/humanoid_league_msgs.hpp
[0.869s] -- Up-to-date symlink: /home/robofei/Desktop/visao_ws/install/custom_interfaces/include/custom_interfaces/msg/localization.hpp
[0.869s] -- Up-to-date symlink: /home/robofei/Desktop/visao_ws/install/custom_interfaces/include/custom_interfaces/msg/param_walk.hpp
[0.870s] -- Up-to-date symlink: /home/robofei/Desktop/visao_ws/install/custom_interfaces/include/custom_interfaces/msg/set_position.hpp
[0.870s] -- Up-to-date symlink: /home/robofei/Desktop/visao_ws/install/custom_interfaces/include/custom_interfaces/msg/set_position_original.hpp
[0.870s] -- Up-to-date symlink: /home/robofei/Desktop/visao_ws/install/custom_interfaces/include/custom_interfaces/msg/vision.hpp
[0.871s] -- Up-to-date symlink: /home/robofei/Desktop/visao_ws/install/custom_interfaces/include/custom_interfaces/msg/walk.hpp
[0.871s] -- Up-to-date symlink: /home/robofei/Desktop/visao_ws/install/custom_interfaces/include/custom_interfaces/srv/detail/get_position__builder.hpp
[0.871s] -- Up-to-date symlink: /home/robofei/Desktop/visao_ws/install/custom_interfaces/include/custom_interfaces/srv/detail/get_position__struct.hpp
[0.872s] -- Up-to-date symlink: /home/robofei/Desktop/visao_ws/install/custom_interfaces/include/custom_interfaces/srv/detail/get_position__traits.hpp
[0.872s] -- Up-to-date symlink: /home/robofei/Desktop/visao_ws/install/custom_interfaces/include/custom_interfaces/srv/detail/reset__builder.hpp
[0.872s] -- Up-to-date symlink: /home/robofei/Desktop/visao_ws/install/custom_interfaces/include/custom_interfaces/srv/detail/reset__struct.hpp
[0.873s] -- Up-to-date symlink: /home/robofei/Desktop/visao_ws/install/custom_interfaces/include/custom_interfaces/srv/detail/reset__traits.hpp
[0.873s] -- Up-to-date symlink: /home/robofei/Desktop/visao_ws/install/custom_interfaces/include/custom_interfaces/srv/get_position.hpp
[0.873s] -- Up-to-date symlink: /home/robofei/Desktop/visao_ws/install/custom_interfaces/include/custom_interfaces/srv/reset.hpp
[0.875s] -- Up-to-date symlink: /home/robofei/Desktop/visao_ws/install/custom_interfaces/include/custom_interfaces/msg/detail/decision__rosidl_typesupport_introspection_cpp.hpp
[0.875s] -- Up-to-date symlink: /home/robofei/Desktop/visao_ws/install/custom_interfaces/include/custom_interfaces/msg/detail/humanoid_league_msgs__rosidl_typesupport_introspection_cpp.hpp
[0.875s] -- Up-to-date symlink: /home/robofei/Desktop/visao_ws/install/custom_interfaces/include/custom_interfaces/msg/detail/localization__rosidl_typesupport_introspection_cpp.hpp
[0.876s] -- Up-to-date symlink: /home/robofei/Desktop/visao_ws/install/custom_interfaces/include/custom_interfaces/msg/detail/param_walk__rosidl_typesupport_introspection_cpp.hpp
[0.876s] -- Up-to-date symlink: /home/robofei/Desktop/visao_ws/install/custom_interfaces/include/custom_interfaces/msg/detail/set_position__rosidl_typesupport_introspection_cpp.hpp
[0.876s] -- Up-to-date symlink: /home/robofei/Desktop/visao_ws/install/custom_interfaces/include/custom_interfaces/msg/detail/set_position_original__rosidl_typesupport_introspection_cpp.hpp
[0.877s] -- Up-to-date symlink: /home/robofei/Desktop/visao_ws/install/custom_interfaces/include/custom_interfaces/msg/detail/vision__rosidl_typesupport_introspection_cpp.hpp
[0.877s] -- Up-to-date symlink: /home/robofei/Desktop/visao_ws/install/custom_interfaces/include/custom_interfaces/msg/detail/walk__rosidl_typesupport_introspection_cpp.hpp
[0.877s] -- Up-to-date symlink: /home/robofei/Desktop/visao_ws/install/custom_interfaces/include/custom_interfaces/srv/detail/get_position__rosidl_typesupport_introspection_cpp.hpp
[0.878s] -- Up-to-date symlink: /home/robofei/Desktop/visao_ws/install/custom_interfaces/include/custom_interfaces/srv/detail/reset__rosidl_typesupport_introspection_cpp.hpp
[0.878s] -- Up-to-date symlink: /home/robofei/Desktop/visao_ws/install/custom_interfaces/share/custom_interfaces/environment/pythonpath.sh
[0.879s] -- Up-to-date symlink: /home/robofei/Desktop/visao_ws/install/custom_interfaces/share/custom_interfaces/environment/pythonpath.dsv
[0.879s] -- Up-to-date symlink: /home/robofei/Desktop/visao_ws/install/custom_interfaces/lib/python3.8/site-packages/custom_interfaces/__init__.py
[0.880s] -- Up-to-date symlink: /home/robofei/Desktop/visao_ws/install/custom_interfaces/lib/python3.8/site-packages/custom_interfaces/msg/__init__.py
[0.881s] -- Up-to-date symlink: /home/robofei/Desktop/visao_ws/install/custom_interfaces/lib/python3.8/site-packages/custom_interfaces/msg/_decision.py
[0.881s] -- Up-to-date symlink: /home/robofei/Desktop/visao_ws/install/custom_interfaces/lib/python3.8/site-packages/custom_interfaces/msg/_humanoid_league_msgs.py
[0.881s] -- Up-to-date symlink: /home/robofei/Desktop/visao_ws/install/custom_interfaces/lib/python3.8/site-packages/custom_interfaces/msg/_localization.py
[0.882s] -- Up-to-date symlink: /home/robofei/Desktop/visao_ws/install/custom_interfaces/lib/python3.8/site-packages/custom_interfaces/msg/_param_walk.py
[0.882s] -- Up-to-date symlink: /home/robofei/Desktop/visao_ws/install/custom_interfaces/lib/python3.8/site-packages/custom_interfaces/msg/_set_position.py
[0.882s] -- Up-to-date symlink: /home/robofei/Desktop/visao_ws/install/custom_interfaces/lib/python3.8/site-packages/custom_interfaces/msg/_set_position_original.py
[0.883s] -- Up-to-date symlink: /home/robofei/Desktop/visao_ws/install/custom_interfaces/lib/python3.8/site-packages/custom_interfaces/msg/_vision.py
[0.883s] -- Up-to-date symlink: /home/robofei/Desktop/visao_ws/install/custom_interfaces/lib/python3.8/site-packages/custom_interfaces/msg/_walk.py
[0.884s] -- Up-to-date symlink: /home/robofei/Desktop/visao_ws/install/custom_interfaces/lib/python3.8/site-packages/custom_interfaces/srv/__init__.py
[0.884s] -- Up-to-date symlink: /home/robofei/Desktop/visao_ws/install/custom_interfaces/lib/python3.8/site-packages/custom_interfaces/srv/_get_position.py
[0.885s] -- Up-to-date symlink: /home/robofei/Desktop/visao_ws/install/custom_interfaces/lib/python3.8/site-packages/custom_interfaces/srv/_reset.py
[0.886s] -- Up-to-date symlink: /home/robofei/Desktop/visao_ws/install/custom_interfaces/lib/python3.8/site-packages/custom_interfaces/custom_interfaces_s__rosidl_typesupport_fastrtps_c.cpython-38-x86_64-linux-gnu.so
[0.886s] -- Up-to-date symlink: /home/robofei/Desktop/visao_ws/install/custom_interfaces/lib/python3.8/site-packages/custom_interfaces/custom_interfaces_s__rosidl_typesupport_introspection_c.cpython-38-x86_64-linux-gnu.so
[0.887s] -- Up-to-date symlink: /home/robofei/Desktop/visao_ws/install/custom_interfaces/lib/python3.8/site-packages/custom_interfaces/custom_interfaces_s__rosidl_typesupport_c.cpython-38-x86_64-linux-gnu.so
[0.888s] -- Up-to-date symlink: /home/robofei/Desktop/visao_ws/install/custom_interfaces/lib/libcustom_interfaces__python.so
[0.888s] -- Up-to-date symlink: /home/robofei/Desktop/visao_ws/install/custom_interfaces/share/custom_interfaces/msg/SetPosition.idl
[0.889s] -- Up-to-date symlink: /home/robofei/Desktop/visao_ws/install/custom_interfaces/share/custom_interfaces/msg/Vision.idl
[0.889s] -- Up-to-date symlink: /home/robofei/Desktop/visao_ws/install/custom_interfaces/share/custom_interfaces/msg/HumanoidLeagueMsgs.idl
[0.890s] -- Up-to-date symlink: /home/robofei/Desktop/visao_ws/install/custom_interfaces/share/custom_interfaces/msg/Localization.idl
[0.890s] -- Up-to-date symlink: /home/robofei/Desktop/visao_ws/install/custom_interfaces/share/custom_interfaces/msg/SetPositionOriginal.idl
[0.891s] -- Up-to-date symlink: /home/robofei/Desktop/visao_ws/install/custom_interfaces/share/custom_interfaces/msg/Decision.idl
[0.891s] -- Up-to-date symlink: /home/robofei/Desktop/visao_ws/install/custom_interfaces/share/custom_interfaces/msg/Walk.idl
[0.892s] -- Up-to-date symlink: /home/robofei/Desktop/visao_ws/install/custom_interfaces/share/custom_interfaces/msg/ParamWalk.idl
[0.892s] -- Up-to-date symlink: /home/robofei/Desktop/visao_ws/install/custom_interfaces/share/custom_interfaces/srv/GetPosition.idl
[0.893s] -- Up-to-date symlink: /home/robofei/Desktop/visao_ws/install/custom_interfaces/share/custom_interfaces/srv/Reset.idl
[0.893s] -- Up-to-date symlink: /home/robofei/Desktop/visao_ws/install/custom_interfaces/share/custom_interfaces/msg/SetPosition.msg
[0.894s] -- Up-to-date symlink: /home/robofei/Desktop/visao_ws/install/custom_interfaces/share/custom_interfaces/msg/Vision.msg
[0.894s] -- Up-to-date symlink: /home/robofei/Desktop/visao_ws/install/custom_interfaces/share/custom_interfaces/msg/HumanoidLeagueMsgs.msg
[0.895s] -- Up-to-date symlink: /home/robofei/Desktop/visao_ws/install/custom_interfaces/share/custom_interfaces/msg/Localization.msg
[0.895s] -- Up-to-date symlink: /home/robofei/Desktop/visao_ws/install/custom_interfaces/share/custom_interfaces/msg/SetPositionOriginal.msg
[0.896s] -- Up-to-date symlink: /home/robofei/Desktop/visao_ws/install/custom_interfaces/share/custom_interfaces/msg/Decision.msg
[0.896s] -- Up-to-date symlink: /home/robofei/Desktop/visao_ws/install/custom_interfaces/share/custom_interfaces/msg/Walk.msg
[0.897s] -- Up-to-date symlink: /home/robofei/Desktop/visao_ws/install/custom_interfaces/share/custom_interfaces/msg/ParamWalk.msg
[0.897s] -- Up-to-date symlink: /home/robofei/Desktop/visao_ws/install/custom_interfaces/share/custom_interfaces/srv/GetPosition.srv
[0.898s] -- Up-to-date symlink: /home/robofei/Desktop/visao_ws/install/custom_interfaces/share/custom_interfaces/srv/GetPosition_Request.msg
[0.898s] -- Up-to-date symlink: /home/robofei/Desktop/visao_ws/install/custom_interfaces/share/custom_interfaces/srv/GetPosition_Response.msg
[0.899s] -- Up-to-date symlink: /home/robofei/Desktop/visao_ws/install/custom_interfaces/share/custom_interfaces/srv/Reset.srv
[0.899s] -- Up-to-date symlink: /home/robofei/Desktop/visao_ws/install/custom_interfaces/share/custom_interfaces/srv/Reset_Request.msg
[0.900s] -- Up-to-date symlink: /home/robofei/Desktop/visao_ws/install/custom_interfaces/share/custom_interfaces/srv/Reset_Response.msg
[0.900s] -- Up-to-date symlink: /home/robofei/Desktop/visao_ws/install/custom_interfaces/share/ament_index/resource_index/package_run_dependencies/custom_interfaces
[0.901s] -- Up-to-date symlink: /home/robofei/Desktop/visao_ws/install/custom_interfaces/share/ament_index/resource_index/parent_prefix_path/custom_interfaces
[0.902s] -- Up-to-date symlink: /home/robofei/Desktop/visao_ws/install/custom_interfaces/share/custom_interfaces/environment/ament_prefix_path.sh
[0.902s] -- Up-to-date symlink: /home/robofei/Desktop/visao_ws/install/custom_interfaces/share/custom_interfaces/environment/ament_prefix_path.dsv
[0.903s] -- Up-to-date symlink: /home/robofei/Desktop/visao_ws/install/custom_interfaces/share/custom_interfaces/environment/path.sh
[0.903s] -- Up-to-date symlink: /home/robofei/Desktop/visao_ws/install/custom_interfaces/share/custom_interfaces/environment/path.dsv
[0.904s] -- Up-to-date symlink: /home/robofei/Desktop/visao_ws/install/custom_interfaces/share/custom_interfaces/local_setup.bash
[0.904s] -- Up-to-date symlink: /home/robofei/Desktop/visao_ws/install/custom_interfaces/share/custom_interfaces/local_setup.sh
[0.905s] -- Up-to-date symlink: /home/robofei/Desktop/visao_ws/install/custom_interfaces/share/custom_interfaces/local_setup.zsh
[0.905s] -- Up-to-date symlink: /home/robofei/Desktop/visao_ws/install/custom_interfaces/share/custom_interfaces/local_setup.dsv
[0.906s] -- Symlinking: /home/robofei/Desktop/visao_ws/install/custom_interfaces/share/custom_interfaces/package.dsv
[0.923s] -- Up-to-date symlink: /home/robofei/Desktop/visao_ws/install/custom_interfaces/share/ament_index/resource_index/packages/custom_interfaces
[0.923s] -- Up-to-date symlink: /home/robofei/Desktop/visao_ws/install/custom_interfaces/share/custom_interfaces/cmake/rosidl_cmake-extras.cmake
[0.924s] -- Up-to-date symlink: /home/robofei/Desktop/visao_ws/install/custom_interfaces/share/custom_interfaces/cmake/ament_cmake_export_dependencies-extras.cmake
[0.924s] -- Up-to-date symlink: /home/robofei/Desktop/visao_ws/install/custom_interfaces/share/custom_interfaces/cmake/ament_cmake_export_libraries-extras.cmake
[0.925s] -- Up-to-date symlink: /home/robofei/Desktop/visao_ws/install/custom_interfaces/share/custom_interfaces/cmake/ament_cmake_export_targets-extras.cmake
[0.925s] -- Up-to-date symlink: /home/robofei/Desktop/visao_ws/install/custom_interfaces/share/custom_interfaces/cmake/ament_cmake_export_include_directories-extras.cmake
[0.926s] -- Up-to-date symlink: /home/robofei/Desktop/visao_ws/install/custom_interfaces/share/custom_interfaces/cmake/rosidl_cmake_export_typesupport_libraries-extras.cmake
[0.927s] -- Up-to-date symlink: /home/robofei/Desktop/visao_ws/install/custom_interfaces/share/custom_interfaces/cmake/rosidl_cmake_export_typesupport_targets-extras.cmake
[0.927s] -- Up-to-date symlink: /home/robofei/Desktop/visao_ws/install/custom_interfaces/share/custom_interfaces/cmake/custom_interfacesConfig.cmake
[0.928s] -- Up-to-date symlink: /home/robofei/Desktop/visao_ws/install/custom_interfaces/share/custom_interfaces/cmake/custom_interfacesConfig-version.cmake
[0.928s] -- Up-to-date symlink: /home/robofei/Desktop/visao_ws/install/custom_interfaces/share/custom_interfaces/package.xml
[0.929s] -- Up-to-date: /home/robofei/Desktop/visao_ws/install/custom_interfaces/lib/libcustom_interfaces__rosidl_generator_c.so
[0.930s] -- Up-to-date: /home/robofei/Desktop/visao_ws/install/custom_interfaces/lib/libcustom_interfaces__rosidl_typesupport_introspection_c.so
[0.931s] -- Up-to-date: /home/robofei/Desktop/visao_ws/install/custom_interfaces/lib/libcustom_interfaces__rosidl_typesupport_c.so
[0.932s] -- Up-to-date: /home/robofei/Desktop/visao_ws/install/custom_interfaces/lib/libcustom_interfaces__rosidl_typesupport_introspection_cpp.so
[0.933s] -- Up-to-date: /home/robofei/Desktop/visao_ws/install/custom_interfaces/lib/libcustom_interfaces__rosidl_typesupport_cpp.so
[0.979s] -- Up-to-date: /home/robofei/Desktop/visao_ws/install/custom_interfaces/share/custom_interfaces/cmake/custom_interfaces__rosidl_generator_cExport.cmake
[0.979s] -- Up-to-date: /home/robofei/Desktop/visao_ws/install/custom_interfaces/share/custom_interfaces/cmake/custom_interfaces__rosidl_generator_cExport-noconfig.cmake
[0.979s] -- Up-to-date: /home/robofei/Desktop/visao_ws/install/custom_interfaces/share/custom_interfaces/cmake/custom_interfaces__rosidl_typesupport_introspection_cExport.cmake
[0.980s] -- Up-to-date: /home/robofei/Desktop/visao_ws/install/custom_interfaces/share/custom_interfaces/cmake/custom_interfaces__rosidl_typesupport_introspection_cExport-noconfig.cmake
[0.980s] -- Up-to-date: /home/robofei/Desktop/visao_ws/install/custom_interfaces/share/custom_interfaces/cmake/custom_interfaces__rosidl_typesupport_cExport.cmake
[0.980s] -- Up-to-date: /home/robofei/Desktop/visao_ws/install/custom_interfaces/share/custom_interfaces/cmake/custom_interfaces__rosidl_typesupport_cExport-noconfig.cmake
[0.980s] -- Up-to-date: /home/robofei/Desktop/visao_ws/install/custom_interfaces/share/custom_interfaces/cmake/custom_interfaces__rosidl_generator_cppExport.cmake
[0.981s] -- Up-to-date: /home/robofei/Desktop/visao_ws/install/custom_interfaces/share/custom_interfaces/cmake/custom_interfaces__rosidl_typesupport_introspection_cppExport.cmake
[0.981s] -- Up-to-date: /home/robofei/Desktop/visao_ws/install/custom_interfaces/share/custom_interfaces/cmake/custom_interfaces__rosidl_typesupport_introspection_cppExport-noconfig.cmake
[0.981s] -- Up-to-date: /home/robofei/Desktop/visao_ws/install/custom_interfaces/share/custom_interfaces/cmake/custom_interfaces__rosidl_typesupport_cppExport.cmake
[0.981s] -- Up-to-date: /home/robofei/Desktop/visao_ws/install/custom_interfaces/share/custom_interfaces/cmake/custom_interfaces__rosidl_typesupport_cppExport-noconfig.cmake
[0.986s] Invoked command in '/home/robofei/Desktop/visao_ws/build/custom_interfaces' returned '0': CMAKE_PREFIX_PATH=${CMAKE_PREFIX_PATH}:/home/robofei/Desktop/visao_ws/install/vision_test:/opt/ros/foxy /usr/bin/cmake --install /home/robofei/Desktop/visao_ws/build/custom_interfaces
