[0.344s] Invoking command in '/home/robofei/Desktop/visao_ws/build/custom_interfaces': CMAKE_PREFIX_PATH=${CMAKE_PREFIX_PATH}:/home/robofei/Desktop/visao_ws/install/vision_test:/opt/ros/foxy /usr/bin/cmake --build /home/robofei/Desktop/visao_ws/build/custom_interfaces -- -j4 -l4
[1.552s] [  0%] Built target custom_interfaces__cpp
[2.148s] [ 12%] Built target custom_interfaces__rosidl_generator_c
[2.159s] [ 24%] Built target custom_interfaces__rosidl_typesupport_cpp
[2.403s] [ 35%] Built target custom_interfaces__rosidl_typesupport_fastrtps_cpp
[2.504s] [ 47%] Built target custom_interfaces__rosidl_typesupport_introspection_cpp
[3.054s] [ 58%] Built target custom_interfaces__rosidl_typesupport_c
[3.061s] [ 70%] Built target custom_interfaces__rosidl_typesupport_introspection_c
[3.196s] [ 82%] Built target custom_interfaces__rosidl_typesupport_fastrtps_c
[3.440s] [ 82%] Built target custom_interfaces
[3.743s] [ 83%] Built target custom_interfaces__py
[4.187s] [ 94%] Built target custom_interfaces__python
[4.570s] [ 96%] Built target custom_interfaces__rosidl_typesupport_introspection_c__pyext
[4.573s] [ 98%] Built target custom_interfaces__rosidl_typesupport_fastrtps_c__pyext
[4.575s] [100%] Built target custom_interfaces__rosidl_typesupport_c__pyext
[4.595s] Invoked command in '/home/robofei/Desktop/visao_ws/build/custom_interfaces' returned '0': CMAKE_PREFIX_PATH=${CMAKE_PREFIX_PATH}:/home/robofei/Desktop/visao_ws/install/vision_test:/opt/ros/foxy /usr/bin/cmake --build /home/robofei/Desktop/visao_ws/build/custom_interfaces -- -j4 -l4
[4.863s] Invoking command in '/home/robofei/Desktop/visao_ws/build/custom_interfaces': CMAKE_PREFIX_PATH=${CMAKE_PREFIX_PATH}:/home/robofei/Desktop/visao_ws/install/vision_test:/opt/ros/foxy /usr/bin/cmake --install /home/robofei/Desktop/visao_ws/build/custom_interfaces
[4.920s] -- Install configuration: ""
[4.971s] -- Execute custom install script
[5.002s] -- Up-to-date symlink: /home/robofei/Desktop/visao_ws/install/custom_interfaces/share/ament_index/resource_index/rosidl_interfaces/custom_interfaces
[5.109s] -- Up-to-date symlink: /home/robofei/Desktop/visao_ws/install/custom_interfaces/include/custom_interfaces/msg/decision.h
[5.112s] -- Up-to-date symlink: /home/robofei/Desktop/visao_ws/install/custom_interfaces/include/custom_interfaces/msg/detail/decision__functions.h
[5.135s] -- Up-to-date symlink: /home/robofei/Desktop/visao_ws/install/custom_interfaces/include/custom_interfaces/msg/detail/decision__struct.h
[5.138s] -- Up-to-date symlink: /home/robofei/Desktop/visao_ws/install/custom_interfaces/include/custom_interfaces/msg/detail/decision__type_support.h
[5.140s] -- Up-to-date symlink: /home/robofei/Desktop/visao_ws/install/custom_interfaces/include/custom_interfaces/msg/detail/humanoid_league_msgs__functions.h
[5.142s] -- Up-to-date symlink: /home/robofei/Desktop/visao_ws/install/custom_interfaces/include/custom_interfaces/msg/detail/humanoid_league_msgs__struct.h
[5.180s] -- Up-to-date symlink: /home/robofei/Desktop/visao_ws/install/custom_interfaces/include/custom_interfaces/msg/detail/humanoid_league_msgs__type_support.h
[5.182s] -- Up-to-date symlink: /home/robofei/Desktop/visao_ws/install/custom_interfaces/include/custom_interfaces/msg/detail/localization__functions.h
[5.184s] -- Up-to-date symlink: /home/robofei/Desktop/visao_ws/install/custom_interfaces/include/custom_interfaces/msg/detail/localization__struct.h
[5.185s] -- Up-to-date symlink: /home/robofei/Desktop/visao_ws/install/custom_interfaces/include/custom_interfaces/msg/detail/localization__type_support.h
[5.187s] -- Up-to-date symlink: /home/robofei/Desktop/visao_ws/install/custom_interfaces/include/custom_interfaces/msg/detail/param_walk__functions.h
[5.188s] -- Up-to-date symlink: /home/robofei/Desktop/visao_ws/install/custom_interfaces/include/custom_interfaces/msg/detail/param_walk__struct.h
[5.190s] -- Up-to-date symlink: /home/robofei/Desktop/visao_ws/install/custom_interfaces/include/custom_interfaces/msg/detail/param_walk__type_support.h
[5.191s] -- Up-to-date symlink: /home/robofei/Desktop/visao_ws/install/custom_interfaces/include/custom_interfaces/msg/detail/set_position__functions.h
[5.192s] -- Up-to-date symlink: /home/robofei/Desktop/visao_ws/install/custom_interfaces/include/custom_interfaces/msg/detail/set_position__struct.h
[5.196s] -- Up-to-date symlink: /home/robofei/Desktop/visao_ws/install/custom_interfaces/include/custom_interfaces/msg/detail/set_position__type_support.h
[5.197s] -- Up-to-date symlink: /home/robofei/Desktop/visao_ws/install/custom_interfaces/include/custom_interfaces/msg/detail/set_position_original__functions.h
[5.198s] -- Up-to-date symlink: /home/robofei/Desktop/visao_ws/install/custom_interfaces/include/custom_interfaces/msg/detail/set_position_original__struct.h
[5.207s] -- Up-to-date symlink: /home/robofei/Desktop/visao_ws/install/custom_interfaces/include/custom_interfaces/msg/detail/set_position_original__type_support.h
[5.208s] -- Up-to-date symlink: /home/robofei/Desktop/visao_ws/install/custom_interfaces/include/custom_interfaces/msg/detail/vision__functions.h
[5.209s] -- Up-to-date symlink: /home/robofei/Desktop/visao_ws/install/custom_interfaces/include/custom_interfaces/msg/detail/vision__struct.h
[5.209s] -- Up-to-date symlink: /home/robofei/Desktop/visao_ws/install/custom_interfaces/include/custom_interfaces/msg/detail/vision__type_support.h
[5.210s] -- Up-to-date symlink: /home/robofei/Desktop/visao_ws/install/custom_interfaces/include/custom_interfaces/msg/detail/walk__functions.h
[5.211s] -- Up-to-date symlink: /home/robofei/Desktop/visao_ws/install/custom_interfaces/include/custom_interfaces/msg/detail/walk__struct.h
[5.211s] -- Up-to-date symlink: /home/robofei/Desktop/visao_ws/install/custom_interfaces/include/custom_interfaces/msg/detail/walk__type_support.h
[5.212s] -- Up-to-date symlink: /home/robofei/Desktop/visao_ws/install/custom_interfaces/include/custom_interfaces/msg/humanoid_league_msgs.h
[5.212s] -- Up-to-date symlink: /home/robofei/Desktop/visao_ws/install/custom_interfaces/include/custom_interfaces/msg/localization.h
[5.213s] -- Up-to-date symlink: /home/robofei/Desktop/visao_ws/install/custom_interfaces/include/custom_interfaces/msg/param_walk.h
[5.213s] -- Up-to-date symlink: /home/robofei/Desktop/visao_ws/install/custom_interfaces/include/custom_interfaces/msg/rosidl_generator_c__visibility_control.h
[5.214s] -- Up-to-date symlink: /home/robofei/Desktop/visao_ws/install/custom_interfaces/include/custom_interfaces/msg/set_position.h
[5.215s] -- Up-to-date symlink: /home/robofei/Desktop/visao_ws/install/custom_interfaces/include/custom_interfaces/msg/set_position_original.h
[5.216s] -- Up-to-date symlink: /home/robofei/Desktop/visao_ws/install/custom_interfaces/include/custom_interfaces/msg/vision.h
[5.217s] -- Up-to-date symlink: /home/robofei/Desktop/visao_ws/install/custom_interfaces/include/custom_interfaces/msg/walk.h
[5.217s] -- Up-to-date symlink: /home/robofei/Desktop/visao_ws/install/custom_interfaces/include/custom_interfaces/srv/detail/get_position__functions.h
[5.218s] -- Up-to-date symlink: /home/robofei/Desktop/visao_ws/install/custom_interfaces/include/custom_interfaces/srv/detail/get_position__struct.h
[5.219s] -- Up-to-date symlink: /home/robofei/Desktop/visao_ws/install/custom_interfaces/include/custom_interfaces/srv/detail/get_position__type_support.h
[5.219s] -- Up-to-date symlink: /home/robofei/Desktop/visao_ws/install/custom_interfaces/include/custom_interfaces/srv/detail/reset__functions.h
[5.220s] -- Up-to-date symlink: /home/robofei/Desktop/visao_ws/install/custom_interfaces/include/custom_interfaces/srv/detail/reset__struct.h
[5.220s] -- Up-to-date symlink: /home/robofei/Desktop/visao_ws/install/custom_interfaces/include/custom_interfaces/srv/detail/reset__type_support.h
[5.221s] -- Up-to-date symlink: /home/robofei/Desktop/visao_ws/install/custom_interfaces/include/custom_interfaces/srv/get_position.h
[5.221s] -- Up-to-date symlink: /home/robofei/Desktop/visao_ws/install/custom_interfaces/include/custom_interfaces/srv/reset.h
[5.222s] -- Up-to-date symlink: /home/robofei/Desktop/visao_ws/install/custom_interfaces/share/custom_interfaces/environment/library_path.sh
[5.223s] -- Up-to-date symlink: /home/robofei/Desktop/visao_ws/install/custom_interfaces/share/custom_interfaces/environment/library_path.dsv
[5.225s] -- Up-to-date symlink: /home/robofei/Desktop/visao_ws/install/custom_interfaces/include/custom_interfaces/msg/detail/decision__rosidl_typesupport_fastrtps_c.h
[5.225s] -- Up-to-date symlink: /home/robofei/Desktop/visao_ws/install/custom_interfaces/include/custom_interfaces/msg/detail/humanoid_league_msgs__rosidl_typesupport_fastrtps_c.h
[5.226s] -- Up-to-date symlink: /home/robofei/Desktop/visao_ws/install/custom_interfaces/include/custom_interfaces/msg/detail/localization__rosidl_typesupport_fastrtps_c.h
[5.227s] -- Up-to-date symlink: /home/robofei/Desktop/visao_ws/install/custom_interfaces/include/custom_interfaces/msg/detail/param_walk__rosidl_typesupport_fastrtps_c.h
[5.227s] -- Up-to-date symlink: /home/robofei/Desktop/visao_ws/install/custom_interfaces/include/custom_interfaces/msg/detail/set_position__rosidl_typesupport_fastrtps_c.h
[5.228s] -- Up-to-date symlink: /home/robofei/Desktop/visao_ws/install/custom_interfaces/include/custom_interfaces/msg/detail/set_position_original__rosidl_typesupport_fastrtps_c.h
[5.228s] -- Up-to-date symlink: /home/robofei/Desktop/visao_ws/install/custom_interfaces/include/custom_interfaces/msg/detail/vision__rosidl_typesupport_fastrtps_c.h
[5.229s] -- Up-to-date symlink: /home/robofei/Desktop/visao_ws/install/custom_interfaces/include/custom_interfaces/msg/detail/walk__rosidl_typesupport_fastrtps_c.h
[5.230s] -- Up-to-date symlink: /home/robofei/Desktop/visao_ws/install/custom_interfaces/include/custom_interfaces/msg/rosidl_typesupport_fastrtps_c__visibility_control.h
[5.230s] -- Up-to-date symlink: /home/robofei/Desktop/visao_ws/install/custom_interfaces/include/custom_interfaces/srv/detail/get_position__rosidl_typesupport_fastrtps_c.h
[5.231s] -- Up-to-date symlink: /home/robofei/Desktop/visao_ws/install/custom_interfaces/include/custom_interfaces/srv/detail/reset__rosidl_typesupport_fastrtps_c.h
[5.252s] -- Up-to-date symlink: /home/robofei/Desktop/visao_ws/install/custom_interfaces/lib/libcustom_interfaces__rosidl_typesupport_fastrtps_c.so
[5.254s] -- Up-to-date symlink: /home/robofei/Desktop/visao_ws/install/custom_interfaces/include/custom_interfaces/msg/detail/decision__rosidl_typesupport_fastrtps_cpp.hpp
[5.254s] -- Up-to-date symlink: /home/robofei/Desktop/visao_ws/install/custom_interfaces/include/custom_interfaces/msg/detail/humanoid_league_msgs__rosidl_typesupport_fastrtps_cpp.hpp
[5.285s] -- Up-to-date symlink: /home/robofei/Desktop/visao_ws/install/custom_interfaces/include/custom_interfaces/msg/detail/localization__rosidl_typesupport_fastrtps_cpp.hpp
[5.285s] -- Up-to-date symlink: /home/robofei/Desktop/visao_ws/install/custom_interfaces/include/custom_interfaces/msg/detail/param_walk__rosidl_typesupport_fastrtps_cpp.hpp
[5.286s] -- Up-to-date symlink: /home/robofei/Desktop/visao_ws/install/custom_interfaces/include/custom_interfaces/msg/detail/set_position__rosidl_typesupport_fastrtps_cpp.hpp
[5.331s] -- Up-to-date symlink: /home/robofei/Desktop/visao_ws/install/custom_interfaces/include/custom_interfaces/msg/detail/set_position_original__rosidl_typesupport_fastrtps_cpp.hpp
[5.334s] -- Up-to-date symlink: /home/robofei/Desktop/visao_ws/install/custom_interfaces/include/custom_interfaces/msg/detail/vision__rosidl_typesupport_fastrtps_cpp.hpp
[5.336s] -- Up-to-date symlink: /home/robofei/Desktop/visao_ws/install/custom_interfaces/include/custom_interfaces/msg/detail/walk__rosidl_typesupport_fastrtps_cpp.hpp
[5.338s] -- Up-to-date symlink: /home/robofei/Desktop/visao_ws/install/custom_interfaces/include/custom_interfaces/msg/rosidl_typesupport_fastrtps_cpp__visibility_control.h
[5.375s] -- Up-to-date symlink: /home/robofei/Desktop/visao_ws/install/custom_interfaces/include/custom_interfaces/srv/detail/get_position__rosidl_typesupport_fastrtps_cpp.hpp
[5.378s] -- Up-to-date symlink: /home/robofei/Desktop/visao_ws/install/custom_interfaces/include/custom_interfaces/srv/detail/reset__rosidl_typesupport_fastrtps_cpp.hpp
[5.407s] -- Up-to-date symlink: /home/robofei/Desktop/visao_ws/install/custom_interfaces/lib/libcustom_interfaces__rosidl_typesupport_fastrtps_cpp.so
[5.431s] -- Up-to-date symlink: /home/robofei/Desktop/visao_ws/install/custom_interfaces/include/custom_interfaces/msg/detail/decision__rosidl_typesupport_introspection_c.h
[5.433s] -- Up-to-date symlink: /home/robofei/Desktop/visao_ws/install/custom_interfaces/include/custom_interfaces/msg/detail/humanoid_league_msgs__rosidl_typesupport_introspection_c.h
[5.435s] -- Up-to-date symlink: /home/robofei/Desktop/visao_ws/install/custom_interfaces/include/custom_interfaces/msg/detail/localization__rosidl_typesupport_introspection_c.h
[5.438s] -- Up-to-date symlink: /home/robofei/Desktop/visao_ws/install/custom_interfaces/include/custom_interfaces/msg/detail/param_walk__rosidl_typesupport_introspection_c.h
[5.465s] -- Up-to-date symlink: /home/robofei/Desktop/visao_ws/install/custom_interfaces/include/custom_interfaces/msg/detail/set_position__rosidl_typesupport_introspection_c.h
[5.467s] -- Up-to-date symlink: /home/robofei/Desktop/visao_ws/install/custom_interfaces/include/custom_interfaces/msg/detail/set_position_original__rosidl_typesupport_introspection_c.h
[5.470s] -- Up-to-date symlink: /home/robofei/Desktop/visao_ws/install/custom_interfaces/include/custom_interfaces/msg/detail/vision__rosidl_typesupport_introspection_c.h
[5.473s] -- Up-to-date symlink: /home/robofei/Desktop/visao_ws/install/custom_interfaces/include/custom_interfaces/msg/detail/walk__rosidl_typesupport_introspection_c.h
[5.475s] -- Up-to-date symlink: /home/robofei/Desktop/visao_ws/install/custom_interfaces/include/custom_interfaces/msg/rosidl_typesupport_introspection_c__visibility_control.h
[5.477s] -- Up-to-date symlink: /home/robofei/Desktop/visao_ws/install/custom_interfaces/include/custom_interfaces/srv/detail/get_position__rosidl_typesupport_introspection_c.h
[5.479s] -- Up-to-date symlink: /home/robofei/Desktop/visao_ws/install/custom_interfaces/include/custom_interfaces/srv/detail/reset__rosidl_typesupport_introspection_c.h
[5.488s] -- Up-to-date symlink: /home/robofei/Desktop/visao_ws/install/custom_interfaces/include/custom_interfaces/msg/decision.hpp
[5.489s] -- Up-to-date symlink: /home/robofei/Desktop/visao_ws/install/custom_interfaces/include/custom_interfaces/msg/detail/decision__builder.hpp
[5.490s] -- Up-to-date symlink: /home/robofei/Desktop/visao_ws/install/custom_interfaces/include/custom_interfaces/msg/detail/decision__struct.hpp
[5.491s] -- Up-to-date symlink: /home/robofei/Desktop/visao_ws/install/custom_interfaces/include/custom_interfaces/msg/detail/decision__traits.hpp
[5.493s] -- Up-to-date symlink: /home/robofei/Desktop/visao_ws/install/custom_interfaces/include/custom_interfaces/msg/detail/humanoid_league_msgs__builder.hpp
[5.494s] -- Up-to-date symlink: /home/robofei/Desktop/visao_ws/install/custom_interfaces/include/custom_interfaces/msg/detail/humanoid_league_msgs__struct.hpp
[5.495s] -- Up-to-date symlink: /home/robofei/Desktop/visao_ws/install/custom_interfaces/include/custom_interfaces/msg/detail/humanoid_league_msgs__traits.hpp
[5.496s] -- Up-to-date symlink: /home/robofei/Desktop/visao_ws/install/custom_interfaces/include/custom_interfaces/msg/detail/localization__builder.hpp
[5.497s] -- Up-to-date symlink: /home/robofei/Desktop/visao_ws/install/custom_interfaces/include/custom_interfaces/msg/detail/localization__struct.hpp
[5.497s] -- Up-to-date symlink: /home/robofei/Desktop/visao_ws/install/custom_interfaces/include/custom_interfaces/msg/detail/localization__traits.hpp
[5.498s] -- Up-to-date symlink: /home/robofei/Desktop/visao_ws/install/custom_interfaces/include/custom_interfaces/msg/detail/param_walk__builder.hpp
[5.499s] -- Up-to-date symlink: /home/robofei/Desktop/visao_ws/install/custom_interfaces/include/custom_interfaces/msg/detail/param_walk__struct.hpp
[5.499s] -- Up-to-date symlink: /home/robofei/Desktop/visao_ws/install/custom_interfaces/include/custom_interfaces/msg/detail/param_walk__traits.hpp
[5.500s] -- Up-to-date symlink: /home/robofei/Desktop/visao_ws/install/custom_interfaces/include/custom_interfaces/msg/detail/set_position__builder.hpp
[5.501s] -- Up-to-date symlink: /home/robofei/Desktop/visao_ws/install/custom_interfaces/include/custom_interfaces/msg/detail/set_position__struct.hpp
[5.501s] -- Up-to-date symlink: /home/robofei/Desktop/visao_ws/install/custom_interfaces/include/custom_interfaces/msg/detail/set_position__traits.hpp
[5.502s] -- Up-to-date symlink: /home/robofei/Desktop/visao_ws/install/custom_interfaces/include/custom_interfaces/msg/detail/set_position_original__builder.hpp
[5.502s] -- Up-to-date symlink: /home/robofei/Desktop/visao_ws/install/custom_interfaces/include/custom_interfaces/msg/detail/set_position_original__struct.hpp
[5.503s] -- Up-to-date symlink: /home/robofei/Desktop/visao_ws/install/custom_interfaces/include/custom_interfaces/msg/detail/set_position_original__traits.hpp
[5.503s] -- Up-to-date symlink: /home/robofei/Desktop/visao_ws/install/custom_interfaces/include/custom_interfaces/msg/detail/vision__builder.hpp
[5.504s] -- Up-to-date symlink: /home/robofei/Desktop/visao_ws/install/custom_interfaces/include/custom_interfaces/msg/detail/vision__struct.hpp
[5.504s] -- Up-to-date symlink: /home/robofei/Desktop/visao_ws/install/custom_interfaces/include/custom_interfaces/msg/detail/vision__traits.hpp
[5.505s] -- Up-to-date symlink: /home/robofei/Desktop/visao_ws/install/custom_interfaces/include/custom_interfaces/msg/detail/walk__builder.hpp
[5.505s] -- Up-to-date symlink: /home/robofei/Desktop/visao_ws/install/custom_interfaces/include/custom_interfaces/msg/detail/walk__struct.hpp
[5.506s] -- Up-to-date symlink: /home/robofei/Desktop/visao_ws/install/custom_interfaces/include/custom_interfaces/msg/detail/walk__traits.hpp
[5.506s] -- Up-to-date symlink: /home/robofei/Desktop/visao_ws/install/custom_interfaces/include/custom_interfaces/msg/humanoid_league_msgs.hpp
[5.507s] -- Up-to-date symlink: /home/robofei/Desktop/visao_ws/install/custom_interfaces/include/custom_interfaces/msg/localization.hpp
[5.529s] -- Up-to-date symlink: /home/robofei/Desktop/visao_ws/install/custom_interfaces/include/custom_interfaces/msg/param_walk.hpp
[5.530s] -- Up-to-date symlink: /home/robofei/Desktop/visao_ws/install/custom_interfaces/include/custom_interfaces/msg/set_position.hpp
[5.531s] -- Up-to-date symlink: /home/robofei/Desktop/visao_ws/install/custom_interfaces/include/custom_interfaces/msg/set_position_original.hpp
[5.533s] -- Up-to-date symlink: /home/robofei/Desktop/visao_ws/install/custom_interfaces/include/custom_interfaces/msg/vision.hpp
[5.564s] -- Up-to-date symlink: /home/robofei/Desktop/visao_ws/install/custom_interfaces/include/custom_interfaces/msg/walk.hpp
[5.566s] -- Up-to-date symlink: /home/robofei/Desktop/visao_ws/install/custom_interfaces/include/custom_interfaces/srv/detail/get_position__builder.hpp
[5.569s] -- Up-to-date symlink: /home/robofei/Desktop/visao_ws/install/custom_interfaces/include/custom_interfaces/srv/detail/get_position__struct.hpp
[5.597s] -- Up-to-date symlink: /home/robofei/Desktop/visao_ws/install/custom_interfaces/include/custom_interfaces/srv/detail/get_position__traits.hpp
[5.599s] -- Up-to-date symlink: /home/robofei/Desktop/visao_ws/install/custom_interfaces/include/custom_interfaces/srv/detail/reset__builder.hpp
[5.601s] -- Up-to-date symlink: /home/robofei/Desktop/visao_ws/install/custom_interfaces/include/custom_interfaces/srv/detail/reset__struct.hpp
[5.603s] -- Up-to-date symlink: /home/robofei/Desktop/visao_ws/install/custom_interfaces/include/custom_interfaces/srv/detail/reset__traits.hpp
[5.641s] -- Up-to-date symlink: /home/robofei/Desktop/visao_ws/install/custom_interfaces/include/custom_interfaces/srv/get_position.hpp
[5.643s] -- Up-to-date symlink: /home/robofei/Desktop/visao_ws/install/custom_interfaces/include/custom_interfaces/srv/reset.hpp
[5.649s] -- Up-to-date symlink: /home/robofei/Desktop/visao_ws/install/custom_interfaces/include/custom_interfaces/msg/detail/decision__rosidl_typesupport_introspection_cpp.hpp
[5.651s] -- Up-to-date symlink: /home/robofei/Desktop/visao_ws/install/custom_interfaces/include/custom_interfaces/msg/detail/humanoid_league_msgs__rosidl_typesupport_introspection_cpp.hpp
[5.685s] -- Up-to-date symlink: /home/robofei/Desktop/visao_ws/install/custom_interfaces/include/custom_interfaces/msg/detail/localization__rosidl_typesupport_introspection_cpp.hpp
[5.722s] -- Up-to-date symlink: /home/robofei/Desktop/visao_ws/install/custom_interfaces/include/custom_interfaces/msg/detail/param_walk__rosidl_typesupport_introspection_cpp.hpp
[5.724s] -- Up-to-date symlink: /home/robofei/Desktop/visao_ws/install/custom_interfaces/include/custom_interfaces/msg/detail/set_position__rosidl_typesupport_introspection_cpp.hpp
[5.726s] -- Up-to-date symlink: /home/robofei/Desktop/visao_ws/install/custom_interfaces/include/custom_interfaces/msg/detail/set_position_original__rosidl_typesupport_introspection_cpp.hpp
[5.728s] -- Up-to-date symlink: /home/robofei/Desktop/visao_ws/install/custom_interfaces/include/custom_interfaces/msg/detail/vision__rosidl_typesupport_introspection_cpp.hpp
[5.756s] -- Up-to-date symlink: /home/robofei/Desktop/visao_ws/install/custom_interfaces/include/custom_interfaces/msg/detail/walk__rosidl_typesupport_introspection_cpp.hpp
[5.758s] -- Up-to-date symlink: /home/robofei/Desktop/visao_ws/install/custom_interfaces/include/custom_interfaces/srv/detail/get_position__rosidl_typesupport_introspection_cpp.hpp
[5.760s] -- Up-to-date symlink: /home/robofei/Desktop/visao_ws/install/custom_interfaces/include/custom_interfaces/srv/detail/reset__rosidl_typesupport_introspection_cpp.hpp
[5.800s] -- Up-to-date symlink: /home/robofei/Desktop/visao_ws/install/custom_interfaces/share/custom_interfaces/environment/pythonpath.sh
[5.802s] -- Up-to-date symlink: /home/robofei/Desktop/visao_ws/install/custom_interfaces/share/custom_interfaces/environment/pythonpath.dsv
[5.804s] -- Up-to-date symlink: /home/robofei/Desktop/visao_ws/install/custom_interfaces/lib/python3.8/site-packages/custom_interfaces/__init__.py
[5.809s] -- Up-to-date symlink: /home/robofei/Desktop/visao_ws/install/custom_interfaces/lib/python3.8/site-packages/custom_interfaces/msg/__init__.py
[5.810s] -- Up-to-date symlink: /home/robofei/Desktop/visao_ws/install/custom_interfaces/lib/python3.8/site-packages/custom_interfaces/msg/_decision.py
[5.812s] -- Up-to-date symlink: /home/robofei/Desktop/visao_ws/install/custom_interfaces/lib/python3.8/site-packages/custom_interfaces/msg/_humanoid_league_msgs.py
[5.814s] -- Up-to-date symlink: /home/robofei/Desktop/visao_ws/install/custom_interfaces/lib/python3.8/site-packages/custom_interfaces/msg/_localization.py
[5.816s] -- Up-to-date symlink: /home/robofei/Desktop/visao_ws/install/custom_interfaces/lib/python3.8/site-packages/custom_interfaces/msg/_param_walk.py
[5.817s] -- Up-to-date symlink: /home/robofei/Desktop/visao_ws/install/custom_interfaces/lib/python3.8/site-packages/custom_interfaces/msg/_set_position.py
[5.819s] -- Up-to-date symlink: /home/robofei/Desktop/visao_ws/install/custom_interfaces/lib/python3.8/site-packages/custom_interfaces/msg/_set_position_original.py
[5.821s] -- Up-to-date symlink: /home/robofei/Desktop/visao_ws/install/custom_interfaces/lib/python3.8/site-packages/custom_interfaces/msg/_vision.py
[5.823s] -- Up-to-date symlink: /home/robofei/Desktop/visao_ws/install/custom_interfaces/lib/python3.8/site-packages/custom_interfaces/msg/_walk.py
[5.862s] -- Up-to-date symlink: /home/robofei/Desktop/visao_ws/install/custom_interfaces/lib/python3.8/site-packages/custom_interfaces/srv/__init__.py
[5.865s] -- Up-to-date symlink: /home/robofei/Desktop/visao_ws/install/custom_interfaces/lib/python3.8/site-packages/custom_interfaces/srv/_get_position.py
[5.867s] -- Up-to-date symlink: /home/robofei/Desktop/visao_ws/install/custom_interfaces/lib/python3.8/site-packages/custom_interfaces/srv/_reset.py
[5.894s] -- Up-to-date symlink: /home/robofei/Desktop/visao_ws/install/custom_interfaces/lib/python3.8/site-packages/custom_interfaces/custom_interfaces_s__rosidl_typesupport_fastrtps_c.cpython-38-x86_64-linux-gnu.so
[5.941s] -- Up-to-date symlink: /home/robofei/Desktop/visao_ws/install/custom_interfaces/lib/python3.8/site-packages/custom_interfaces/custom_interfaces_s__rosidl_typesupport_introspection_c.cpython-38-x86_64-linux-gnu.so
[5.974s] -- Up-to-date symlink: /home/robofei/Desktop/visao_ws/install/custom_interfaces/lib/python3.8/site-packages/custom_interfaces/custom_interfaces_s__rosidl_typesupport_c.cpython-38-x86_64-linux-gnu.so
[5.983s] -- Up-to-date symlink: /home/robofei/Desktop/visao_ws/install/custom_interfaces/lib/libcustom_interfaces__python.so
[6.007s] -- Up-to-date symlink: /home/robofei/Desktop/visao_ws/install/custom_interfaces/share/custom_interfaces/msg/SetPosition.idl
[6.010s] -- Up-to-date symlink: /home/robofei/Desktop/visao_ws/install/custom_interfaces/share/custom_interfaces/msg/Vision.idl
[6.013s] -- Up-to-date symlink: /home/robofei/Desktop/visao_ws/install/custom_interfaces/share/custom_interfaces/msg/HumanoidLeagueMsgs.idl
[6.016s] -- Up-to-date symlink: /home/robofei/Desktop/visao_ws/install/custom_interfaces/share/custom_interfaces/msg/Localization.idl
[6.052s] -- Up-to-date symlink: /home/robofei/Desktop/visao_ws/install/custom_interfaces/share/custom_interfaces/msg/SetPositionOriginal.idl
[6.054s] -- Up-to-date symlink: /home/robofei/Desktop/visao_ws/install/custom_interfaces/share/custom_interfaces/msg/Decision.idl
[6.086s] -- Up-to-date symlink: /home/robofei/Desktop/visao_ws/install/custom_interfaces/share/custom_interfaces/msg/Walk.idl
[6.089s] -- Up-to-date symlink: /home/robofei/Desktop/visao_ws/install/custom_interfaces/share/custom_interfaces/msg/ParamWalk.idl
[6.120s] -- Up-to-date symlink: /home/robofei/Desktop/visao_ws/install/custom_interfaces/share/custom_interfaces/srv/GetPosition.idl
[6.123s] -- Up-to-date symlink: /home/robofei/Desktop/visao_ws/install/custom_interfaces/share/custom_interfaces/srv/Reset.idl
[6.126s] -- Up-to-date symlink: /home/robofei/Desktop/visao_ws/install/custom_interfaces/share/custom_interfaces/msg/SetPosition.msg
[6.128s] -- Up-to-date symlink: /home/robofei/Desktop/visao_ws/install/custom_interfaces/share/custom_interfaces/msg/Vision.msg
[6.153s] -- Up-to-date symlink: /home/robofei/Desktop/visao_ws/install/custom_interfaces/share/custom_interfaces/msg/HumanoidLeagueMsgs.msg
[6.155s] -- Up-to-date symlink: /home/robofei/Desktop/visao_ws/install/custom_interfaces/share/custom_interfaces/msg/Localization.msg
[6.158s] -- Up-to-date symlink: /home/robofei/Desktop/visao_ws/install/custom_interfaces/share/custom_interfaces/msg/SetPositionOriginal.msg
[6.161s] -- Up-to-date symlink: /home/robofei/Desktop/visao_ws/install/custom_interfaces/share/custom_interfaces/msg/Decision.msg
[6.197s] -- Up-to-date symlink: /home/robofei/Desktop/visao_ws/install/custom_interfaces/share/custom_interfaces/msg/Walk.msg
[6.200s] -- Up-to-date symlink: /home/robofei/Desktop/visao_ws/install/custom_interfaces/share/custom_interfaces/msg/ParamWalk.msg
[6.203s] -- Up-to-date symlink: /home/robofei/Desktop/visao_ws/install/custom_interfaces/share/custom_interfaces/srv/GetPosition.srv
[6.242s] -- Up-to-date symlink: /home/robofei/Desktop/visao_ws/install/custom_interfaces/share/custom_interfaces/srv/GetPosition_Request.msg
[6.286s] -- Up-to-date symlink: /home/robofei/Desktop/visao_ws/install/custom_interfaces/share/custom_interfaces/srv/GetPosition_Response.msg
[6.289s] -- Up-to-date symlink: /home/robofei/Desktop/visao_ws/install/custom_interfaces/share/custom_interfaces/srv/Reset.srv
[6.293s] -- Up-to-date symlink: /home/robofei/Desktop/visao_ws/install/custom_interfaces/share/custom_interfaces/srv/Reset_Request.msg
[6.320s] -- Up-to-date symlink: /home/robofei/Desktop/visao_ws/install/custom_interfaces/share/custom_interfaces/srv/Reset_Response.msg
[6.323s] -- Up-to-date symlink: /home/robofei/Desktop/visao_ws/install/custom_interfaces/share/ament_index/resource_index/package_run_dependencies/custom_interfaces
[6.353s] -- Up-to-date symlink: /home/robofei/Desktop/visao_ws/install/custom_interfaces/share/ament_index/resource_index/parent_prefix_path/custom_interfaces
[6.355s] -- Up-to-date symlink: /home/robofei/Desktop/visao_ws/install/custom_interfaces/share/custom_interfaces/environment/ament_prefix_path.sh
[6.358s] -- Up-to-date symlink: /home/robofei/Desktop/visao_ws/install/custom_interfaces/share/custom_interfaces/environment/ament_prefix_path.dsv
[6.386s] -- Up-to-date symlink: /home/robofei/Desktop/visao_ws/install/custom_interfaces/share/custom_interfaces/environment/path.sh
[6.389s] -- Up-to-date symlink: /home/robofei/Desktop/visao_ws/install/custom_interfaces/share/custom_interfaces/environment/path.dsv
[6.391s] -- Up-to-date symlink: /home/robofei/Desktop/visao_ws/install/custom_interfaces/share/custom_interfaces/local_setup.bash
[6.393s] -- Up-to-date symlink: /home/robofei/Desktop/visao_ws/install/custom_interfaces/share/custom_interfaces/local_setup.sh
[6.430s] -- Up-to-date symlink: /home/robofei/Desktop/visao_ws/install/custom_interfaces/share/custom_interfaces/local_setup.zsh
[6.431s] -- Up-to-date symlink: /home/robofei/Desktop/visao_ws/install/custom_interfaces/share/custom_interfaces/local_setup.dsv
[6.432s] -- Symlinking: /home/robofei/Desktop/visao_ws/install/custom_interfaces/share/custom_interfaces/package.dsv
[6.485s] -- Up-to-date symlink: /home/robofei/Desktop/visao_ws/install/custom_interfaces/share/ament_index/resource_index/packages/custom_interfaces
[6.486s] -- Up-to-date symlink: /home/robofei/Desktop/visao_ws/install/custom_interfaces/share/custom_interfaces/cmake/rosidl_cmake-extras.cmake
[6.519s] -- Up-to-date symlink: /home/robofei/Desktop/visao_ws/install/custom_interfaces/share/custom_interfaces/cmake/ament_cmake_export_dependencies-extras.cmake
[6.522s] -- Up-to-date symlink: /home/robofei/Desktop/visao_ws/install/custom_interfaces/share/custom_interfaces/cmake/ament_cmake_export_libraries-extras.cmake
[6.525s] -- Up-to-date symlink: /home/robofei/Desktop/visao_ws/install/custom_interfaces/share/custom_interfaces/cmake/ament_cmake_export_targets-extras.cmake
[6.528s] -- Up-to-date symlink: /home/robofei/Desktop/visao_ws/install/custom_interfaces/share/custom_interfaces/cmake/ament_cmake_export_include_directories-extras.cmake
[6.564s] -- Up-to-date symlink: /home/robofei/Desktop/visao_ws/install/custom_interfaces/share/custom_interfaces/cmake/rosidl_cmake_export_typesupport_libraries-extras.cmake
[6.567s] -- Up-to-date symlink: /home/robofei/Desktop/visao_ws/install/custom_interfaces/share/custom_interfaces/cmake/rosidl_cmake_export_typesupport_targets-extras.cmake
[6.570s] -- Up-to-date symlink: /home/robofei/Desktop/visao_ws/install/custom_interfaces/share/custom_interfaces/cmake/custom_interfacesConfig.cmake
[6.572s] -- Up-to-date symlink: /home/robofei/Desktop/visao_ws/install/custom_interfaces/share/custom_interfaces/cmake/custom_interfacesConfig-version.cmake
[6.609s] -- Up-to-date symlink: /home/robofei/Desktop/visao_ws/install/custom_interfaces/share/custom_interfaces/package.xml
[6.643s] -- Up-to-date: /home/robofei/Desktop/visao_ws/install/custom_interfaces/lib/libcustom_interfaces__rosidl_generator_c.so
[6.698s] -- Up-to-date: /home/robofei/Desktop/visao_ws/install/custom_interfaces/lib/libcustom_interfaces__rosidl_typesupport_introspection_c.so
[6.702s] -- Up-to-date: /home/robofei/Desktop/visao_ws/install/custom_interfaces/lib/libcustom_interfaces__rosidl_typesupport_c.so
[6.727s] -- Up-to-date: /home/robofei/Desktop/visao_ws/install/custom_interfaces/lib/libcustom_interfaces__rosidl_typesupport_introspection_cpp.so
[6.797s] -- Up-to-date: /home/robofei/Desktop/visao_ws/install/custom_interfaces/lib/libcustom_interfaces__rosidl_typesupport_cpp.so
[6.982s] -- Up-to-date: /home/robofei/Desktop/visao_ws/install/custom_interfaces/share/custom_interfaces/cmake/custom_interfaces__rosidl_generator_cExport.cmake
[6.983s] -- Up-to-date: /home/robofei/Desktop/visao_ws/install/custom_interfaces/share/custom_interfaces/cmake/custom_interfaces__rosidl_generator_cExport-noconfig.cmake
[7.071s] -- Up-to-date: /home/robofei/Desktop/visao_ws/install/custom_interfaces/share/custom_interfaces/cmake/custom_interfaces__rosidl_typesupport_introspection_cExport.cmake
[7.072s] -- Up-to-date: /home/robofei/Desktop/visao_ws/install/custom_interfaces/share/custom_interfaces/cmake/custom_interfaces__rosidl_typesupport_introspection_cExport-noconfig.cmake
[7.148s] -- Up-to-date: /home/robofei/Desktop/visao_ws/install/custom_interfaces/share/custom_interfaces/cmake/custom_interfaces__rosidl_typesupport_cExport.cmake
[7.148s] -- Up-to-date: /home/robofei/Desktop/visao_ws/install/custom_interfaces/share/custom_interfaces/cmake/custom_interfaces__rosidl_typesupport_cExport-noconfig.cmake
[7.222s] -- Up-to-date: /home/robofei/Desktop/visao_ws/install/custom_interfaces/share/custom_interfaces/cmake/custom_interfaces__rosidl_generator_cppExport.cmake
[7.300s] -- Up-to-date: /home/robofei/Desktop/visao_ws/install/custom_interfaces/share/custom_interfaces/cmake/custom_interfaces__rosidl_typesupport_introspection_cppExport.cmake
[7.300s] -- Up-to-date: /home/robofei/Desktop/visao_ws/install/custom_interfaces/share/custom_interfaces/cmake/custom_interfaces__rosidl_typesupport_introspection_cppExport-noconfig.cmake
[7.377s] -- Up-to-date: /home/robofei/Desktop/visao_ws/install/custom_interfaces/share/custom_interfaces/cmake/custom_interfaces__rosidl_typesupport_cppExport.cmake
[7.378s] -- Up-to-date: /home/robofei/Desktop/visao_ws/install/custom_interfaces/share/custom_interfaces/cmake/custom_interfaces__rosidl_typesupport_cppExport-noconfig.cmake
[7.432s] Invoked command in '/home/robofei/Desktop/visao_ws/build/custom_interfaces' returned '0': CMAKE_PREFIX_PATH=${CMAKE_PREFIX_PATH}:/home/robofei/Desktop/visao_ws/install/vision_test:/opt/ros/foxy /usr/bin/cmake --install /home/robofei/Desktop/visao_ws/build/custom_interfaces
