[0.169s] DEBUG:colcon:Command line arguments: ['/usr/bin/colcon', 'build', '--symlink-install']
[0.169s] DEBUG:colcon:Parsed command line arguments: Namespace(allow_overriding=[], ament_cmake_args=None, base_paths=['.'], build_base='build', catkin_cmake_args=None, catkin_skip_building_tests=False, cmake_args=None, cmake_clean_cache=False, cmake_clean_first=False, cmake_force_configure=False, cmake_target=None, cmake_target_skip_unavailable=False, continue_on_error=False, event_handlers=None, executor='parallel', ignore_user_meta=False, install_base='install', log_base=None, log_level=None, main=<bound method BuildVerb.main of <colcon_core.verb.build.BuildVerb object at 0x7f4e328e47f0>>, merge_install=False, metas=['./colcon.meta'], packages_above=None, packages_above_and_dependencies=None, packages_above_depth=None, packages_end=None, packages_ignore=None, packages_ignore_regex=None, packages_select=None, packages_select_build_failed=False, packages_select_by_dep=None, packages_select_regex=None, packages_select_test_failures=False, packages_skip=None, packages_skip_build_finished=False, packages_skip_by_dep=None, packages_skip_regex=None, packages_skip_test_passed=False, packages_skip_up_to=None, packages_start=None, packages_up_to=None, packages_up_to_regex=None, parallel_workers=4, paths=None, symlink_install=True, test_result_base=None, verb_extension=<colcon_core.verb.build.BuildVerb object at 0x7f4e328e47f0>, verb_name='build', verb_parser=<colcon_defaults.argument_parser.defaults.DefaultArgumentsDecorator object at 0x7f4e328ee4f0>)
[0.201s] Level 1:colcon.colcon_core.package_discovery:discover_packages(colcon_meta) check parameters
[0.201s] Level 1:colcon.colcon_core.package_discovery:discover_packages(recursive) check parameters
[0.201s] Level 1:colcon.colcon_core.package_discovery:discover_packages(ignore) check parameters
[0.201s] Level 1:colcon.colcon_core.package_discovery:discover_packages(path) check parameters
[0.201s] Level 1:colcon.colcon_core.package_discovery:discover_packages(colcon_meta) discover
[0.201s] Level 1:colcon.colcon_core.package_discovery:discover_packages(recursive) discover
[0.201s] INFO:colcon.colcon_core.package_discovery:Crawling recursively for packages in '/home/robofei/Desktop/visao_ws'
[0.202s] Level 1:colcon.colcon_core.package_identification:_identify(.) by extensions ['ignore', 'ignore_ament_install']
[0.202s] Level 1:colcon.colcon_core.package_identification:_identify(.) by extension 'ignore'
[0.202s] Level 1:colcon.colcon_core.package_identification:_identify(.) by extension 'ignore_ament_install'
[0.202s] Level 1:colcon.colcon_core.package_identification:_identify(.) by extensions ['colcon_pkg']
[0.202s] Level 1:colcon.colcon_core.package_identification:_identify(.) by extension 'colcon_pkg'
[0.202s] Level 1:colcon.colcon_core.package_identification:_identify(.) by extensions ['colcon_meta']
[0.202s] Level 1:colcon.colcon_core.package_identification:_identify(.) by extension 'colcon_meta'
[0.202s] Level 1:colcon.colcon_core.package_identification:_identify(.) by extensions ['ros']
[0.202s] Level 1:colcon.colcon_core.package_identification:_identify(.) by extension 'ros'
[0.215s] Level 1:colcon.colcon_core.package_identification:_identify(.) by extensions ['cmake', 'python']
[0.215s] Level 1:colcon.colcon_core.package_identification:_identify(.) by extension 'cmake'
[0.215s] Level 1:colcon.colcon_core.package_identification:_identify(.) by extension 'python'
[0.215s] Level 1:colcon.colcon_core.package_identification:_identify(.) by extensions ['python_setup_py']
[0.215s] Level 1:colcon.colcon_core.package_identification:_identify(.) by extension 'python_setup_py'
[0.215s] Level 1:colcon.colcon_core.package_identification:_identify(build) by extensions ['ignore', 'ignore_ament_install']
[0.215s] Level 1:colcon.colcon_core.package_identification:_identify(build) by extension 'ignore'
[0.215s] Level 1:colcon.colcon_core.package_identification:_identify(build) ignored
[0.215s] Level 1:colcon.colcon_core.package_identification:_identify(custom_interfaces) by extensions ['ignore', 'ignore_ament_install']
[0.216s] Level 1:colcon.colcon_core.package_identification:_identify(custom_interfaces) by extension 'ignore'
[0.216s] Level 1:colcon.colcon_core.package_identification:_identify(custom_interfaces) by extension 'ignore_ament_install'
[0.216s] Level 1:colcon.colcon_core.package_identification:_identify(custom_interfaces) by extensions ['colcon_pkg']
[0.216s] Level 1:colcon.colcon_core.package_identification:_identify(custom_interfaces) by extension 'colcon_pkg'
[0.216s] Level 1:colcon.colcon_core.package_identification:_identify(custom_interfaces) by extensions ['colcon_meta']
[0.216s] Level 1:colcon.colcon_core.package_identification:_identify(custom_interfaces) by extension 'colcon_meta'
[0.216s] Level 1:colcon.colcon_core.package_identification:_identify(custom_interfaces) by extensions ['ros']
[0.216s] Level 1:colcon.colcon_core.package_identification:_identify(custom_interfaces) by extension 'ros'
[0.219s] DEBUG:colcon.colcon_core.package_identification:Package 'custom_interfaces' with type 'ros.ament_cmake' and name 'custom_interfaces'
[0.219s] Level 1:colcon.colcon_core.package_identification:_identify(install) by extensions ['ignore', 'ignore_ament_install']
[0.219s] Level 1:colcon.colcon_core.package_identification:_identify(install) by extension 'ignore'
[0.219s] Level 1:colcon.colcon_core.package_identification:_identify(install) ignored
[0.219s] Level 1:colcon.colcon_core.package_identification:_identify(log) by extensions ['ignore', 'ignore_ament_install']
[0.219s] Level 1:colcon.colcon_core.package_identification:_identify(log) by extension 'ignore'
[0.220s] Level 1:colcon.colcon_core.package_identification:_identify(log) ignored
[0.220s] Level 1:colcon.colcon_core.package_identification:_identify(runs) by extensions ['ignore', 'ignore_ament_install']
[0.220s] Level 1:colcon.colcon_core.package_identification:_identify(runs) by extension 'ignore'
[0.220s] Level 1:colcon.colcon_core.package_identification:_identify(runs) by extension 'ignore_ament_install'
[0.220s] Level 1:colcon.colcon_core.package_identification:_identify(runs) by extensions ['colcon_pkg']
[0.220s] Level 1:colcon.colcon_core.package_identification:_identify(runs) by extension 'colcon_pkg'
[0.220s] Level 1:colcon.colcon_core.package_identification:_identify(runs) by extensions ['colcon_meta']
[0.220s] Level 1:colcon.colcon_core.package_identification:_identify(runs) by extension 'colcon_meta'
[0.220s] Level 1:colcon.colcon_core.package_identification:_identify(runs) by extensions ['ros']
[0.220s] Level 1:colcon.colcon_core.package_identification:_identify(runs) by extension 'ros'
[0.220s] Level 1:colcon.colcon_core.package_identification:_identify(runs) by extensions ['cmake', 'python']
[0.220s] Level 1:colcon.colcon_core.package_identification:_identify(runs) by extension 'cmake'
[0.220s] Level 1:colcon.colcon_core.package_identification:_identify(runs) by extension 'python'
[0.220s] Level 1:colcon.colcon_core.package_identification:_identify(runs) by extensions ['python_setup_py']
[0.220s] Level 1:colcon.colcon_core.package_identification:_identify(runs) by extension 'python_setup_py'
[0.220s] Level 1:colcon.colcon_core.package_identification:_identify(runs/detect) by extensions ['ignore', 'ignore_ament_install']
[0.221s] Level 1:colcon.colcon_core.package_identification:_identify(runs/detect) by extension 'ignore'
[0.221s] Level 1:colcon.colcon_core.package_identification:_identify(runs/detect) by extension 'ignore_ament_install'
[0.221s] Level 1:colcon.colcon_core.package_identification:_identify(runs/detect) by extensions ['colcon_pkg']
[0.221s] Level 1:colcon.colcon_core.package_identification:_identify(runs/detect) by extension 'colcon_pkg'
[0.221s] Level 1:colcon.colcon_core.package_identification:_identify(runs/detect) by extensions ['colcon_meta']
[0.221s] Level 1:colcon.colcon_core.package_identification:_identify(runs/detect) by extension 'colcon_meta'
[0.221s] Level 1:colcon.colcon_core.package_identification:_identify(runs/detect) by extensions ['ros']
[0.221s] Level 1:colcon.colcon_core.package_identification:_identify(runs/detect) by extension 'ros'
[0.221s] Level 1:colcon.colcon_core.package_identification:_identify(runs/detect) by extensions ['cmake', 'python']
[0.221s] Level 1:colcon.colcon_core.package_identification:_identify(runs/detect) by extension 'cmake'
[0.221s] Level 1:colcon.colcon_core.package_identification:_identify(runs/detect) by extension 'python'
[0.221s] Level 1:colcon.colcon_core.package_identification:_identify(runs/detect) by extensions ['python_setup_py']
[0.221s] Level 1:colcon.colcon_core.package_identification:_identify(runs/detect) by extension 'python_setup_py'
[0.221s] Level 1:colcon.colcon_core.package_identification:_identify(runs/detect/exp) by extensions ['ignore', 'ignore_ament_install']
[0.221s] Level 1:colcon.colcon_core.package_identification:_identify(runs/detect/exp) by extension 'ignore'
[0.221s] Level 1:colcon.colcon_core.package_identification:_identify(runs/detect/exp) by extension 'ignore_ament_install'
[0.222s] Level 1:colcon.colcon_core.package_identification:_identify(runs/detect/exp) by extensions ['colcon_pkg']
[0.222s] Level 1:colcon.colcon_core.package_identification:_identify(runs/detect/exp) by extension 'colcon_pkg'
[0.222s] Level 1:colcon.colcon_core.package_identification:_identify(runs/detect/exp) by extensions ['colcon_meta']
[0.222s] Level 1:colcon.colcon_core.package_identification:_identify(runs/detect/exp) by extension 'colcon_meta'
[0.222s] Level 1:colcon.colcon_core.package_identification:_identify(runs/detect/exp) by extensions ['ros']
[0.222s] Level 1:colcon.colcon_core.package_identification:_identify(runs/detect/exp) by extension 'ros'
[0.222s] Level 1:colcon.colcon_core.package_identification:_identify(runs/detect/exp) by extensions ['cmake', 'python']
[0.222s] Level 1:colcon.colcon_core.package_identification:_identify(runs/detect/exp) by extension 'cmake'
[0.222s] Level 1:colcon.colcon_core.package_identification:_identify(runs/detect/exp) by extension 'python'
[0.222s] Level 1:colcon.colcon_core.package_identification:_identify(runs/detect/exp) by extensions ['python_setup_py']
[0.222s] Level 1:colcon.colcon_core.package_identification:_identify(runs/detect/exp) by extension 'python_setup_py'
[0.222s] Level 1:colcon.colcon_core.package_identification:_identify(runs/detect/exp2) by extensions ['ignore', 'ignore_ament_install']
[0.222s] Level 1:colcon.colcon_core.package_identification:_identify(runs/detect/exp2) by extension 'ignore'
[0.222s] Level 1:colcon.colcon_core.package_identification:_identify(runs/detect/exp2) by extension 'ignore_ament_install'
[0.222s] Level 1:colcon.colcon_core.package_identification:_identify(runs/detect/exp2) by extensions ['colcon_pkg']
[0.222s] Level 1:colcon.colcon_core.package_identification:_identify(runs/detect/exp2) by extension 'colcon_pkg'
[0.222s] Level 1:colcon.colcon_core.package_identification:_identify(runs/detect/exp2) by extensions ['colcon_meta']
[0.222s] Level 1:colcon.colcon_core.package_identification:_identify(runs/detect/exp2) by extension 'colcon_meta'
[0.223s] Level 1:colcon.colcon_core.package_identification:_identify(runs/detect/exp2) by extensions ['ros']
[0.223s] Level 1:colcon.colcon_core.package_identification:_identify(runs/detect/exp2) by extension 'ros'
[0.223s] Level 1:colcon.colcon_core.package_identification:_identify(runs/detect/exp2) by extensions ['cmake', 'python']
[0.223s] Level 1:colcon.colcon_core.package_identification:_identify(runs/detect/exp2) by extension 'cmake'
[0.223s] Level 1:colcon.colcon_core.package_identification:_identify(runs/detect/exp2) by extension 'python'
[0.223s] Level 1:colcon.colcon_core.package_identification:_identify(runs/detect/exp2) by extensions ['python_setup_py']
[0.223s] Level 1:colcon.colcon_core.package_identification:_identify(runs/detect/exp2) by extension 'python_setup_py'
[0.223s] Level 1:colcon.colcon_core.package_identification:_identify(runs/detect/exp3) by extensions ['ignore', 'ignore_ament_install']
[0.223s] Level 1:colcon.colcon_core.package_identification:_identify(runs/detect/exp3) by extension 'ignore'
[0.223s] Level 1:colcon.colcon_core.package_identification:_identify(runs/detect/exp3) by extension 'ignore_ament_install'
[0.223s] Level 1:colcon.colcon_core.package_identification:_identify(runs/detect/exp3) by extensions ['colcon_pkg']
[0.223s] Level 1:colcon.colcon_core.package_identification:_identify(runs/detect/exp3) by extension 'colcon_pkg'
[0.223s] Level 1:colcon.colcon_core.package_identification:_identify(runs/detect/exp3) by extensions ['colcon_meta']
[0.223s] Level 1:colcon.colcon_core.package_identification:_identify(runs/detect/exp3) by extension 'colcon_meta'
[0.223s] Level 1:colcon.colcon_core.package_identification:_identify(runs/detect/exp3) by extensions ['ros']
[0.223s] Level 1:colcon.colcon_core.package_identification:_identify(runs/detect/exp3) by extension 'ros'
[0.223s] Level 1:colcon.colcon_core.package_identification:_identify(runs/detect/exp3) by extensions ['cmake', 'python']
[0.224s] Level 1:colcon.colcon_core.package_identification:_identify(runs/detect/exp3) by extension 'cmake'
[0.224s] Level 1:colcon.colcon_core.package_identification:_identify(runs/detect/exp3) by extension 'python'
[0.224s] Level 1:colcon.colcon_core.package_identification:_identify(runs/detect/exp3) by extensions ['python_setup_py']
[0.224s] Level 1:colcon.colcon_core.package_identification:_identify(runs/detect/exp3) by extension 'python_setup_py'
[0.224s] Level 1:colcon.colcon_core.package_identification:_identify(runs/detect/exp4) by extensions ['ignore', 'ignore_ament_install']
[0.224s] Level 1:colcon.colcon_core.package_identification:_identify(runs/detect/exp4) by extension 'ignore'
[0.224s] Level 1:colcon.colcon_core.package_identification:_identify(runs/detect/exp4) by extension 'ignore_ament_install'
[0.224s] Level 1:colcon.colcon_core.package_identification:_identify(runs/detect/exp4) by extensions ['colcon_pkg']
[0.224s] Level 1:colcon.colcon_core.package_identification:_identify(runs/detect/exp4) by extension 'colcon_pkg'
[0.224s] Level 1:colcon.colcon_core.package_identification:_identify(runs/detect/exp4) by extensions ['colcon_meta']
[0.224s] Level 1:colcon.colcon_core.package_identification:_identify(runs/detect/exp4) by extension 'colcon_meta'
[0.224s] Level 1:colcon.colcon_core.package_identification:_identify(runs/detect/exp4) by extensions ['ros']
[0.224s] Level 1:colcon.colcon_core.package_identification:_identify(runs/detect/exp4) by extension 'ros'
[0.224s] Level 1:colcon.colcon_core.package_identification:_identify(runs/detect/exp4) by extensions ['cmake', 'python']
[0.224s] Level 1:colcon.colcon_core.package_identification:_identify(runs/detect/exp4) by extension 'cmake'
[0.224s] Level 1:colcon.colcon_core.package_identification:_identify(runs/detect/exp4) by extension 'python'
[0.224s] Level 1:colcon.colcon_core.package_identification:_identify(runs/detect/exp4) by extensions ['python_setup_py']
[0.224s] Level 1:colcon.colcon_core.package_identification:_identify(runs/detect/exp4) by extension 'python_setup_py'
[0.225s] Level 1:colcon.colcon_core.package_identification:_identify(vision_test) by extensions ['ignore', 'ignore_ament_install']
[0.225s] Level 1:colcon.colcon_core.package_identification:_identify(vision_test) by extension 'ignore'
[0.225s] Level 1:colcon.colcon_core.package_identification:_identify(vision_test) by extension 'ignore_ament_install'
[0.225s] Level 1:colcon.colcon_core.package_identification:_identify(vision_test) by extensions ['colcon_pkg']
[0.225s] Level 1:colcon.colcon_core.package_identification:_identify(vision_test) by extension 'colcon_pkg'
[0.225s] Level 1:colcon.colcon_core.package_identification:_identify(vision_test) by extensions ['colcon_meta']
[0.225s] Level 1:colcon.colcon_core.package_identification:_identify(vision_test) by extension 'colcon_meta'
[0.225s] Level 1:colcon.colcon_core.package_identification:_identify(vision_test) by extensions ['ros']
[0.225s] Level 1:colcon.colcon_core.package_identification:_identify(vision_test) by extension 'ros'
[0.226s] DEBUG:colcon.colcon_core.package_identification:Package 'vision_test' with type 'ros.ament_python' and name 'vision_test'
[0.226s] Level 1:colcon.colcon_core.package_discovery:discover_packages(recursive) using defaults
[0.226s] Level 1:colcon.colcon_core.package_discovery:discover_packages(ignore) discover
[0.226s] Level 1:colcon.colcon_core.package_discovery:discover_packages(ignore) using defaults
[0.226s] Level 1:colcon.colcon_core.package_discovery:discover_packages(path) discover
[0.226s] Level 1:colcon.colcon_core.package_discovery:discover_packages(path) using defaults
[0.262s] Level 1:colcon.colcon_core.package_discovery:discover_packages(prefix_path) check parameters
[0.262s] Level 1:colcon.colcon_core.package_discovery:discover_packages(prefix_path) discover
[0.266s] DEBUG:colcon.colcon_installed_package_information.package_discovery:Found 2 installed packages in /home/robofei/Desktop/visao_ws/install
[0.268s] DEBUG:colcon.colcon_installed_package_information.package_discovery:Found 291 installed packages in /opt/ros/foxy
[0.270s] Level 1:colcon.colcon_core.package_discovery:discover_packages(prefix_path) using defaults
[0.372s] Level 5:colcon.colcon_core.verb:set package 'custom_interfaces' build argument 'cmake_args' from command line to 'None'
[0.372s] Level 5:colcon.colcon_core.verb:set package 'custom_interfaces' build argument 'cmake_target' from command line to 'None'
[0.372s] Level 5:colcon.colcon_core.verb:set package 'custom_interfaces' build argument 'cmake_target_skip_unavailable' from command line to 'False'
[0.372s] Level 5:colcon.colcon_core.verb:set package 'custom_interfaces' build argument 'cmake_clean_cache' from command line to 'False'
[0.372s] Level 5:colcon.colcon_core.verb:set package 'custom_interfaces' build argument 'cmake_clean_first' from command line to 'False'
[0.372s] Level 5:colcon.colcon_core.verb:set package 'custom_interfaces' build argument 'cmake_force_configure' from command line to 'False'
[0.372s] Level 5:colcon.colcon_core.verb:set package 'custom_interfaces' build argument 'ament_cmake_args' from command line to 'None'
[0.372s] Level 5:colcon.colcon_core.verb:set package 'custom_interfaces' build argument 'catkin_cmake_args' from command line to 'None'
[0.372s] Level 5:colcon.colcon_core.verb:set package 'custom_interfaces' build argument 'catkin_skip_building_tests' from command line to 'False'
[0.372s] DEBUG:colcon.colcon_core.verb:Building package 'custom_interfaces' with the following arguments: {'ament_cmake_args': None, 'build_base': '/home/robofei/Desktop/visao_ws/build/custom_interfaces', 'catkin_cmake_args': None, 'catkin_skip_building_tests': False, 'cmake_args': None, 'cmake_clean_cache': False, 'cmake_clean_first': False, 'cmake_force_configure': False, 'cmake_target': None, 'cmake_target_skip_unavailable': False, 'install_base': '/home/robofei/Desktop/visao_ws/install/custom_interfaces', 'merge_install': False, 'path': '/home/robofei/Desktop/visao_ws/custom_interfaces', 'symlink_install': True, 'test_result_base': None}
[0.374s] Level 5:colcon.colcon_core.verb:set package 'vision_test' build argument 'cmake_args' from command line to 'None'
[0.374s] Level 5:colcon.colcon_core.verb:set package 'vision_test' build argument 'cmake_target' from command line to 'None'
[0.374s] Level 5:colcon.colcon_core.verb:set package 'vision_test' build argument 'cmake_target_skip_unavailable' from command line to 'False'
[0.374s] Level 5:colcon.colcon_core.verb:set package 'vision_test' build argument 'cmake_clean_cache' from command line to 'False'
[0.374s] Level 5:colcon.colcon_core.verb:set package 'vision_test' build argument 'cmake_clean_first' from command line to 'False'
[0.374s] Level 5:colcon.colcon_core.verb:set package 'vision_test' build argument 'cmake_force_configure' from command line to 'False'
[0.374s] Level 5:colcon.colcon_core.verb:set package 'vision_test' build argument 'ament_cmake_args' from command line to 'None'
[0.374s] Level 5:colcon.colcon_core.verb:set package 'vision_test' build argument 'catkin_cmake_args' from command line to 'None'
[0.374s] Level 5:colcon.colcon_core.verb:set package 'vision_test' build argument 'catkin_skip_building_tests' from command line to 'False'
[0.375s] DEBUG:colcon.colcon_core.verb:Building package 'vision_test' with the following arguments: {'ament_cmake_args': None, 'build_base': '/home/robofei/Desktop/visao_ws/build/vision_test', 'catkin_cmake_args': None, 'catkin_skip_building_tests': False, 'cmake_args': None, 'cmake_clean_cache': False, 'cmake_clean_first': False, 'cmake_force_configure': False, 'cmake_target': None, 'cmake_target_skip_unavailable': False, 'install_base': '/home/robofei/Desktop/visao_ws/install/vision_test', 'merge_install': False, 'path': '/home/robofei/Desktop/visao_ws/vision_test', 'symlink_install': True, 'test_result_base': None}
[0.376s] INFO:colcon.colcon_core.executor:Executing jobs using 'parallel' executor
[0.383s] DEBUG:colcon.colcon_parallel_executor.executor.parallel:run_until_complete
[0.384s] INFO:colcon.colcon_ros.task.ament_cmake.build:Building ROS package in '/home/robofei/Desktop/visao_ws/custom_interfaces' with build type 'ament_cmake'
[0.384s] INFO:colcon.colcon_cmake.task.cmake.build:Building CMake package in '/home/robofei/Desktop/visao_ws/custom_interfaces'
[0.389s] INFO:colcon.colcon_core.plugin_system:Skipping extension 'colcon_core.shell.bat': Not used on non-Windows systems
[0.389s] INFO:colcon.colcon_core.shell:Skip shell extension 'powershell' for command environment: Not usable outside of PowerShell
[0.390s] DEBUG:colcon.colcon_core.shell:Skip shell extension 'dsv' for command environment
[0.397s] INFO:colcon.colcon_ros.task.ament_python.build:Building ROS package in '/home/robofei/Desktop/visao_ws/vision_test' with build type 'ament_python'
[0.398s] Level 1:colcon.colcon_core.shell:create_environment_hook('vision_test', 'ament_prefix_path')
[0.400s] INFO:colcon.colcon_core.shell:Creating environment hook '/home/robofei/Desktop/visao_ws/install/vision_test/share/vision_test/hook/ament_prefix_path.ps1'
[0.402s] INFO:colcon.colcon_core.shell:Creating environment descriptor '/home/robofei/Desktop/visao_ws/install/vision_test/share/vision_test/hook/ament_prefix_path.dsv'
[0.403s] INFO:colcon.colcon_core.shell:Creating environment hook '/home/robofei/Desktop/visao_ws/install/vision_test/share/vision_test/hook/ament_prefix_path.sh'
[0.407s] INFO:colcon.colcon_core.shell:Skip shell extension 'powershell' for command environment: Not usable outside of PowerShell
[0.407s] DEBUG:colcon.colcon_core.shell:Skip shell extension 'dsv' for command environment
[0.472s] DEBUG:colcon.colcon_core.event_handler.log_command:Invoking command in '/home/robofei/Desktop/visao_ws/build/custom_interfaces': CMAKE_PREFIX_PATH=${CMAKE_PREFIX_PATH}:/home/robofei/Desktop/visao_ws/install/vision_test:/opt/ros/foxy /usr/bin/cmake --build /home/robofei/Desktop/visao_ws/build/custom_interfaces -- -j4 -l4
[1.057s] INFO:colcon.colcon_core.task.python.build:Building Python package in '/home/robofei/Desktop/visao_ws/vision_test'
[1.085s] INFO:colcon.colcon_core.shell:Skip shell extension 'powershell' for command environment: Not usable outside of PowerShell
[1.086s] DEBUG:colcon.colcon_core.shell:Skip shell extension 'dsv' for command environment
[1.102s] DEBUG:colcon.colcon_core.event_handler.log_command:Invoked command in '/home/robofei/Desktop/visao_ws/build/custom_interfaces' returned '0': CMAKE_PREFIX_PATH=${CMAKE_PREFIX_PATH}:/home/robofei/Desktop/visao_ws/install/vision_test:/opt/ros/foxy /usr/bin/cmake --build /home/robofei/Desktop/visao_ws/build/custom_interfaces -- -j4 -l4
[1.524s] DEBUG:colcon.colcon_core.event_handler.log_command:Invoking command in '/home/robofei/Desktop/visao_ws/build/custom_interfaces': CMAKE_PREFIX_PATH=${CMAKE_PREFIX_PATH}:/home/robofei/Desktop/visao_ws/install/vision_test:/opt/ros/foxy /usr/bin/cmake --install /home/robofei/Desktop/visao_ws/build/custom_interfaces
[1.733s] Level 1:colcon.colcon_core.environment:create_environment_scripts_only(custom_interfaces)
[1.735s] DEBUG:colcon.colcon_core.event_handler.log_command:Invoked command in '/home/robofei/Desktop/visao_ws/build/custom_interfaces' returned '0': CMAKE_PREFIX_PATH=${CMAKE_PREFIX_PATH}:/home/robofei/Desktop/visao_ws/install/vision_test:/opt/ros/foxy /usr/bin/cmake --install /home/robofei/Desktop/visao_ws/build/custom_interfaces
[1.744s] Level 1:colcon.colcon_core.environment:checking '/home/robofei/Desktop/visao_ws/install/custom_interfaces' for CMake module files
[1.745s] Level 1:colcon.colcon_core.environment:checking '/home/robofei/Desktop/visao_ws/install/custom_interfaces' for CMake config files
[1.747s] Level 1:colcon.colcon_core.shell:create_environment_hook('custom_interfaces', 'cmake_prefix_path')
[1.750s] INFO:colcon.colcon_core.shell:Creating environment hook '/home/robofei/Desktop/visao_ws/install/custom_interfaces/share/custom_interfaces/hook/cmake_prefix_path.ps1'
[1.751s] INFO:colcon.colcon_core.shell:Creating environment descriptor '/home/robofei/Desktop/visao_ws/install/custom_interfaces/share/custom_interfaces/hook/cmake_prefix_path.dsv'
[1.752s] INFO:colcon.colcon_core.shell:Creating environment hook '/home/robofei/Desktop/visao_ws/install/custom_interfaces/share/custom_interfaces/hook/cmake_prefix_path.sh'
[1.753s] Level 1:colcon.colcon_core.environment:checking '/home/robofei/Desktop/visao_ws/install/custom_interfaces/lib'
[1.753s] Level 1:colcon.colcon_core.shell:create_environment_hook('custom_interfaces', 'ld_library_path_lib')
[1.756s] INFO:colcon.colcon_core.shell:Creating environment hook '/home/robofei/Desktop/visao_ws/install/custom_interfaces/share/custom_interfaces/hook/ld_library_path_lib.ps1'
[1.756s] INFO:colcon.colcon_core.shell:Creating environment descriptor '/home/robofei/Desktop/visao_ws/install/custom_interfaces/share/custom_interfaces/hook/ld_library_path_lib.dsv'
[1.757s] INFO:colcon.colcon_core.shell:Creating environment hook '/home/robofei/Desktop/visao_ws/install/custom_interfaces/share/custom_interfaces/hook/ld_library_path_lib.sh'
[1.757s] Level 1:colcon.colcon_core.environment:checking '/home/robofei/Desktop/visao_ws/install/custom_interfaces/bin'
[1.757s] Level 1:colcon.colcon_core.environment:checking '/home/robofei/Desktop/visao_ws/install/custom_interfaces/lib/pkgconfig/custom_interfaces.pc'
[1.758s] Level 1:colcon.colcon_core.environment:checking '/home/robofei/Desktop/visao_ws/install/custom_interfaces/lib/python3.8/site-packages'
[1.758s] Level 1:colcon.colcon_core.shell:create_environment_hook('custom_interfaces', 'pythonpath')
[1.761s] INFO:colcon.colcon_core.shell:Creating environment hook '/home/robofei/Desktop/visao_ws/install/custom_interfaces/share/custom_interfaces/hook/pythonpath.ps1'
[1.761s] INFO:colcon.colcon_core.shell:Creating environment descriptor '/home/robofei/Desktop/visao_ws/install/custom_interfaces/share/custom_interfaces/hook/pythonpath.dsv'
[1.762s] INFO:colcon.colcon_core.shell:Creating environment hook '/home/robofei/Desktop/visao_ws/install/custom_interfaces/share/custom_interfaces/hook/pythonpath.sh'
[1.763s] Level 1:colcon.colcon_core.environment:checking '/home/robofei/Desktop/visao_ws/install/custom_interfaces/bin'
[1.766s] INFO:colcon.colcon_core.shell:Creating package script '/home/robofei/Desktop/visao_ws/install/custom_interfaces/share/custom_interfaces/package.ps1'
[1.768s] INFO:colcon.colcon_core.shell:Creating package descriptor '/home/robofei/Desktop/visao_ws/install/custom_interfaces/share/custom_interfaces/package.dsv'
[1.769s] INFO:colcon.colcon_core.shell:Creating package script '/home/robofei/Desktop/visao_ws/install/custom_interfaces/share/custom_interfaces/package.sh'
[1.770s] INFO:colcon.colcon_core.shell:Creating package script '/home/robofei/Desktop/visao_ws/install/custom_interfaces/share/custom_interfaces/package.bash'
[1.771s] INFO:colcon.colcon_core.shell:Creating package script '/home/robofei/Desktop/visao_ws/install/custom_interfaces/share/custom_interfaces/package.zsh'
[1.773s] Level 1:colcon.colcon_core.environment:create_file_with_runtime_dependencies(/home/robofei/Desktop/visao_ws/install/custom_interfaces/share/colcon-core/packages/custom_interfaces)
[2.134s] Level 1:colcon.colcon_core.environment:create_environment_scripts_only(custom_interfaces)
[2.139s] Level 1:colcon.colcon_core.environment:checking '/home/robofei/Desktop/visao_ws/install/custom_interfaces' for CMake module files
[2.141s] Level 1:colcon.colcon_core.environment:checking '/home/robofei/Desktop/visao_ws/install/custom_interfaces' for CMake config files
[2.143s] Level 1:colcon.colcon_core.shell:create_environment_hook('custom_interfaces', 'cmake_prefix_path')
[2.151s] INFO:colcon.colcon_core.shell:Creating environment hook '/home/robofei/Desktop/visao_ws/install/custom_interfaces/share/custom_interfaces/hook/cmake_prefix_path.ps1'
[2.152s] INFO:colcon.colcon_core.shell:Creating environment descriptor '/home/robofei/Desktop/visao_ws/install/custom_interfaces/share/custom_interfaces/hook/cmake_prefix_path.dsv'
[2.152s] INFO:colcon.colcon_core.shell:Creating environment hook '/home/robofei/Desktop/visao_ws/install/custom_interfaces/share/custom_interfaces/hook/cmake_prefix_path.sh'
[2.153s] Level 1:colcon.colcon_core.environment:checking '/home/robofei/Desktop/visao_ws/install/custom_interfaces/lib'
[2.153s] Level 1:colcon.colcon_core.shell:create_environment_hook('custom_interfaces', 'ld_library_path_lib')
[2.156s] INFO:colcon.colcon_core.shell:Creating environment hook '/home/robofei/Desktop/visao_ws/install/custom_interfaces/share/custom_interfaces/hook/ld_library_path_lib.ps1'
[2.157s] INFO:colcon.colcon_core.shell:Creating environment descriptor '/home/robofei/Desktop/visao_ws/install/custom_interfaces/share/custom_interfaces/hook/ld_library_path_lib.dsv'
[2.158s] INFO:colcon.colcon_core.shell:Creating environment hook '/home/robofei/Desktop/visao_ws/install/custom_interfaces/share/custom_interfaces/hook/ld_library_path_lib.sh'
[2.158s] Level 1:colcon.colcon_core.environment:checking '/home/robofei/Desktop/visao_ws/install/custom_interfaces/bin'
[2.159s] Level 1:colcon.colcon_core.environment:checking '/home/robofei/Desktop/visao_ws/install/custom_interfaces/lib/pkgconfig/custom_interfaces.pc'
[2.159s] Level 1:colcon.colcon_core.environment:checking '/home/robofei/Desktop/visao_ws/install/custom_interfaces/lib/python3.8/site-packages'
[2.159s] Level 1:colcon.colcon_core.shell:create_environment_hook('custom_interfaces', 'pythonpath')
[2.162s] INFO:colcon.colcon_core.shell:Creating environment hook '/home/robofei/Desktop/visao_ws/install/custom_interfaces/share/custom_interfaces/hook/pythonpath.ps1'
[2.163s] INFO:colcon.colcon_core.shell:Creating environment descriptor '/home/robofei/Desktop/visao_ws/install/custom_interfaces/share/custom_interfaces/hook/pythonpath.dsv'
[2.163s] INFO:colcon.colcon_core.shell:Creating environment hook '/home/robofei/Desktop/visao_ws/install/custom_interfaces/share/custom_interfaces/hook/pythonpath.sh'
[2.164s] Level 1:colcon.colcon_core.environment:checking '/home/robofei/Desktop/visao_ws/install/custom_interfaces/bin'
[2.168s] INFO:colcon.colcon_core.shell:Creating package script '/home/robofei/Desktop/visao_ws/install/custom_interfaces/share/custom_interfaces/package.ps1'
[2.169s] INFO:colcon.colcon_core.shell:Creating package descriptor '/home/robofei/Desktop/visao_ws/install/custom_interfaces/share/custom_interfaces/package.dsv'
[2.170s] INFO:colcon.colcon_core.shell:Creating package script '/home/robofei/Desktop/visao_ws/install/custom_interfaces/share/custom_interfaces/package.sh'
[2.171s] INFO:colcon.colcon_core.shell:Creating package script '/home/robofei/Desktop/visao_ws/install/custom_interfaces/share/custom_interfaces/package.bash'
[2.172s] INFO:colcon.colcon_core.shell:Creating package script '/home/robofei/Desktop/visao_ws/install/custom_interfaces/share/custom_interfaces/package.zsh'
[2.172s] Level 1:colcon.colcon_core.environment:create_file_with_runtime_dependencies(/home/robofei/Desktop/visao_ws/install/custom_interfaces/share/colcon-core/packages/custom_interfaces)
[2.183s] DEBUG:colcon.colcon_core.event_handler.log_command:Invoking command in '/home/robofei/Desktop/visao_ws/build/vision_test': PYTHONPATH=/home/robofei/Desktop/visao_ws/install/vision_test/lib/python3.8/site-packages:${PYTHONPATH} /usr/bin/python3 setup.py develop --prefix /home/robofei/Desktop/visao_ws/install/vision_test --editable --build-directory /home/robofei/Desktop/visao_ws/build/vision_test/build --no-deps install_data --install-dir /home/robofei/Desktop/visao_ws/install/vision_test
[3.102s] Level 1:colcon.colcon_core.shell:create_environment_hook('vision_test', 'pythonpath_develop')
[3.105s] INFO:colcon.colcon_core.shell:Creating environment hook '/home/robofei/Desktop/visao_ws/build/vision_test/share/vision_test/hook/pythonpath_develop.ps1'
[3.106s] DEBUG:colcon.colcon_core.event_handler.log_command:Invoked command in '/home/robofei/Desktop/visao_ws/build/vision_test' returned '0': PYTHONPATH=/home/robofei/Desktop/visao_ws/install/vision_test/lib/python3.8/site-packages:${PYTHONPATH} /usr/bin/python3 setup.py develop --prefix /home/robofei/Desktop/visao_ws/install/vision_test --editable --build-directory /home/robofei/Desktop/visao_ws/build/vision_test/build --no-deps install_data --install-dir /home/robofei/Desktop/visao_ws/install/vision_test
[3.106s] INFO:colcon.colcon_core.shell:Creating environment descriptor '/home/robofei/Desktop/visao_ws/build/vision_test/share/vision_test/hook/pythonpath_develop.dsv'
[3.107s] INFO:colcon.colcon_core.shell:Creating environment hook '/home/robofei/Desktop/visao_ws/build/vision_test/share/vision_test/hook/pythonpath_develop.sh'
[3.111s] Level 1:colcon.colcon_core.environment:checking '/home/robofei/Desktop/visao_ws/install/vision_test' for CMake module files
[3.112s] Level 1:colcon.colcon_core.environment:checking '/home/robofei/Desktop/visao_ws/install/vision_test' for CMake config files
[3.113s] Level 1:colcon.colcon_core.environment:checking '/home/robofei/Desktop/visao_ws/install/vision_test/lib'
[3.113s] Level 1:colcon.colcon_core.environment:checking '/home/robofei/Desktop/visao_ws/install/vision_test/bin'
[3.114s] Level 1:colcon.colcon_core.environment:checking '/home/robofei/Desktop/visao_ws/install/vision_test/lib/pkgconfig/vision_test.pc'
[3.114s] Level 1:colcon.colcon_core.environment:checking '/home/robofei/Desktop/visao_ws/install/vision_test/lib/python3.8/site-packages'
[3.114s] Level 1:colcon.colcon_core.shell:create_environment_hook('vision_test', 'pythonpath')
[3.117s] INFO:colcon.colcon_core.shell:Creating environment hook '/home/robofei/Desktop/visao_ws/install/vision_test/share/vision_test/hook/pythonpath.ps1'
[3.118s] INFO:colcon.colcon_core.shell:Creating environment descriptor '/home/robofei/Desktop/visao_ws/install/vision_test/share/vision_test/hook/pythonpath.dsv'
[3.118s] INFO:colcon.colcon_core.shell:Creating environment hook '/home/robofei/Desktop/visao_ws/install/vision_test/share/vision_test/hook/pythonpath.sh'
[3.119s] Level 1:colcon.colcon_core.environment:checking '/home/robofei/Desktop/visao_ws/install/vision_test/bin'
[3.119s] Level 1:colcon.colcon_core.environment:create_environment_scripts_only(vision_test)
[3.122s] INFO:colcon.colcon_core.shell:Creating package script '/home/robofei/Desktop/visao_ws/install/vision_test/share/vision_test/package.ps1'
[3.123s] INFO:colcon.colcon_core.shell:Creating package descriptor '/home/robofei/Desktop/visao_ws/install/vision_test/share/vision_test/package.dsv'
[3.123s] INFO:colcon.colcon_core.shell:Creating package script '/home/robofei/Desktop/visao_ws/install/vision_test/share/vision_test/package.sh'
[3.124s] INFO:colcon.colcon_core.shell:Creating package script '/home/robofei/Desktop/visao_ws/install/vision_test/share/vision_test/package.bash'
[3.124s] INFO:colcon.colcon_core.shell:Creating package script '/home/robofei/Desktop/visao_ws/install/vision_test/share/vision_test/package.zsh'
[3.125s] Level 1:colcon.colcon_core.environment:create_file_with_runtime_dependencies(/home/robofei/Desktop/visao_ws/install/vision_test/share/colcon-core/packages/vision_test)
[3.125s] DEBUG:colcon.colcon_parallel_executor.executor.parallel:closing loop
[3.126s] DEBUG:colcon.colcon_parallel_executor.executor.parallel:loop closed
[3.126s] DEBUG:colcon.colcon_parallel_executor.executor.parallel:run_until_complete finished with '0'
[3.126s] DEBUG:colcon.colcon_core.event_reactor:joining thread
[3.138s] INFO:colcon.colcon_core.plugin_system:Skipping extension 'colcon_notification.desktop_notification.terminal_notifier': Not used on non-Darwin systems
[3.138s] INFO:colcon.colcon_core.plugin_system:Skipping extension 'colcon_notification.desktop_notification.win32': Not used on non-Windows systems
[3.138s] INFO:colcon.colcon_notification.desktop_notification:Sending desktop notification using 'notify2'
[3.159s] DEBUG:colcon.colcon_core.event_reactor:joined thread
[3.162s] INFO:colcon.colcon_core.shell:Creating prefix script '/home/robofei/Desktop/visao_ws/install/local_setup.ps1'
[3.164s] INFO:colcon.colcon_core.shell:Creating prefix util module '/home/robofei/Desktop/visao_ws/install/_local_setup_util_ps1.py'
[3.167s] INFO:colcon.colcon_core.shell:Creating prefix chain script '/home/robofei/Desktop/visao_ws/install/setup.ps1'
[3.170s] INFO:colcon.colcon_core.shell:Creating prefix script '/home/robofei/Desktop/visao_ws/install/local_setup.sh'
[3.171s] INFO:colcon.colcon_core.shell:Creating prefix util module '/home/robofei/Desktop/visao_ws/install/_local_setup_util_sh.py'
[3.172s] INFO:colcon.colcon_core.shell:Creating prefix chain script '/home/robofei/Desktop/visao_ws/install/setup.sh'
[3.175s] INFO:colcon.colcon_core.shell:Creating prefix script '/home/robofei/Desktop/visao_ws/install/local_setup.bash'
[3.176s] INFO:colcon.colcon_core.shell:Creating prefix chain script '/home/robofei/Desktop/visao_ws/install/setup.bash'
[3.178s] INFO:colcon.colcon_core.shell:Creating prefix script '/home/robofei/Desktop/visao_ws/install/local_setup.zsh'
[3.179s] INFO:colcon.colcon_core.shell:Creating prefix chain script '/home/robofei/Desktop/visao_ws/install/setup.zsh'
