[2.228s] DEBUG:colcon:Command line arguments: ['/usr/bin/colcon', 'build', '--symlink-install']
[2.228s] DEBUG:colcon:Parsed command line arguments: Namespace(allow_overriding=[], ament_cmake_args=None, base_paths=['.'], build_base='build', catkin_cmake_args=None, catkin_skip_building_tests=False, cmake_args=None, cmake_clean_cache=False, cmake_clean_first=False, cmake_force_configure=False, cmake_target=None, cmake_target_skip_unavailable=False, continue_on_error=False, event_handlers=None, executor='parallel', ignore_user_meta=False, install_base='install', log_base=None, log_level=None, main=<bound method BuildVerb.main of <colcon_core.verb.build.BuildVerb object at 0x7f66df395100>>, merge_install=False, metas=['./colcon.meta'], packages_above=None, packages_above_and_dependencies=None, packages_above_depth=None, packages_end=None, packages_ignore=None, packages_ignore_regex=None, packages_select=None, packages_select_build_failed=False, packages_select_by_dep=None, packages_select_regex=None, packages_select_test_failures=False, packages_skip=None, packages_skip_build_finished=False, packages_skip_by_dep=None, packages_skip_regex=None, packages_skip_test_passed=False, packages_skip_up_to=None, packages_start=None, packages_up_to=None, packages_up_to_regex=None, parallel_workers=4, paths=None, symlink_install=True, test_result_base=None, verb_extension=<colcon_core.verb.build.BuildVerb object at 0x7f66df395100>, verb_name='build', verb_parser=<colcon_defaults.argument_parser.defaults.DefaultArgumentsDecorator object at 0x7f66df395580>)
[2.559s] Level 1:colcon.colcon_core.package_discovery:discover_packages(colcon_meta) check parameters
[2.559s] Level 1:colcon.colcon_core.package_discovery:discover_packages(recursive) check parameters
[2.559s] Level 1:colcon.colcon_core.package_discovery:discover_packages(ignore) check parameters
[2.559s] Level 1:colcon.colcon_core.package_discovery:discover_packages(path) check parameters
[2.559s] Level 1:colcon.colcon_core.package_discovery:discover_packages(colcon_meta) discover
[2.559s] Level 1:colcon.colcon_core.package_discovery:discover_packages(recursive) discover
[2.559s] INFO:colcon.colcon_core.package_discovery:Crawling recursively for packages in '/home/robofei/Desktop/visao_ws'
[2.559s] Level 1:colcon.colcon_core.package_identification:_identify(.) by extensions ['ignore', 'ignore_ament_install']
[2.560s] Level 1:colcon.colcon_core.package_identification:_identify(.) by extension 'ignore'
[2.560s] Level 1:colcon.colcon_core.package_identification:_identify(.) by extension 'ignore_ament_install'
[2.560s] Level 1:colcon.colcon_core.package_identification:_identify(.) by extensions ['colcon_pkg']
[2.560s] Level 1:colcon.colcon_core.package_identification:_identify(.) by extension 'colcon_pkg'
[2.560s] Level 1:colcon.colcon_core.package_identification:_identify(.) by extensions ['colcon_meta']
[2.560s] Level 1:colcon.colcon_core.package_identification:_identify(.) by extension 'colcon_meta'
[2.560s] Level 1:colcon.colcon_core.package_identification:_identify(.) by extensions ['ros']
[2.560s] Level 1:colcon.colcon_core.package_identification:_identify(.) by extension 'ros'
[2.573s] Level 1:colcon.colcon_core.package_identification:_identify(.) by extensions ['cmake', 'python']
[2.573s] Level 1:colcon.colcon_core.package_identification:_identify(.) by extension 'cmake'
[2.573s] Level 1:colcon.colcon_core.package_identification:_identify(.) by extension 'python'
[2.573s] Level 1:colcon.colcon_core.package_identification:_identify(.) by extensions ['python_setup_py']
[2.574s] Level 1:colcon.colcon_core.package_identification:_identify(.) by extension 'python_setup_py'
[2.574s] Level 1:colcon.colcon_core.package_identification:_identify(build) by extensions ['ignore', 'ignore_ament_install']
[2.574s] Level 1:colcon.colcon_core.package_identification:_identify(build) by extension 'ignore'
[2.574s] Level 1:colcon.colcon_core.package_identification:_identify(build) ignored
[2.574s] Level 1:colcon.colcon_core.package_identification:_identify(custom_interfaces) by extensions ['ignore', 'ignore_ament_install']
[2.574s] Level 1:colcon.colcon_core.package_identification:_identify(custom_interfaces) by extension 'ignore'
[2.574s] Level 1:colcon.colcon_core.package_identification:_identify(custom_interfaces) by extension 'ignore_ament_install'
[2.574s] Level 1:colcon.colcon_core.package_identification:_identify(custom_interfaces) by extensions ['colcon_pkg']
[2.574s] Level 1:colcon.colcon_core.package_identification:_identify(custom_interfaces) by extension 'colcon_pkg'
[2.574s] Level 1:colcon.colcon_core.package_identification:_identify(custom_interfaces) by extensions ['colcon_meta']
[2.574s] Level 1:colcon.colcon_core.package_identification:_identify(custom_interfaces) by extension 'colcon_meta'
[2.574s] Level 1:colcon.colcon_core.package_identification:_identify(custom_interfaces) by extensions ['ros']
[2.574s] Level 1:colcon.colcon_core.package_identification:_identify(custom_interfaces) by extension 'ros'
[2.614s] DEBUG:colcon.colcon_core.package_identification:Package 'custom_interfaces' with type 'ros.ament_cmake' and name 'custom_interfaces'
[2.615s] Level 1:colcon.colcon_core.package_identification:_identify(install) by extensions ['ignore', 'ignore_ament_install']
[2.615s] Level 1:colcon.colcon_core.package_identification:_identify(install) by extension 'ignore'
[2.615s] Level 1:colcon.colcon_core.package_identification:_identify(install) ignored
[2.615s] Level 1:colcon.colcon_core.package_identification:_identify(log) by extensions ['ignore', 'ignore_ament_install']
[2.615s] Level 1:colcon.colcon_core.package_identification:_identify(log) by extension 'ignore'
[2.615s] Level 1:colcon.colcon_core.package_identification:_identify(log) ignored
[2.615s] Level 1:colcon.colcon_core.package_identification:_identify(vision_test) by extensions ['ignore', 'ignore_ament_install']
[2.615s] Level 1:colcon.colcon_core.package_identification:_identify(vision_test) by extension 'ignore'
[2.615s] Level 1:colcon.colcon_core.package_identification:_identify(vision_test) by extension 'ignore_ament_install'
[2.615s] Level 1:colcon.colcon_core.package_identification:_identify(vision_test) by extensions ['colcon_pkg']
[2.615s] Level 1:colcon.colcon_core.package_identification:_identify(vision_test) by extension 'colcon_pkg'
[2.616s] Level 1:colcon.colcon_core.package_identification:_identify(vision_test) by extensions ['colcon_meta']
[2.616s] Level 1:colcon.colcon_core.package_identification:_identify(vision_test) by extension 'colcon_meta'
[2.616s] Level 1:colcon.colcon_core.package_identification:_identify(vision_test) by extensions ['ros']
[2.616s] Level 1:colcon.colcon_core.package_identification:_identify(vision_test) by extension 'ros'
[2.637s] DEBUG:colcon.colcon_core.package_identification:Package 'vision_test' with type 'ros.ament_python' and name 'vision_test'
[2.637s] Level 1:colcon.colcon_core.package_discovery:discover_packages(recursive) using defaults
[2.637s] Level 1:colcon.colcon_core.package_discovery:discover_packages(ignore) discover
[2.637s] Level 1:colcon.colcon_core.package_discovery:discover_packages(ignore) using defaults
[2.637s] Level 1:colcon.colcon_core.package_discovery:discover_packages(path) discover
[2.637s] Level 1:colcon.colcon_core.package_discovery:discover_packages(path) using defaults
[2.802s] Level 1:colcon.colcon_core.package_discovery:discover_packages(prefix_path) check parameters
[2.803s] Level 1:colcon.colcon_core.package_discovery:discover_packages(prefix_path) discover
[2.891s] DEBUG:colcon.colcon_installed_package_information.package_discovery:Found 2 installed packages in /home/robofei/Desktop/visao_ws/install
[2.904s] DEBUG:colcon.colcon_installed_package_information.package_discovery:Found 291 installed packages in /opt/ros/foxy
[2.912s] Level 1:colcon.colcon_core.package_discovery:discover_packages(prefix_path) using defaults
[4.063s] Level 5:colcon.colcon_core.verb:set package 'custom_interfaces' build argument 'cmake_args' from command line to 'None'
[4.064s] Level 5:colcon.colcon_core.verb:set package 'custom_interfaces' build argument 'cmake_target' from command line to 'None'
[4.064s] Level 5:colcon.colcon_core.verb:set package 'custom_interfaces' build argument 'cmake_target_skip_unavailable' from command line to 'False'
[4.065s] Level 5:colcon.colcon_core.verb:set package 'custom_interfaces' build argument 'cmake_clean_cache' from command line to 'False'
[4.065s] Level 5:colcon.colcon_core.verb:set package 'custom_interfaces' build argument 'cmake_clean_first' from command line to 'False'
[4.065s] Level 5:colcon.colcon_core.verb:set package 'custom_interfaces' build argument 'cmake_force_configure' from command line to 'False'
[4.065s] Level 5:colcon.colcon_core.verb:set package 'custom_interfaces' build argument 'ament_cmake_args' from command line to 'None'
[4.066s] Level 5:colcon.colcon_core.verb:set package 'custom_interfaces' build argument 'catkin_cmake_args' from command line to 'None'
[4.066s] Level 5:colcon.colcon_core.verb:set package 'custom_interfaces' build argument 'catkin_skip_building_tests' from command line to 'False'
[4.066s] DEBUG:colcon.colcon_core.verb:Building package 'custom_interfaces' with the following arguments: {'ament_cmake_args': None, 'build_base': '/home/robofei/Desktop/visao_ws/build/custom_interfaces', 'catkin_cmake_args': None, 'catkin_skip_building_tests': False, 'cmake_args': None, 'cmake_clean_cache': False, 'cmake_clean_first': False, 'cmake_force_configure': False, 'cmake_target': None, 'cmake_target_skip_unavailable': False, 'install_base': '/home/robofei/Desktop/visao_ws/install/custom_interfaces', 'merge_install': False, 'path': '/home/robofei/Desktop/visao_ws/custom_interfaces', 'symlink_install': True, 'test_result_base': None}
[4.071s] Level 5:colcon.colcon_core.verb:set package 'vision_test' build argument 'cmake_args' from command line to 'None'
[4.071s] Level 5:colcon.colcon_core.verb:set package 'vision_test' build argument 'cmake_target' from command line to 'None'
[4.071s] Level 5:colcon.colcon_core.verb:set package 'vision_test' build argument 'cmake_target_skip_unavailable' from command line to 'False'
[4.071s] Level 5:colcon.colcon_core.verb:set package 'vision_test' build argument 'cmake_clean_cache' from command line to 'False'
[4.071s] Level 5:colcon.colcon_core.verb:set package 'vision_test' build argument 'cmake_clean_first' from command line to 'False'
[4.072s] Level 5:colcon.colcon_core.verb:set package 'vision_test' build argument 'cmake_force_configure' from command line to 'False'
[4.072s] Level 5:colcon.colcon_core.verb:set package 'vision_test' build argument 'ament_cmake_args' from command line to 'None'
[4.072s] Level 5:colcon.colcon_core.verb:set package 'vision_test' build argument 'catkin_cmake_args' from command line to 'None'
[4.072s] Level 5:colcon.colcon_core.verb:set package 'vision_test' build argument 'catkin_skip_building_tests' from command line to 'False'
[4.072s] DEBUG:colcon.colcon_core.verb:Building package 'vision_test' with the following arguments: {'ament_cmake_args': None, 'build_base': '/home/robofei/Desktop/visao_ws/build/vision_test', 'catkin_cmake_args': None, 'catkin_skip_building_tests': False, 'cmake_args': None, 'cmake_clean_cache': False, 'cmake_clean_first': False, 'cmake_force_configure': False, 'cmake_target': None, 'cmake_target_skip_unavailable': False, 'install_base': '/home/robofei/Desktop/visao_ws/install/vision_test', 'merge_install': False, 'path': '/home/robofei/Desktop/visao_ws/vision_test', 'symlink_install': True, 'test_result_base': None}
[4.074s] INFO:colcon.colcon_core.executor:Executing jobs using 'parallel' executor
[4.083s] DEBUG:colcon.colcon_parallel_executor.executor.parallel:run_until_complete
[4.083s] INFO:colcon.colcon_ros.task.ament_cmake.build:Building ROS package in '/home/robofei/Desktop/visao_ws/custom_interfaces' with build type 'ament_cmake'
[4.083s] INFO:colcon.colcon_cmake.task.cmake.build:Building CMake package in '/home/robofei/Desktop/visao_ws/custom_interfaces'
[4.235s] INFO:colcon.colcon_core.plugin_system:Skipping extension 'colcon_core.shell.bat': Not used on non-Windows systems
[4.236s] INFO:colcon.colcon_core.shell:Skip shell extension 'powershell' for command environment: Not usable outside of PowerShell
[4.236s] DEBUG:colcon.colcon_core.shell:Skip shell extension 'dsv' for command environment
[4.272s] INFO:colcon.colcon_ros.task.ament_python.build:Building ROS package in '/home/robofei/Desktop/visao_ws/vision_test' with build type 'ament_python'
[4.273s] Level 1:colcon.colcon_core.shell:create_environment_hook('vision_test', 'ament_prefix_path')
[4.277s] INFO:colcon.colcon_core.shell:Creating environment hook '/home/robofei/Desktop/visao_ws/install/vision_test/share/vision_test/hook/ament_prefix_path.ps1'
[4.307s] INFO:colcon.colcon_core.shell:Creating environment descriptor '/home/robofei/Desktop/visao_ws/install/vision_test/share/vision_test/hook/ament_prefix_path.dsv'
[4.308s] INFO:colcon.colcon_core.shell:Creating environment hook '/home/robofei/Desktop/visao_ws/install/vision_test/share/vision_test/hook/ament_prefix_path.sh'
[4.312s] INFO:colcon.colcon_core.shell:Skip shell extension 'powershell' for command environment: Not usable outside of PowerShell
[4.312s] DEBUG:colcon.colcon_core.shell:Skip shell extension 'dsv' for command environment
[4.368s] DEBUG:colcon.colcon_core.event_handler.log_command:Invoking command in '/home/robofei/Desktop/visao_ws/build/custom_interfaces': CMAKE_PREFIX_PATH=${CMAKE_PREFIX_PATH}:/home/robofei/Desktop/visao_ws/install/vision_test:/opt/ros/foxy /usr/bin/cmake --build /home/robofei/Desktop/visao_ws/build/custom_interfaces -- -j4 -l4
[4.734s] INFO:colcon.colcon_core.task.python.build:Building Python package in '/home/robofei/Desktop/visao_ws/vision_test'
[4.737s] INFO:colcon.colcon_core.shell:Skip shell extension 'powershell' for command environment: Not usable outside of PowerShell
[4.737s] DEBUG:colcon.colcon_core.shell:Skip shell extension 'dsv' for command environment
[7.740s] DEBUG:colcon.colcon_core.event_handler.log_command:Invoked command in '/home/robofei/Desktop/visao_ws/build/custom_interfaces' returned '0': CMAKE_PREFIX_PATH=${CMAKE_PREFIX_PATH}:/home/robofei/Desktop/visao_ws/install/vision_test:/opt/ros/foxy /usr/bin/cmake --build /home/robofei/Desktop/visao_ws/build/custom_interfaces -- -j4 -l4
[8.003s] DEBUG:colcon.colcon_core.event_handler.log_command:Invoking command in '/home/robofei/Desktop/visao_ws/build/custom_interfaces': CMAKE_PREFIX_PATH=${CMAKE_PREFIX_PATH}:/home/robofei/Desktop/visao_ws/install/vision_test:/opt/ros/foxy /usr/bin/cmake --install /home/robofei/Desktop/visao_ws/build/custom_interfaces
[9.251s] Level 1:colcon.colcon_core.environment:create_environment_scripts_only(custom_interfaces)
[9.253s] DEBUG:colcon.colcon_core.event_handler.log_command:Invoked command in '/home/robofei/Desktop/visao_ws/build/custom_interfaces' returned '0': CMAKE_PREFIX_PATH=${CMAKE_PREFIX_PATH}:/home/robofei/Desktop/visao_ws/install/vision_test:/opt/ros/foxy /usr/bin/cmake --install /home/robofei/Desktop/visao_ws/build/custom_interfaces
[9.623s] Level 1:colcon.colcon_core.environment:checking '/home/robofei/Desktop/visao_ws/install/custom_interfaces' for CMake module files
[9.627s] Level 1:colcon.colcon_core.environment:checking '/home/robofei/Desktop/visao_ws/install/custom_interfaces' for CMake config files
[9.637s] Level 1:colcon.colcon_core.shell:create_environment_hook('custom_interfaces', 'cmake_prefix_path')
[9.652s] INFO:colcon.colcon_core.shell:Creating environment hook '/home/robofei/Desktop/visao_ws/install/custom_interfaces/share/custom_interfaces/hook/cmake_prefix_path.ps1'
[9.654s] INFO:colcon.colcon_core.shell:Creating environment descriptor '/home/robofei/Desktop/visao_ws/install/custom_interfaces/share/custom_interfaces/hook/cmake_prefix_path.dsv'
[9.655s] INFO:colcon.colcon_core.shell:Creating environment hook '/home/robofei/Desktop/visao_ws/install/custom_interfaces/share/custom_interfaces/hook/cmake_prefix_path.sh'
[9.656s] Level 1:colcon.colcon_core.environment:checking '/home/robofei/Desktop/visao_ws/install/custom_interfaces/lib'
[9.657s] Level 1:colcon.colcon_core.shell:create_environment_hook('custom_interfaces', 'ld_library_path_lib')
[9.661s] INFO:colcon.colcon_core.shell:Creating environment hook '/home/robofei/Desktop/visao_ws/install/custom_interfaces/share/custom_interfaces/hook/ld_library_path_lib.ps1'
[9.662s] INFO:colcon.colcon_core.shell:Creating environment descriptor '/home/robofei/Desktop/visao_ws/install/custom_interfaces/share/custom_interfaces/hook/ld_library_path_lib.dsv'
[9.662s] INFO:colcon.colcon_core.shell:Creating environment hook '/home/robofei/Desktop/visao_ws/install/custom_interfaces/share/custom_interfaces/hook/ld_library_path_lib.sh'
[9.663s] Level 1:colcon.colcon_core.environment:checking '/home/robofei/Desktop/visao_ws/install/custom_interfaces/bin'
[9.663s] Level 1:colcon.colcon_core.environment:checking '/home/robofei/Desktop/visao_ws/install/custom_interfaces/lib/pkgconfig/custom_interfaces.pc'
[9.664s] Level 1:colcon.colcon_core.environment:checking '/home/robofei/Desktop/visao_ws/install/custom_interfaces/lib/python3.8/site-packages'
[9.664s] Level 1:colcon.colcon_core.shell:create_environment_hook('custom_interfaces', 'pythonpath')
[9.666s] INFO:colcon.colcon_core.shell:Creating environment hook '/home/robofei/Desktop/visao_ws/install/custom_interfaces/share/custom_interfaces/hook/pythonpath.ps1'
[9.667s] INFO:colcon.colcon_core.shell:Creating environment descriptor '/home/robofei/Desktop/visao_ws/install/custom_interfaces/share/custom_interfaces/hook/pythonpath.dsv'
[9.667s] INFO:colcon.colcon_core.shell:Creating environment hook '/home/robofei/Desktop/visao_ws/install/custom_interfaces/share/custom_interfaces/hook/pythonpath.sh'
[9.669s] Level 1:colcon.colcon_core.environment:checking '/home/robofei/Desktop/visao_ws/install/custom_interfaces/bin'
[9.671s] INFO:colcon.colcon_core.shell:Creating package script '/home/robofei/Desktop/visao_ws/install/custom_interfaces/share/custom_interfaces/package.ps1'
[9.687s] INFO:colcon.colcon_core.shell:Creating package descriptor '/home/robofei/Desktop/visao_ws/install/custom_interfaces/share/custom_interfaces/package.dsv'
[9.703s] INFO:colcon.colcon_core.shell:Creating package script '/home/robofei/Desktop/visao_ws/install/custom_interfaces/share/custom_interfaces/package.sh'
[9.704s] INFO:colcon.colcon_core.shell:Creating package script '/home/robofei/Desktop/visao_ws/install/custom_interfaces/share/custom_interfaces/package.bash'
[9.740s] INFO:colcon.colcon_core.shell:Creating package script '/home/robofei/Desktop/visao_ws/install/custom_interfaces/share/custom_interfaces/package.zsh'
[9.758s] Level 1:colcon.colcon_core.environment:create_file_with_runtime_dependencies(/home/robofei/Desktop/visao_ws/install/custom_interfaces/share/colcon-core/packages/custom_interfaces)
[10.024s] Level 1:colcon.colcon_core.environment:create_environment_scripts_only(custom_interfaces)
[10.028s] Level 1:colcon.colcon_core.environment:checking '/home/robofei/Desktop/visao_ws/install/custom_interfaces' for CMake module files
[10.029s] Level 1:colcon.colcon_core.environment:checking '/home/robofei/Desktop/visao_ws/install/custom_interfaces' for CMake config files
[10.032s] Level 1:colcon.colcon_core.shell:create_environment_hook('custom_interfaces', 'cmake_prefix_path')
[10.035s] INFO:colcon.colcon_core.shell:Creating environment hook '/home/robofei/Desktop/visao_ws/install/custom_interfaces/share/custom_interfaces/hook/cmake_prefix_path.ps1'
[10.035s] INFO:colcon.colcon_core.shell:Creating environment descriptor '/home/robofei/Desktop/visao_ws/install/custom_interfaces/share/custom_interfaces/hook/cmake_prefix_path.dsv'
[10.036s] INFO:colcon.colcon_core.shell:Creating environment hook '/home/robofei/Desktop/visao_ws/install/custom_interfaces/share/custom_interfaces/hook/cmake_prefix_path.sh'
[10.036s] Level 1:colcon.colcon_core.environment:checking '/home/robofei/Desktop/visao_ws/install/custom_interfaces/lib'
[10.036s] Level 1:colcon.colcon_core.shell:create_environment_hook('custom_interfaces', 'ld_library_path_lib')
[10.038s] INFO:colcon.colcon_core.shell:Creating environment hook '/home/robofei/Desktop/visao_ws/install/custom_interfaces/share/custom_interfaces/hook/ld_library_path_lib.ps1'
[10.039s] INFO:colcon.colcon_core.shell:Creating environment descriptor '/home/robofei/Desktop/visao_ws/install/custom_interfaces/share/custom_interfaces/hook/ld_library_path_lib.dsv'
[10.039s] INFO:colcon.colcon_core.shell:Creating environment hook '/home/robofei/Desktop/visao_ws/install/custom_interfaces/share/custom_interfaces/hook/ld_library_path_lib.sh'
[10.040s] Level 1:colcon.colcon_core.environment:checking '/home/robofei/Desktop/visao_ws/install/custom_interfaces/bin'
[10.040s] Level 1:colcon.colcon_core.environment:checking '/home/robofei/Desktop/visao_ws/install/custom_interfaces/lib/pkgconfig/custom_interfaces.pc'
[10.040s] Level 1:colcon.colcon_core.environment:checking '/home/robofei/Desktop/visao_ws/install/custom_interfaces/lib/python3.8/site-packages'
[10.040s] Level 1:colcon.colcon_core.shell:create_environment_hook('custom_interfaces', 'pythonpath')
[10.042s] INFO:colcon.colcon_core.shell:Creating environment hook '/home/robofei/Desktop/visao_ws/install/custom_interfaces/share/custom_interfaces/hook/pythonpath.ps1'
[10.042s] INFO:colcon.colcon_core.shell:Creating environment descriptor '/home/robofei/Desktop/visao_ws/install/custom_interfaces/share/custom_interfaces/hook/pythonpath.dsv'
[10.043s] INFO:colcon.colcon_core.shell:Creating environment hook '/home/robofei/Desktop/visao_ws/install/custom_interfaces/share/custom_interfaces/hook/pythonpath.sh'
[10.043s] Level 1:colcon.colcon_core.environment:checking '/home/robofei/Desktop/visao_ws/install/custom_interfaces/bin'
[10.045s] INFO:colcon.colcon_core.shell:Creating package script '/home/robofei/Desktop/visao_ws/install/custom_interfaces/share/custom_interfaces/package.ps1'
[10.046s] INFO:colcon.colcon_core.shell:Creating package descriptor '/home/robofei/Desktop/visao_ws/install/custom_interfaces/share/custom_interfaces/package.dsv'
[10.046s] INFO:colcon.colcon_core.shell:Creating package script '/home/robofei/Desktop/visao_ws/install/custom_interfaces/share/custom_interfaces/package.sh'
[10.047s] INFO:colcon.colcon_core.shell:Creating package script '/home/robofei/Desktop/visao_ws/install/custom_interfaces/share/custom_interfaces/package.bash'
[10.047s] INFO:colcon.colcon_core.shell:Creating package script '/home/robofei/Desktop/visao_ws/install/custom_interfaces/share/custom_interfaces/package.zsh'
[10.048s] Level 1:colcon.colcon_core.environment:create_file_with_runtime_dependencies(/home/robofei/Desktop/visao_ws/install/custom_interfaces/share/colcon-core/packages/custom_interfaces)
[10.148s] DEBUG:colcon.colcon_core.event_handler.log_command:Invoking command in '/home/robofei/Desktop/visao_ws/build/vision_test': PYTHONPATH=/home/robofei/Desktop/visao_ws/install/vision_test/lib/python3.8/site-packages:${PYTHONPATH} /usr/bin/python3 setup.py develop --prefix /home/robofei/Desktop/visao_ws/install/vision_test --editable --build-directory /home/robofei/Desktop/visao_ws/build/vision_test/build --no-deps install_data --install-dir /home/robofei/Desktop/visao_ws/install/vision_test
[11.039s] Level 1:colcon.colcon_core.shell:create_environment_hook('vision_test', 'pythonpath_develop')
[11.041s] INFO:colcon.colcon_core.shell:Creating environment hook '/home/robofei/Desktop/visao_ws/build/vision_test/share/vision_test/hook/pythonpath_develop.ps1'
[11.042s] INFO:colcon.colcon_core.shell:Creating environment descriptor '/home/robofei/Desktop/visao_ws/build/vision_test/share/vision_test/hook/pythonpath_develop.dsv'
[11.043s] INFO:colcon.colcon_core.shell:Creating environment hook '/home/robofei/Desktop/visao_ws/build/vision_test/share/vision_test/hook/pythonpath_develop.sh'
[11.046s] Level 1:colcon.colcon_core.environment:checking '/home/robofei/Desktop/visao_ws/install/vision_test' for CMake module files
[11.046s] Level 1:colcon.colcon_core.environment:checking '/home/robofei/Desktop/visao_ws/install/vision_test' for CMake config files
[11.047s] Level 1:colcon.colcon_core.environment:checking '/home/robofei/Desktop/visao_ws/install/vision_test/lib'
[11.047s] Level 1:colcon.colcon_core.environment:checking '/home/robofei/Desktop/visao_ws/install/vision_test/bin'
[11.047s] Level 1:colcon.colcon_core.environment:checking '/home/robofei/Desktop/visao_ws/install/vision_test/lib/pkgconfig/vision_test.pc'
[11.048s] Level 1:colcon.colcon_core.environment:checking '/home/robofei/Desktop/visao_ws/install/vision_test/lib/python3.8/site-packages'
[11.048s] Level 1:colcon.colcon_core.shell:create_environment_hook('vision_test', 'pythonpath')
[11.049s] INFO:colcon.colcon_core.shell:Creating environment hook '/home/robofei/Desktop/visao_ws/install/vision_test/share/vision_test/hook/pythonpath.ps1'
[11.050s] INFO:colcon.colcon_core.shell:Creating environment descriptor '/home/robofei/Desktop/visao_ws/install/vision_test/share/vision_test/hook/pythonpath.dsv'
[11.050s] INFO:colcon.colcon_core.shell:Creating environment hook '/home/robofei/Desktop/visao_ws/install/vision_test/share/vision_test/hook/pythonpath.sh'
[11.051s] Level 1:colcon.colcon_core.environment:checking '/home/robofei/Desktop/visao_ws/install/vision_test/bin'
[11.051s] Level 1:colcon.colcon_core.environment:create_environment_scripts_only(vision_test)
[11.053s] INFO:colcon.colcon_core.shell:Creating package script '/home/robofei/Desktop/visao_ws/install/vision_test/share/vision_test/package.ps1'
[11.053s] DEBUG:colcon.colcon_core.event_handler.log_command:Invoked command in '/home/robofei/Desktop/visao_ws/build/vision_test' returned '0': PYTHONPATH=/home/robofei/Desktop/visao_ws/install/vision_test/lib/python3.8/site-packages:${PYTHONPATH} /usr/bin/python3 setup.py develop --prefix /home/robofei/Desktop/visao_ws/install/vision_test --editable --build-directory /home/robofei/Desktop/visao_ws/build/vision_test/build --no-deps install_data --install-dir /home/robofei/Desktop/visao_ws/install/vision_test
[11.054s] INFO:colcon.colcon_core.shell:Creating package descriptor '/home/robofei/Desktop/visao_ws/install/vision_test/share/vision_test/package.dsv'
[11.055s] INFO:colcon.colcon_core.shell:Creating package script '/home/robofei/Desktop/visao_ws/install/vision_test/share/vision_test/package.sh'
[11.056s] INFO:colcon.colcon_core.shell:Creating package script '/home/robofei/Desktop/visao_ws/install/vision_test/share/vision_test/package.bash'
[11.056s] INFO:colcon.colcon_core.shell:Creating package script '/home/robofei/Desktop/visao_ws/install/vision_test/share/vision_test/package.zsh'
[11.056s] Level 1:colcon.colcon_core.environment:create_file_with_runtime_dependencies(/home/robofei/Desktop/visao_ws/install/vision_test/share/colcon-core/packages/vision_test)
[11.057s] DEBUG:colcon.colcon_parallel_executor.executor.parallel:closing loop
[11.057s] DEBUG:colcon.colcon_parallel_executor.executor.parallel:loop closed
[11.058s] DEBUG:colcon.colcon_parallel_executor.executor.parallel:run_until_complete finished with '0'
[11.058s] DEBUG:colcon.colcon_core.event_reactor:joining thread
[11.095s] INFO:colcon.colcon_core.plugin_system:Skipping extension 'colcon_notification.desktop_notification.terminal_notifier': Not used on non-Darwin systems
[11.096s] INFO:colcon.colcon_core.plugin_system:Skipping extension 'colcon_notification.desktop_notification.win32': Not used on non-Windows systems
[11.096s] INFO:colcon.colcon_notification.desktop_notification:Sending desktop notification using 'notify2'
[11.115s] DEBUG:colcon.colcon_core.event_reactor:joined thread
[11.118s] INFO:colcon.colcon_core.shell:Creating prefix script '/home/robofei/Desktop/visao_ws/install/local_setup.ps1'
[11.148s] INFO:colcon.colcon_core.shell:Creating prefix util module '/home/robofei/Desktop/visao_ws/install/_local_setup_util_ps1.py'
[11.176s] INFO:colcon.colcon_core.shell:Creating prefix chain script '/home/robofei/Desktop/visao_ws/install/setup.ps1'
[11.179s] INFO:colcon.colcon_core.shell:Creating prefix script '/home/robofei/Desktop/visao_ws/install/local_setup.sh'
[11.197s] INFO:colcon.colcon_core.shell:Creating prefix util module '/home/robofei/Desktop/visao_ws/install/_local_setup_util_sh.py'
[11.198s] INFO:colcon.colcon_core.shell:Creating prefix chain script '/home/robofei/Desktop/visao_ws/install/setup.sh'
[11.201s] INFO:colcon.colcon_core.shell:Creating prefix script '/home/robofei/Desktop/visao_ws/install/local_setup.bash'
[11.211s] INFO:colcon.colcon_core.shell:Creating prefix chain script '/home/robofei/Desktop/visao_ws/install/setup.bash'
[11.213s] INFO:colcon.colcon_core.shell:Creating prefix script '/home/robofei/Desktop/visao_ws/install/local_setup.zsh'
[11.219s] INFO:colcon.colcon_core.shell:Creating prefix chain script '/home/robofei/Desktop/visao_ws/install/setup.zsh'
