[0.169s] DEBUG:colcon:Command line arguments: ['/usr/bin/colcon', 'build', '--symlink-install']
[0.169s] DEBUG:colcon:Parsed command line arguments: Namespace(allow_overriding=[], ament_cmake_args=None, base_paths=['.'], build_base='build', catkin_cmake_args=None, catkin_skip_building_tests=False, cmake_args=None, cmake_clean_cache=False, cmake_clean_first=False, cmake_force_configure=False, cmake_target=None, cmake_target_skip_unavailable=False, continue_on_error=False, event_handlers=None, executor='parallel', ignore_user_meta=False, install_base='install', log_base=None, log_level=None, main=<bound method BuildVerb.main of <colcon_core.verb.build.BuildVerb object at 0x7fa0d41eb7c0>>, merge_install=False, metas=['./colcon.meta'], packages_above=None, packages_above_and_dependencies=None, packages_above_depth=None, packages_end=None, packages_ignore=None, packages_ignore_regex=None, packages_select=None, packages_select_build_failed=False, packages_select_by_dep=None, packages_select_regex=None, packages_select_test_failures=False, packages_skip=None, packages_skip_build_finished=False, packages_skip_by_dep=None, packages_skip_regex=None, packages_skip_test_passed=False, packages_skip_up_to=None, packages_start=None, packages_up_to=None, packages_up_to_regex=None, parallel_workers=4, paths=None, symlink_install=True, test_result_base=None, verb_extension=<colcon_core.verb.build.BuildVerb object at 0x7fa0d41eb7c0>, verb_name='build', verb_parser=<colcon_defaults.argument_parser.defaults.DefaultArgumentsDecorator object at 0x7fa0d41f54c0>)
[0.204s] Level 1:colcon.colcon_core.package_discovery:discover_packages(colcon_meta) check parameters
[0.204s] Level 1:colcon.colcon_core.package_discovery:discover_packages(recursive) check parameters
[0.204s] Level 1:colcon.colcon_core.package_discovery:discover_packages(ignore) check parameters
[0.205s] Level 1:colcon.colcon_core.package_discovery:discover_packages(path) check parameters
[0.205s] Level 1:colcon.colcon_core.package_discovery:discover_packages(colcon_meta) discover
[0.205s] Level 1:colcon.colcon_core.package_discovery:discover_packages(recursive) discover
[0.205s] INFO:colcon.colcon_core.package_discovery:Crawling recursively for packages in '/home/robofei/Desktop/visao_ws'
[0.205s] Level 1:colcon.colcon_core.package_identification:_identify(.) by extensions ['ignore', 'ignore_ament_install']
[0.205s] Level 1:colcon.colcon_core.package_identification:_identify(.) by extension 'ignore'
[0.205s] Level 1:colcon.colcon_core.package_identification:_identify(.) by extension 'ignore_ament_install'
[0.205s] Level 1:colcon.colcon_core.package_identification:_identify(.) by extensions ['colcon_pkg']
[0.205s] Level 1:colcon.colcon_core.package_identification:_identify(.) by extension 'colcon_pkg'
[0.205s] Level 1:colcon.colcon_core.package_identification:_identify(.) by extensions ['colcon_meta']
[0.205s] Level 1:colcon.colcon_core.package_identification:_identify(.) by extension 'colcon_meta'
[0.205s] Level 1:colcon.colcon_core.package_identification:_identify(.) by extensions ['ros']
[0.205s] Level 1:colcon.colcon_core.package_identification:_identify(.) by extension 'ros'
[0.217s] Level 1:colcon.colcon_core.package_identification:_identify(.) by extensions ['cmake', 'python']
[0.217s] Level 1:colcon.colcon_core.package_identification:_identify(.) by extension 'cmake'
[0.218s] Level 1:colcon.colcon_core.package_identification:_identify(.) by extension 'python'
[0.218s] Level 1:colcon.colcon_core.package_identification:_identify(.) by extensions ['python_setup_py']
[0.218s] Level 1:colcon.colcon_core.package_identification:_identify(.) by extension 'python_setup_py'
[0.218s] Level 1:colcon.colcon_core.package_identification:_identify(build) by extensions ['ignore', 'ignore_ament_install']
[0.218s] Level 1:colcon.colcon_core.package_identification:_identify(build) by extension 'ignore'
[0.218s] Level 1:colcon.colcon_core.package_identification:_identify(build) ignored
[0.218s] Level 1:colcon.colcon_core.package_identification:_identify(custom_interfaces) by extensions ['ignore', 'ignore_ament_install']
[0.218s] Level 1:colcon.colcon_core.package_identification:_identify(custom_interfaces) by extension 'ignore'
[0.218s] Level 1:colcon.colcon_core.package_identification:_identify(custom_interfaces) by extension 'ignore_ament_install'
[0.218s] Level 1:colcon.colcon_core.package_identification:_identify(custom_interfaces) by extensions ['colcon_pkg']
[0.218s] Level 1:colcon.colcon_core.package_identification:_identify(custom_interfaces) by extension 'colcon_pkg'
[0.218s] Level 1:colcon.colcon_core.package_identification:_identify(custom_interfaces) by extensions ['colcon_meta']
[0.218s] Level 1:colcon.colcon_core.package_identification:_identify(custom_interfaces) by extension 'colcon_meta'
[0.218s] Level 1:colcon.colcon_core.package_identification:_identify(custom_interfaces) by extensions ['ros']
[0.218s] Level 1:colcon.colcon_core.package_identification:_identify(custom_interfaces) by extension 'ros'
[0.221s] DEBUG:colcon.colcon_core.package_identification:Package 'custom_interfaces' with type 'ros.ament_cmake' and name 'custom_interfaces'
[0.221s] Level 1:colcon.colcon_core.package_identification:_identify(install) by extensions ['ignore', 'ignore_ament_install']
[0.221s] Level 1:colcon.colcon_core.package_identification:_identify(install) by extension 'ignore'
[0.221s] Level 1:colcon.colcon_core.package_identification:_identify(install) ignored
[0.221s] Level 1:colcon.colcon_core.package_identification:_identify(log) by extensions ['ignore', 'ignore_ament_install']
[0.222s] Level 1:colcon.colcon_core.package_identification:_identify(log) by extension 'ignore'
[0.222s] Level 1:colcon.colcon_core.package_identification:_identify(log) ignored
[0.222s] Level 1:colcon.colcon_core.package_identification:_identify(vision_test) by extensions ['ignore', 'ignore_ament_install']
[0.222s] Level 1:colcon.colcon_core.package_identification:_identify(vision_test) by extension 'ignore'
[0.222s] Level 1:colcon.colcon_core.package_identification:_identify(vision_test) by extension 'ignore_ament_install'
[0.222s] Level 1:colcon.colcon_core.package_identification:_identify(vision_test) by extensions ['colcon_pkg']
[0.222s] Level 1:colcon.colcon_core.package_identification:_identify(vision_test) by extension 'colcon_pkg'
[0.222s] Level 1:colcon.colcon_core.package_identification:_identify(vision_test) by extensions ['colcon_meta']
[0.222s] Level 1:colcon.colcon_core.package_identification:_identify(vision_test) by extension 'colcon_meta'
[0.222s] Level 1:colcon.colcon_core.package_identification:_identify(vision_test) by extensions ['ros']
[0.222s] Level 1:colcon.colcon_core.package_identification:_identify(vision_test) by extension 'ros'
[0.223s] DEBUG:colcon.colcon_core.package_identification:Package 'vision_test' with type 'ros.ament_python' and name 'vision_test'
[0.223s] Level 1:colcon.colcon_core.package_discovery:discover_packages(recursive) using defaults
[0.223s] Level 1:colcon.colcon_core.package_discovery:discover_packages(ignore) discover
[0.223s] Level 1:colcon.colcon_core.package_discovery:discover_packages(ignore) using defaults
[0.223s] Level 1:colcon.colcon_core.package_discovery:discover_packages(path) discover
[0.223s] Level 1:colcon.colcon_core.package_discovery:discover_packages(path) using defaults
[0.256s] Level 1:colcon.colcon_core.package_discovery:discover_packages(prefix_path) check parameters
[0.256s] Level 1:colcon.colcon_core.package_discovery:discover_packages(prefix_path) discover
[0.260s] DEBUG:colcon.colcon_installed_package_information.package_discovery:Found 2 installed packages in /home/robofei/Desktop/visao_ws/install
[0.262s] DEBUG:colcon.colcon_installed_package_information.package_discovery:Found 291 installed packages in /opt/ros/foxy
[0.264s] Level 1:colcon.colcon_core.package_discovery:discover_packages(prefix_path) using defaults
[0.375s] Level 5:colcon.colcon_core.verb:set package 'custom_interfaces' build argument 'cmake_args' from command line to 'None'
[0.375s] Level 5:colcon.colcon_core.verb:set package 'custom_interfaces' build argument 'cmake_target' from command line to 'None'
[0.375s] Level 5:colcon.colcon_core.verb:set package 'custom_interfaces' build argument 'cmake_target_skip_unavailable' from command line to 'False'
[0.375s] Level 5:colcon.colcon_core.verb:set package 'custom_interfaces' build argument 'cmake_clean_cache' from command line to 'False'
[0.376s] Level 5:colcon.colcon_core.verb:set package 'custom_interfaces' build argument 'cmake_clean_first' from command line to 'False'
[0.376s] Level 5:colcon.colcon_core.verb:set package 'custom_interfaces' build argument 'cmake_force_configure' from command line to 'False'
[0.376s] Level 5:colcon.colcon_core.verb:set package 'custom_interfaces' build argument 'ament_cmake_args' from command line to 'None'
[0.376s] Level 5:colcon.colcon_core.verb:set package 'custom_interfaces' build argument 'catkin_cmake_args' from command line to 'None'
[0.376s] Level 5:colcon.colcon_core.verb:set package 'custom_interfaces' build argument 'catkin_skip_building_tests' from command line to 'False'
[0.376s] DEBUG:colcon.colcon_core.verb:Building package 'custom_interfaces' with the following arguments: {'ament_cmake_args': None, 'build_base': '/home/robofei/Desktop/visao_ws/build/custom_interfaces', 'catkin_cmake_args': None, 'catkin_skip_building_tests': False, 'cmake_args': None, 'cmake_clean_cache': False, 'cmake_clean_first': False, 'cmake_force_configure': False, 'cmake_target': None, 'cmake_target_skip_unavailable': False, 'install_base': '/home/robofei/Desktop/visao_ws/install/custom_interfaces', 'merge_install': False, 'path': '/home/robofei/Desktop/visao_ws/custom_interfaces', 'symlink_install': True, 'test_result_base': None}
[0.379s] Level 5:colcon.colcon_core.verb:set package 'vision_test' build argument 'cmake_args' from command line to 'None'
[0.379s] Level 5:colcon.colcon_core.verb:set package 'vision_test' build argument 'cmake_target' from command line to 'None'
[0.379s] Level 5:colcon.colcon_core.verb:set package 'vision_test' build argument 'cmake_target_skip_unavailable' from command line to 'False'
[0.379s] Level 5:colcon.colcon_core.verb:set package 'vision_test' build argument 'cmake_clean_cache' from command line to 'False'
[0.379s] Level 5:colcon.colcon_core.verb:set package 'vision_test' build argument 'cmake_clean_first' from command line to 'False'
[0.379s] Level 5:colcon.colcon_core.verb:set package 'vision_test' build argument 'cmake_force_configure' from command line to 'False'
[0.379s] Level 5:colcon.colcon_core.verb:set package 'vision_test' build argument 'ament_cmake_args' from command line to 'None'
[0.379s] Level 5:colcon.colcon_core.verb:set package 'vision_test' build argument 'catkin_cmake_args' from command line to 'None'
[0.379s] Level 5:colcon.colcon_core.verb:set package 'vision_test' build argument 'catkin_skip_building_tests' from command line to 'False'
[0.380s] DEBUG:colcon.colcon_core.verb:Building package 'vision_test' with the following arguments: {'ament_cmake_args': None, 'build_base': '/home/robofei/Desktop/visao_ws/build/vision_test', 'catkin_cmake_args': None, 'catkin_skip_building_tests': False, 'cmake_args': None, 'cmake_clean_cache': False, 'cmake_clean_first': False, 'cmake_force_configure': False, 'cmake_target': None, 'cmake_target_skip_unavailable': False, 'install_base': '/home/robofei/Desktop/visao_ws/install/vision_test', 'merge_install': False, 'path': '/home/robofei/Desktop/visao_ws/vision_test', 'symlink_install': True, 'test_result_base': None}
[0.381s] INFO:colcon.colcon_core.executor:Executing jobs using 'parallel' executor
[0.391s] DEBUG:colcon.colcon_parallel_executor.executor.parallel:run_until_complete
[0.392s] INFO:colcon.colcon_ros.task.ament_cmake.build:Building ROS package in '/home/robofei/Desktop/visao_ws/custom_interfaces' with build type 'ament_cmake'
[0.392s] INFO:colcon.colcon_cmake.task.cmake.build:Building CMake package in '/home/robofei/Desktop/visao_ws/custom_interfaces'
[0.402s] INFO:colcon.colcon_core.plugin_system:Skipping extension 'colcon_core.shell.bat': Not used on non-Windows systems
[0.402s] INFO:colcon.colcon_core.shell:Skip shell extension 'powershell' for command environment: Not usable outside of PowerShell
[0.402s] DEBUG:colcon.colcon_core.shell:Skip shell extension 'dsv' for command environment
[0.414s] INFO:colcon.colcon_ros.task.ament_python.build:Building ROS package in '/home/robofei/Desktop/visao_ws/vision_test' with build type 'ament_python'
[0.415s] Level 1:colcon.colcon_core.shell:create_environment_hook('vision_test', 'ament_prefix_path')
[0.419s] INFO:colcon.colcon_core.shell:Creating environment hook '/home/robofei/Desktop/visao_ws/install/vision_test/share/vision_test/hook/ament_prefix_path.ps1'
[0.421s] INFO:colcon.colcon_core.shell:Creating environment descriptor '/home/robofei/Desktop/visao_ws/install/vision_test/share/vision_test/hook/ament_prefix_path.dsv'
[0.422s] INFO:colcon.colcon_core.shell:Creating environment hook '/home/robofei/Desktop/visao_ws/install/vision_test/share/vision_test/hook/ament_prefix_path.sh'
[0.426s] INFO:colcon.colcon_core.shell:Skip shell extension 'powershell' for command environment: Not usable outside of PowerShell
[0.426s] DEBUG:colcon.colcon_core.shell:Skip shell extension 'dsv' for command environment
[0.450s] DEBUG:colcon.colcon_core.event_handler.log_command:Invoking command in '/home/robofei/Desktop/visao_ws/build/custom_interfaces': CMAKE_PREFIX_PATH=${CMAKE_PREFIX_PATH}:/home/robofei/Desktop/visao_ws/install/vision_test:/opt/ros/foxy /usr/bin/cmake --build /home/robofei/Desktop/visao_ws/build/custom_interfaces -- -j4 -l4
[0.977s] INFO:colcon.colcon_core.task.python.build:Building Python package in '/home/robofei/Desktop/visao_ws/vision_test'
[0.981s] INFO:colcon.colcon_core.shell:Skip shell extension 'powershell' for command environment: Not usable outside of PowerShell
[0.981s] DEBUG:colcon.colcon_core.shell:Skip shell extension 'dsv' for command environment
[1.007s] DEBUG:colcon.colcon_core.event_handler.log_command:Invoked command in '/home/robofei/Desktop/visao_ws/build/custom_interfaces' returned '0': CMAKE_PREFIX_PATH=${CMAKE_PREFIX_PATH}:/home/robofei/Desktop/visao_ws/install/vision_test:/opt/ros/foxy /usr/bin/cmake --build /home/robofei/Desktop/visao_ws/build/custom_interfaces -- -j4 -l4
[1.384s] DEBUG:colcon.colcon_core.event_handler.log_command:Invoking command in '/home/robofei/Desktop/visao_ws/build/custom_interfaces': CMAKE_PREFIX_PATH=${CMAKE_PREFIX_PATH}:/home/robofei/Desktop/visao_ws/install/vision_test:/opt/ros/foxy /usr/bin/cmake --install /home/robofei/Desktop/visao_ws/build/custom_interfaces
[1.601s] Level 1:colcon.colcon_core.environment:create_environment_scripts_only(custom_interfaces)
[1.605s] DEBUG:colcon.colcon_core.event_handler.log_command:Invoked command in '/home/robofei/Desktop/visao_ws/build/custom_interfaces' returned '0': CMAKE_PREFIX_PATH=${CMAKE_PREFIX_PATH}:/home/robofei/Desktop/visao_ws/install/vision_test:/opt/ros/foxy /usr/bin/cmake --install /home/robofei/Desktop/visao_ws/build/custom_interfaces
[1.615s] Level 1:colcon.colcon_core.environment:checking '/home/robofei/Desktop/visao_ws/install/custom_interfaces' for CMake module files
[1.616s] Level 1:colcon.colcon_core.environment:checking '/home/robofei/Desktop/visao_ws/install/custom_interfaces' for CMake config files
[1.619s] Level 1:colcon.colcon_core.shell:create_environment_hook('custom_interfaces', 'cmake_prefix_path')
[1.622s] INFO:colcon.colcon_core.shell:Creating environment hook '/home/robofei/Desktop/visao_ws/install/custom_interfaces/share/custom_interfaces/hook/cmake_prefix_path.ps1'
[1.623s] INFO:colcon.colcon_core.shell:Creating environment descriptor '/home/robofei/Desktop/visao_ws/install/custom_interfaces/share/custom_interfaces/hook/cmake_prefix_path.dsv'
[1.624s] INFO:colcon.colcon_core.shell:Creating environment hook '/home/robofei/Desktop/visao_ws/install/custom_interfaces/share/custom_interfaces/hook/cmake_prefix_path.sh'
[1.625s] Level 1:colcon.colcon_core.environment:checking '/home/robofei/Desktop/visao_ws/install/custom_interfaces/lib'
[1.625s] Level 1:colcon.colcon_core.shell:create_environment_hook('custom_interfaces', 'ld_library_path_lib')
[1.628s] INFO:colcon.colcon_core.shell:Creating environment hook '/home/robofei/Desktop/visao_ws/install/custom_interfaces/share/custom_interfaces/hook/ld_library_path_lib.ps1'
[1.629s] INFO:colcon.colcon_core.shell:Creating environment descriptor '/home/robofei/Desktop/visao_ws/install/custom_interfaces/share/custom_interfaces/hook/ld_library_path_lib.dsv'
[1.630s] INFO:colcon.colcon_core.shell:Creating environment hook '/home/robofei/Desktop/visao_ws/install/custom_interfaces/share/custom_interfaces/hook/ld_library_path_lib.sh'
[1.630s] Level 1:colcon.colcon_core.environment:checking '/home/robofei/Desktop/visao_ws/install/custom_interfaces/bin'
[1.630s] Level 1:colcon.colcon_core.environment:checking '/home/robofei/Desktop/visao_ws/install/custom_interfaces/lib/pkgconfig/custom_interfaces.pc'
[1.631s] Level 1:colcon.colcon_core.environment:checking '/home/robofei/Desktop/visao_ws/install/custom_interfaces/lib/python3.8/site-packages'
[1.631s] Level 1:colcon.colcon_core.shell:create_environment_hook('custom_interfaces', 'pythonpath')
[1.634s] INFO:colcon.colcon_core.shell:Creating environment hook '/home/robofei/Desktop/visao_ws/install/custom_interfaces/share/custom_interfaces/hook/pythonpath.ps1'
[1.635s] INFO:colcon.colcon_core.shell:Creating environment descriptor '/home/robofei/Desktop/visao_ws/install/custom_interfaces/share/custom_interfaces/hook/pythonpath.dsv'
[1.635s] INFO:colcon.colcon_core.shell:Creating environment hook '/home/robofei/Desktop/visao_ws/install/custom_interfaces/share/custom_interfaces/hook/pythonpath.sh'
[1.636s] Level 1:colcon.colcon_core.environment:checking '/home/robofei/Desktop/visao_ws/install/custom_interfaces/bin'
[1.640s] INFO:colcon.colcon_core.shell:Creating package script '/home/robofei/Desktop/visao_ws/install/custom_interfaces/share/custom_interfaces/package.ps1'
[1.641s] INFO:colcon.colcon_core.shell:Creating package descriptor '/home/robofei/Desktop/visao_ws/install/custom_interfaces/share/custom_interfaces/package.dsv'
[1.643s] INFO:colcon.colcon_core.shell:Creating package script '/home/robofei/Desktop/visao_ws/install/custom_interfaces/share/custom_interfaces/package.sh'
[1.644s] INFO:colcon.colcon_core.shell:Creating package script '/home/robofei/Desktop/visao_ws/install/custom_interfaces/share/custom_interfaces/package.bash'
[1.646s] INFO:colcon.colcon_core.shell:Creating package script '/home/robofei/Desktop/visao_ws/install/custom_interfaces/share/custom_interfaces/package.zsh'
[1.647s] Level 1:colcon.colcon_core.environment:create_file_with_runtime_dependencies(/home/robofei/Desktop/visao_ws/install/custom_interfaces/share/colcon-core/packages/custom_interfaces)
[1.979s] DEBUG:colcon.colcon_core.event_handler.log_command:Invoking command in '/home/robofei/Desktop/visao_ws/build/vision_test': PYTHONPATH=/home/robofei/Desktop/visao_ws/install/vision_test/lib/python3.8/site-packages:${PYTHONPATH} /usr/bin/python3 setup.py develop --prefix /home/robofei/Desktop/visao_ws/install/vision_test --editable --build-directory /home/robofei/Desktop/visao_ws/build/vision_test/build --no-deps install_data --install-dir /home/robofei/Desktop/visao_ws/install/vision_test
[1.983s] Level 1:colcon.colcon_core.environment:create_environment_scripts_only(custom_interfaces)
[1.988s] Level 1:colcon.colcon_core.environment:checking '/home/robofei/Desktop/visao_ws/install/custom_interfaces' for CMake module files
[1.989s] Level 1:colcon.colcon_core.environment:checking '/home/robofei/Desktop/visao_ws/install/custom_interfaces' for CMake config files
[1.992s] Level 1:colcon.colcon_core.shell:create_environment_hook('custom_interfaces', 'cmake_prefix_path')
[1.994s] INFO:colcon.colcon_core.shell:Creating environment hook '/home/robofei/Desktop/visao_ws/install/custom_interfaces/share/custom_interfaces/hook/cmake_prefix_path.ps1'
[1.995s] INFO:colcon.colcon_core.shell:Creating environment descriptor '/home/robofei/Desktop/visao_ws/install/custom_interfaces/share/custom_interfaces/hook/cmake_prefix_path.dsv'
[1.996s] INFO:colcon.colcon_core.shell:Creating environment hook '/home/robofei/Desktop/visao_ws/install/custom_interfaces/share/custom_interfaces/hook/cmake_prefix_path.sh'
[1.996s] Level 1:colcon.colcon_core.environment:checking '/home/robofei/Desktop/visao_ws/install/custom_interfaces/lib'
[1.997s] Level 1:colcon.colcon_core.shell:create_environment_hook('custom_interfaces', 'ld_library_path_lib')
[2.000s] INFO:colcon.colcon_core.shell:Creating environment hook '/home/robofei/Desktop/visao_ws/install/custom_interfaces/share/custom_interfaces/hook/ld_library_path_lib.ps1'
[2.000s] INFO:colcon.colcon_core.shell:Creating environment descriptor '/home/robofei/Desktop/visao_ws/install/custom_interfaces/share/custom_interfaces/hook/ld_library_path_lib.dsv'
[2.001s] INFO:colcon.colcon_core.shell:Creating environment hook '/home/robofei/Desktop/visao_ws/install/custom_interfaces/share/custom_interfaces/hook/ld_library_path_lib.sh'
[2.002s] Level 1:colcon.colcon_core.environment:checking '/home/robofei/Desktop/visao_ws/install/custom_interfaces/bin'
[2.002s] Level 1:colcon.colcon_core.environment:checking '/home/robofei/Desktop/visao_ws/install/custom_interfaces/lib/pkgconfig/custom_interfaces.pc'
[2.002s] Level 1:colcon.colcon_core.environment:checking '/home/robofei/Desktop/visao_ws/install/custom_interfaces/lib/python3.8/site-packages'
[2.002s] Level 1:colcon.colcon_core.shell:create_environment_hook('custom_interfaces', 'pythonpath')
[2.005s] INFO:colcon.colcon_core.shell:Creating environment hook '/home/robofei/Desktop/visao_ws/install/custom_interfaces/share/custom_interfaces/hook/pythonpath.ps1'
[2.006s] INFO:colcon.colcon_core.shell:Creating environment descriptor '/home/robofei/Desktop/visao_ws/install/custom_interfaces/share/custom_interfaces/hook/pythonpath.dsv'
[2.007s] INFO:colcon.colcon_core.shell:Creating environment hook '/home/robofei/Desktop/visao_ws/install/custom_interfaces/share/custom_interfaces/hook/pythonpath.sh'
[2.008s] Level 1:colcon.colcon_core.environment:checking '/home/robofei/Desktop/visao_ws/install/custom_interfaces/bin'
[2.009s] INFO:colcon.colcon_core.shell:Creating package script '/home/robofei/Desktop/visao_ws/install/custom_interfaces/share/custom_interfaces/package.ps1'
[2.010s] INFO:colcon.colcon_core.shell:Creating package descriptor '/home/robofei/Desktop/visao_ws/install/custom_interfaces/share/custom_interfaces/package.dsv'
[2.011s] INFO:colcon.colcon_core.shell:Creating package script '/home/robofei/Desktop/visao_ws/install/custom_interfaces/share/custom_interfaces/package.sh'
[2.011s] INFO:colcon.colcon_core.shell:Creating package script '/home/robofei/Desktop/visao_ws/install/custom_interfaces/share/custom_interfaces/package.bash'
[2.012s] INFO:colcon.colcon_core.shell:Creating package script '/home/robofei/Desktop/visao_ws/install/custom_interfaces/share/custom_interfaces/package.zsh'
[2.012s] Level 1:colcon.colcon_core.environment:create_file_with_runtime_dependencies(/home/robofei/Desktop/visao_ws/install/custom_interfaces/share/colcon-core/packages/custom_interfaces)
[2.898s] Level 1:colcon.colcon_core.shell:create_environment_hook('vision_test', 'pythonpath_develop')
[2.901s] INFO:colcon.colcon_core.shell:Creating environment hook '/home/robofei/Desktop/visao_ws/build/vision_test/share/vision_test/hook/pythonpath_develop.ps1'
[2.902s] DEBUG:colcon.colcon_core.event_handler.log_command:Invoked command in '/home/robofei/Desktop/visao_ws/build/vision_test' returned '0': PYTHONPATH=/home/robofei/Desktop/visao_ws/install/vision_test/lib/python3.8/site-packages:${PYTHONPATH} /usr/bin/python3 setup.py develop --prefix /home/robofei/Desktop/visao_ws/install/vision_test --editable --build-directory /home/robofei/Desktop/visao_ws/build/vision_test/build --no-deps install_data --install-dir /home/robofei/Desktop/visao_ws/install/vision_test
[2.902s] INFO:colcon.colcon_core.shell:Creating environment descriptor '/home/robofei/Desktop/visao_ws/build/vision_test/share/vision_test/hook/pythonpath_develop.dsv'
[2.903s] INFO:colcon.colcon_core.shell:Creating environment hook '/home/robofei/Desktop/visao_ws/build/vision_test/share/vision_test/hook/pythonpath_develop.sh'
[2.907s] Level 1:colcon.colcon_core.environment:checking '/home/robofei/Desktop/visao_ws/install/vision_test' for CMake module files
[2.907s] Level 1:colcon.colcon_core.environment:checking '/home/robofei/Desktop/visao_ws/install/vision_test' for CMake config files
[2.908s] Level 1:colcon.colcon_core.environment:checking '/home/robofei/Desktop/visao_ws/install/vision_test/lib'
[2.908s] Level 1:colcon.colcon_core.environment:checking '/home/robofei/Desktop/visao_ws/install/vision_test/bin'
[2.908s] Level 1:colcon.colcon_core.environment:checking '/home/robofei/Desktop/visao_ws/install/vision_test/lib/pkgconfig/vision_test.pc'
[2.908s] Level 1:colcon.colcon_core.environment:checking '/home/robofei/Desktop/visao_ws/install/vision_test/lib/python3.8/site-packages'
[2.908s] Level 1:colcon.colcon_core.shell:create_environment_hook('vision_test', 'pythonpath')
[2.910s] INFO:colcon.colcon_core.shell:Creating environment hook '/home/robofei/Desktop/visao_ws/install/vision_test/share/vision_test/hook/pythonpath.ps1'
[2.910s] INFO:colcon.colcon_core.shell:Creating environment descriptor '/home/robofei/Desktop/visao_ws/install/vision_test/share/vision_test/hook/pythonpath.dsv'
[2.911s] INFO:colcon.colcon_core.shell:Creating environment hook '/home/robofei/Desktop/visao_ws/install/vision_test/share/vision_test/hook/pythonpath.sh'
[2.911s] Level 1:colcon.colcon_core.environment:checking '/home/robofei/Desktop/visao_ws/install/vision_test/bin'
[2.911s] Level 1:colcon.colcon_core.environment:create_environment_scripts_only(vision_test)
[2.913s] INFO:colcon.colcon_core.shell:Creating package script '/home/robofei/Desktop/visao_ws/install/vision_test/share/vision_test/package.ps1'
[2.914s] INFO:colcon.colcon_core.shell:Creating package descriptor '/home/robofei/Desktop/visao_ws/install/vision_test/share/vision_test/package.dsv'
[2.915s] INFO:colcon.colcon_core.shell:Creating package script '/home/robofei/Desktop/visao_ws/install/vision_test/share/vision_test/package.sh'
[2.915s] INFO:colcon.colcon_core.shell:Creating package script '/home/robofei/Desktop/visao_ws/install/vision_test/share/vision_test/package.bash'
[2.916s] INFO:colcon.colcon_core.shell:Creating package script '/home/robofei/Desktop/visao_ws/install/vision_test/share/vision_test/package.zsh'
[2.916s] Level 1:colcon.colcon_core.environment:create_file_with_runtime_dependencies(/home/robofei/Desktop/visao_ws/install/vision_test/share/colcon-core/packages/vision_test)
[2.916s] DEBUG:colcon.colcon_parallel_executor.executor.parallel:closing loop
[2.917s] DEBUG:colcon.colcon_parallel_executor.executor.parallel:loop closed
[2.917s] DEBUG:colcon.colcon_parallel_executor.executor.parallel:run_until_complete finished with '0'
[2.917s] DEBUG:colcon.colcon_core.event_reactor:joining thread
[2.927s] INFO:colcon.colcon_core.plugin_system:Skipping extension 'colcon_notification.desktop_notification.terminal_notifier': Not used on non-Darwin systems
[2.927s] INFO:colcon.colcon_core.plugin_system:Skipping extension 'colcon_notification.desktop_notification.win32': Not used on non-Windows systems
[2.927s] INFO:colcon.colcon_notification.desktop_notification:Sending desktop notification using 'notify2'
[2.948s] DEBUG:colcon.colcon_core.event_reactor:joined thread
[2.951s] INFO:colcon.colcon_core.shell:Creating prefix script '/home/robofei/Desktop/visao_ws/install/local_setup.ps1'
[2.953s] INFO:colcon.colcon_core.shell:Creating prefix util module '/home/robofei/Desktop/visao_ws/install/_local_setup_util_ps1.py'
[2.955s] INFO:colcon.colcon_core.shell:Creating prefix chain script '/home/robofei/Desktop/visao_ws/install/setup.ps1'
[2.958s] INFO:colcon.colcon_core.shell:Creating prefix script '/home/robofei/Desktop/visao_ws/install/local_setup.sh'
[2.959s] INFO:colcon.colcon_core.shell:Creating prefix util module '/home/robofei/Desktop/visao_ws/install/_local_setup_util_sh.py'
[2.960s] INFO:colcon.colcon_core.shell:Creating prefix chain script '/home/robofei/Desktop/visao_ws/install/setup.sh'
[2.962s] INFO:colcon.colcon_core.shell:Creating prefix script '/home/robofei/Desktop/visao_ws/install/local_setup.bash'
[2.963s] INFO:colcon.colcon_core.shell:Creating prefix chain script '/home/robofei/Desktop/visao_ws/install/setup.bash'
[2.966s] INFO:colcon.colcon_core.shell:Creating prefix script '/home/robofei/Desktop/visao_ws/install/local_setup.zsh'
[2.967s] INFO:colcon.colcon_core.shell:Creating prefix chain script '/home/robofei/Desktop/visao_ws/install/setup.zsh'
